File /home/cc/datasets/movielens/base.fvecs loaded
Rows 10677 Cols 150
File /home/cc/datasets/movielens/query.fvecs loaded
Rows 1000 Cols 150
File /home/cc/datasets/movielens/groundtruth.ivecs loaded
Rows 1000 Cols 100
FhtKacRotator is selected
Setting entry_point to 6772
	Vectors Copied
Supplementing edges...
Supplementing finished...
Indexing time 2.52618 secs
EF	QPS	Recall
10	49831.7	0.37386
20	44741.5	0.39223
40	34718.5	0.4436
50	31250.1	0.47155
60	28907	0.49745
80	24236.7	0.55089
100	21481.7	0.60232
150	16243.9	0.7241
170	14930	0.76737
190	13839.9	0.80599
200	13381.3	0.82384
250	11314.1	0.89721
300	9462.19	0.94445
400	7213.06	0.98471
500	5814.89	0.99431
600	4744.91	0.99713
700	4041.86	0.9982
800	3464.97	0.9988
1500	1654.26	0.9998
	Command being timed: "./bin/symqg_indexing /home/cc/datasets/movielens/base.fvecs /home/cc/datasets/movielens/query.fvecs /home/cc/datasets/movielens/groundtruth.ivecs 32 64"
	User time (seconds): 9.82
	System time (seconds): 0.03
	Percent of CPU this job got: 99%
	Elapsed (wall clock) time (h:mm:ss or m:ss): 0:09.87
	Average shared text size (kbytes): 0
	Average unshared data size (kbytes): 0
	Average stack size (kbytes): 0
	Average total size (kbytes): 0
	Maximum resident set size (kbytes): 60504
	Average resident set size (kbytes): 0
	Major (requiring I/O) page faults: 0
	Minor (reclaiming a frame) page faults: 10382
	Voluntary context switches: 91
	Involuntary context switches: 16
	Swaps: 0
	File system inputs: 8288
	File system outputs: 16
	Socket messages sent: 0
	Socket messages received: 0
	Signals delivered: 0
	Page size (bytes): 4096
	Exit status: 0
