File /home/cc/datasets/sald1m/base.fvecs loaded
Rows 1000000 Cols 128
File /home/cc/datasets/sald1m/query.fvecs loaded
Rows 100 Cols 128
File /home/cc/datasets/sald1m/groundtruth.ivecs loaded
Rows 100 Cols 100
FhtKacRotator is selected
Setting entry_point to 101708
	Vectors Copied
Supplementing edges...
Supplementing finished...
Indexing time 470.71 secs
EF	QPS	Recall
10	34549.9	0.2809
20	28086.5	0.3167
40	21920.5	0.378
50	20047.9	0.409
60	18373.5	0.4379
80	15383.3	0.4787
100	13440	0.5239
150	10592.4	0.6294
170	9398.74	0.6652
190	8930.07	0.7018
200	8596.87	0.7208
250	7404.9	0.7824
300	6133.96	0.8328
400	4896.12	0.8976
500	3917.5	0.9334
600	3193.1	0.9536
700	2801.84	0.9627
800	2403.23	0.9672
1500	1163.03	0.9774
	Command being timed: "./bin/symqg_indexing /home/cc/datasets/sald1m/base.fvecs /home/cc/datasets/sald1m/query.fvecs /home/cc/datasets/sald1m/groundtruth.ivecs 64 128"
	User time (seconds): 469.01
	System time (seconds): 3.39
	Percent of CPU this job got: 99%
	Elapsed (wall clock) time (h:mm:ss or m:ss): 7:52.42
	Average shared text size (kbytes): 0
	Average unshared data size (kbytes): 0
	Average stack size (kbytes): 0
	Average total size (kbytes): 0
	Maximum resident set size (kbytes): 6259652
	Average resident set size (kbytes): 0
	Major (requiring I/O) page faults: 0
	Minor (reclaiming a frame) page faults: 1252858
	Voluntary context switches: 4
	Involuntary context switches: 673
	Swaps: 0
	File system inputs: 8
	File system outputs: 16
	Socket messages sent: 0
	Socket messages received: 0
	Signals delivered: 0
	Page size (bytes): 4096
	Exit status: 0
