File /home/cc/datasets/ethz/base.fvecs loaded
Rows 36643 Cols 256
File /home/cc/datasets/ethz/query.fvecs loaded
Rows 100 Cols 256
File /home/cc/datasets/ethz/groundtruth.ivecs loaded
Rows 100 Cols 100
FhtKacRotator is selected
Setting entry_point to 26008
	Vectors Copied
Supplementing edges...
Supplementing finished...
Indexing time 9.05788 secs
EF	QPS	Recall
10	39510.1	0.4137
20	37499.6	0.4212
40	32308.7	0.431
50	30673.5	0.4379
60	28915.4	0.4457
80	25241.3	0.4566
100	21894.6	0.4731
150	17283.2	0.526
170	15978.2	0.5516
190	14841.5	0.5755
200	14439.5	0.5872
250	12354.8	0.656
300	10513	0.719
400	8038.45	0.8399
500	6478.97	0.9205
600	5185	0.9535
700	4457.58	0.9603
800	3837.94	0.9623
1500	1768.31	0.973
	Command being timed: "./bin/symqg_indexing /home/cc/datasets/ethz/base.fvecs /home/cc/datasets/ethz/query.fvecs /home/cc/datasets/ethz/groundtruth.ivecs 32 64"
	User time (seconds): 9.69
	System time (seconds): 0.08
	Percent of CPU this job got: 99%
	Elapsed (wall clock) time (h:mm:ss or m:ss): 0:09.78
	Average shared text size (kbytes): 0
	Average unshared data size (kbytes): 0
	Average stack size (kbytes): 0
	Average total size (kbytes): 0
	Maximum resident set size (kbytes): 239748
	Average resident set size (kbytes): 0
	Major (requiring I/O) page faults: 0
	Minor (reclaiming a frame) page faults: 38094
	Voluntary context switches: 1
	Involuntary context switches: 15
	Swaps: 0
	File system inputs: 0
	File system outputs: 16
	Socket messages sent: 0
	Socket messages received: 0
	Signals delivered: 0
	Page size (bytes): 4096
	Exit status: 0
