File /home/cc/datasets/bigann/base.fvecs loaded
Rows 1000000 Cols 128
File /home/cc/datasets/bigann/query.fvecs loaded
Rows 100 Cols 128
File /home/cc/datasets/bigann/groundtruth.ivecs loaded
Rows 100 Cols 100
FhtKacRotator is selected
Setting entry_point to 89028
	Vectors Copied
Supplementing edges...
Supplementing finished...
Indexing time 553.675 secs
EF	QPS	Recall
10	34119	0.2666
20	27748.6	0.3301
40	22004	0.4038
50	20334.8	0.4364
60	18312.3	0.4741
80	15096.3	0.5494
100	13012.3	0.6162
150	9848.49	0.7425
170	9015.65	0.785
190	8200.73	0.8164
200	7820.56	0.83
250	6542.02	0.888
300	5467.8	0.9238
400	4108	0.9632
500	3377.93	0.9778
600	2746.04	0.9861
700	2338.8	0.9904
800	2027.46	0.993
1500	967.263	0.9996
	Command being timed: "./bin/symqg_indexing /home/cc/datasets/bigann/base.fvecs /home/cc/datasets/bigann/query.fvecs /home/cc/datasets/bigann/groundtruth.ivecs 64 128"
	User time (seconds): 552.20
	System time (seconds): 3.74
	Percent of CPU this job got: 99%
	Elapsed (wall clock) time (h:mm:ss or m:ss): 9:19.30
	Average shared text size (kbytes): 0
	Average unshared data size (kbytes): 0
	Average stack size (kbytes): 0
	Average total size (kbytes): 0
	Maximum resident set size (kbytes): 6260524
	Average resident set size (kbytes): 0
	Major (requiring I/O) page faults: 0
	Minor (reclaiming a frame) page faults: 1286913
	Voluntary context switches: 5113
	Involuntary context switches: 520
	Swaps: 0
	File system inputs: 191312
	File system outputs: 16
	Socket messages sent: 0
	Socket messages received: 0
	Signals delivered: 0
	Page size (bytes): 4096
	Exit status: 0
