File /home/cc/datasets/bigann/base.fvecs loaded
Rows 1000000 Cols 128
File /home/cc/datasets/bigann/query.fvecs loaded
Rows 100 Cols 128
File /home/cc/datasets/bigann/groundtruth.ivecs loaded
Rows 100 Cols 100
FhtKacRotator is selected
Setting entry_point to 89028
	Vectors Copied
Supplementing edges...
Supplementing finished...
Indexing time 275.887 secs
EF	QPS	Recall
10	43885.5	0.2766
20	35701.5	0.3348
40	27527.1	0.4141
50	25448.6	0.4522
60	23257.4	0.4926
80	19368.3	0.5551
100	17094.5	0.6119
150	12440.3	0.7339
170	11212.5	0.7716
190	10329.9	0.8083
200	9935.66	0.824
250	8153.78	0.8783
300	6725.25	0.9154
400	5107.78	0.9508
500	4214.88	0.9701
600	3389.38	0.9789
700	2914.5	0.985
800	2504.29	0.989
1500	1213.12	0.9975
	Command being timed: "./bin/symqg_indexing /home/cc/datasets/bigann/base.fvecs /home/cc/datasets/bigann/query.fvecs /home/cc/datasets/bigann/groundtruth.ivecs 32 64"
	User time (seconds): 275.59
	System time (seconds): 2.23
	Percent of CPU this job got: 98%
	Elapsed (wall clock) time (h:mm:ss or m:ss): 4:41.14
	Average shared text size (kbytes): 0
	Average unshared data size (kbytes): 0
	Average stack size (kbytes): 0
	Average total size (kbytes): 0
	Maximum resident set size (kbytes): 4901592
	Average resident set size (kbytes): 0
	Major (requiring I/O) page faults: 0
	Minor (reclaiming a frame) page faults: 1040361
	Voluntary context switches: 5071
	Involuntary context switches: 242
	Swaps: 0
	File system inputs: 161808
	File system outputs: 16
	Socket messages sent: 0
	Socket messages received: 0
	Signals delivered: 0
	Page size (bytes): 4096
	Exit status: 0
