File /home/cc/datasets/landmark-dino-768-cosine/base.fvecs loaded
Rows 760757 Cols 768
File /home/cc/datasets/landmark-dino-768-cosine/query.fvecs loaded
Rows 100 Cols 768
File /home/cc/datasets/landmark-dino-768-cosine/groundtruth.ivecs loaded
Rows 100 Cols 100
FhtKacRotator is selected
Setting entry_point to 576192
	Vectors Copied
Supplementing edges...
Supplementing finished...
Indexing time 716.012 secs
EF	QPS	Recall
10	17465.4	0.308
20	16158	0.3464
40	13566.1	0.4285
50	12709.6	0.4687
60	11959.9	0.5107
80	10634.1	0.5807
100	9597	0.6417
150	7645.52	0.7623
170	6994.54	0.8023
190	6464.81	0.8351
200	6177.25	0.8524
250	5150.52	0.9048
300	4358.81	0.9379
400	3371.81	0.9701
500	2738	0.9827
600	2285.04	0.9888
700	1970.13	0.9923
800	1725.29	0.9939
1500	882.387	0.9983
	Command being timed: "./bin/symqg_indexing /home/cc/datasets/landmark-dino-768-cosine/base.fvecs /home/cc/datasets/landmark-dino-768-cosine/query.fvecs /home/cc/datasets/landmark-dino-768-cosine/groundtruth.ivecs 32 128"
	User time (seconds): 713.94
	System time (seconds): 5.35
	Percent of CPU this job got: 99%
	Elapsed (wall clock) time (h:mm:ss or m:ss): 11:59.30
	Average shared text size (kbytes): 0
	Average unshared data size (kbytes): 0
	Average stack size (kbytes): 0
	Average total size (kbytes): 0
	Maximum resident set size (kbytes): 9434872
	Average resident set size (kbytes): 0
	Major (requiring I/O) page faults: 0
	Minor (reclaiming a frame) page faults: 1316949
	Voluntary context switches: 1
	Involuntary context switches: 496
	Swaps: 0
	File system inputs: 0
	File system outputs: 16
	Socket messages sent: 0
	Socket messages received: 0
	Signals delivered: 0
	Page size (bytes): 4096
	Exit status: 0
