File /home/cc/datasets/imageNet/base.fvecs loaded
Rows 2340373 Cols 150
File /home/cc/datasets/imageNet/query.fvecs loaded
Rows 200 Cols 150
File /home/cc/datasets/imageNet/groundtruth.ivecs loaded
Rows 200 Cols 20
FhtKacRotator is selected
Setting entry_point to 942654
	Vectors Copied
Supplementing edges...
Supplementing finished...
Indexing time 1081.41 secs
EF	QPS	Recall
10	65939.5	0.3705
20	51312.9	0.549
40	32221.5	0.72275
50	27736.9	0.76925
60	23791.5	0.80275
80	18428.6	0.85075
100	15676.5	0.87775
150	11150	0.919
170	10054.9	0.92875
190	9113.73	0.93575
200	8701.5	0.94025
250	7130.05	0.951
300	5883.01	0.95725
400	4446.88	0.96825
500	3563.08	0.97325
600	2888.19	0.9785
700	2454.53	0.9805
800	2115.82	0.983
1500	1022.99	0.9905
	Command being timed: "./bin/symqg_indexing /home/cc/datasets/imageNet/base.fvecs /home/cc/datasets/imageNet/query.fvecs /home/cc/datasets/imageNet/groundtruth.ivecs 32 128"
	User time (seconds): 1076.55
	System time (seconds): 9.33
	Percent of CPU this job got: 99%
	Elapsed (wall clock) time (h:mm:ss or m:ss): 18:06.04
	Average shared text size (kbytes): 0
	Average unshared data size (kbytes): 0
	Average stack size (kbytes): 0
	Average total size (kbytes): 0
	Maximum resident set size (kbytes): 12430120
	Average resident set size (kbytes): 0
	Major (requiring I/O) page faults: 0
	Minor (reclaiming a frame) page faults: 3738262
	Voluntary context switches: 328
	Involuntary context switches: 949
	Swaps: 0
	File system inputs: 8
	File system outputs: 16
	Socket messages sent: 0
	Socket messages received: 0
	Signals delivered: 0
	Page size (bytes): 4096
	Exit status: 0
