File /home/cc/datasets/uqv/base.fvecs loaded
Rows 1000000 Cols 256
File /home/cc/datasets/uqv/query.fvecs loaded
Rows 10000 Cols 256
File /home/cc/datasets/uqv/groundtruth.ivecs loaded
Rows 10000 Cols 100
FhtKacRotator is selected
Setting entry_point to 935207
	Vectors Copied
Supplementing edges...
Supplementing finished...
Indexing time 647.541 secs
EF	QPS	Recall
10	16490.8	0.325994
20	14140	0.34814
40	11320.6	0.386134
50	10945.2	0.403375
60	10119.6	0.421488
80	8753.15	0.457514
100	7986.61	0.49119
150	6454.02	0.563019
170	6217.71	0.586254
190	5988.55	0.607508
200	5813.85	0.618048
250	5186.41	0.660588
300	4503.1	0.690705
400	3673.4	0.73974
500	3118.88	0.76796
600	2619.04	0.784844
700	2286.81	0.801021
800	2032.11	0.814006
1500	1077.54	0.889717
	Command being timed: "./bin/symqg_indexing /home/cc/datasets/uqv/base.fvecs /home/cc/datasets/uqv/query.fvecs /home/cc/datasets/uqv/groundtruth.ivecs 64 128"
	User time (seconds): 780.79
	System time (seconds): 7.21
	Percent of CPU this job got: 99%
	Elapsed (wall clock) time (h:mm:ss or m:ss): 13:09.42
	Average shared text size (kbytes): 0
	Average unshared data size (kbytes): 0
	Average stack size (kbytes): 0
	Average total size (kbytes): 0
	Maximum resident set size (kbytes): 8286264
	Average resident set size (kbytes): 0
	Major (requiring I/O) page faults: 0
	Minor (reclaiming a frame) page faults: 1999257
	Voluntary context switches: 8705
	Involuntary context switches: 963
	Swaps: 0
	File system inputs: 24224
	File system outputs: 16
	Socket messages sent: 0
	Socket messages received: 0
	Signals delivered: 0
	Page size (bytes): 4096
	Exit status: 0
