File /home/cc/datasets/enron/base.fvecs loaded
Rows 94987 Cols 1369
File /home/cc/datasets/enron/query.fvecs loaded
Rows 200 Cols 1369
File /home/cc/datasets/enron/groundtruth.ivecs loaded
Rows 200 Cols 20
FhtKacRotator is selected
Setting entry_point to 89082
	Vectors Copied
Supplementing edges...
Supplementing finished...
Indexing time 371.282 secs
EF	QPS	Recall
10	11383.6	0.63425
20	11681.8	0.75075
40	9700.58	0.8785
50	8943.27	0.904
60	8175.12	0.9205
80	6697.23	0.941
100	5774.86	0.9635
150	4274.5	0.98475
170	3911.81	0.9895
190	3601.83	0.99
200	3483.27	0.99125
250	2940.09	0.9925
300	2517.37	0.9935
400	1993.13	0.995
500	1661.67	0.99625
600	1403.24	0.99625
700	1227.66	0.99725
800	1089.34	0.99725
1500	586.239	0.99825
	Command being timed: "./bin/symqg_indexing /home/cc/datasets/enron/base.fvecs /home/cc/datasets/enron/query.fvecs /home/cc/datasets/enron/groundtruth.ivecs 96 192"
	User time (seconds): 375.42
	System time (seconds): 0.93
	Percent of CPU this job got: 99%
	Elapsed (wall clock) time (h:mm:ss or m:ss): 6:16.38
	Average shared text size (kbytes): 0
	Average unshared data size (kbytes): 0
	Average stack size (kbytes): 0
	Average total size (kbytes): 0
	Maximum resident set size (kbytes): 3079936
	Average resident set size (kbytes): 0
	Major (requiring I/O) page faults: 0
	Minor (reclaiming a frame) page faults: 242735
	Voluntary context switches: 1
	Involuntary context switches: 564
	Swaps: 0
	File system inputs: 0
	File system outputs: 16
	Socket messages sent: 0
	Socket messages received: 0
	Signals delivered: 0
	Page size (bytes): 4096
	Exit status: 0
