File /home/cc/datasets/audio/base.fvecs loaded
Rows 53387 Cols 192
File /home/cc/datasets/audio/query.fvecs loaded
Rows 200 Cols 192
File /home/cc/datasets/audio/groundtruth.ivecs loaded
Rows 200 Cols 20
FhtKacRotator is selected
Setting entry_point to 17485
	Vectors Copied
Supplementing edges...
Supplementing finished...
Indexing time 24.2469 secs
EF	QPS	Recall
10	64319.9	0.606
20	58649.1	0.73575
40	40519.4	0.894
50	35804.8	0.934
60	31507.2	0.9555
80	24172.8	0.97525
100	20252.5	0.98425
150	13984.7	0.9915
170	12551.1	0.99475
190	11521.7	0.99575
200	10780.2	0.99575
250	9021.04	0.99675
300	7447.35	0.997
400	5595.16	0.998
500	4486.93	0.99825
600	3644.51	0.99875
700	3076.94	0.999
800	2656.63	0.99925
1500	1252.59	0.99975
	Command being timed: "./bin/symqg_indexing /home/cc/datasets/audio/base.fvecs /home/cc/datasets/audio/query.fvecs /home/cc/datasets/audio/groundtruth.ivecs 64 128"
	User time (seconds): 25.93
	System time (seconds): 0.14
	Percent of CPU this job got: 99%
	Elapsed (wall clock) time (h:mm:ss or m:ss): 0:26.18
	Average shared text size (kbytes): 0
	Average unshared data size (kbytes): 0
	Average stack size (kbytes): 0
	Average total size (kbytes): 0
	Maximum resident set size (kbytes): 393544
	Average resident set size (kbytes): 0
	Major (requiring I/O) page faults: 0
	Minor (reclaiming a frame) page faults: 58516
	Voluntary context switches: 399
	Involuntary context switches: 48
	Swaps: 0
	File system inputs: 23872
	File system outputs: 16
	Socket messages sent: 0
	Socket messages received: 0
	Signals delivered: 0
	Page size (bytes): 4096
	Exit status: 0
