File /home/cc/datasets/bigann/base.fvecs loaded
Rows 1000000 Cols 128
File /home/cc/datasets/bigann/query.fvecs loaded
Rows 100 Cols 128
File /home/cc/datasets/bigann/groundtruth.ivecs loaded
Rows 100 Cols 100
FhtKacRotator is selected
Setting entry_point to 89028
	Vectors Copied
Supplementing edges...
Supplementing finished...
Indexing time 1128.56 secs
EF	QPS	Recall
10	32119.7	0.2209
20	24885.1	0.2889
40	18079.5	0.3908
50	15840.9	0.4345
60	14335	0.4776
80	11356.8	0.5544
100	10193.6	0.6179
150	7780.68	0.7354
170	7034.2	0.7693
190	6491.64	0.8056
200	6124.05	0.8191
250	5099.89	0.8723
300	4343.2	0.9103
400	3255.46	0.9534
500	2714.37	0.9757
600	2163.92	0.9847
700	1874.73	0.9904
800	1632.75	0.9935
1500	781.984	0.9994
	Command being timed: "./bin/symqg_indexing /home/cc/datasets/bigann/base.fvecs /home/cc/datasets/bigann/query.fvecs /home/cc/datasets/bigann/groundtruth.ivecs 128 256"
	User time (seconds): 1126.56
	System time (seconds): 4.59
	Percent of CPU this job got: 99%
	Elapsed (wall clock) time (h:mm:ss or m:ss): 18:54.48
	Average shared text size (kbytes): 0
	Average unshared data size (kbytes): 0
	Average stack size (kbytes): 0
	Average total size (kbytes): 0
	Maximum resident set size (kbytes): 9018320
	Average resident set size (kbytes): 0
	Major (requiring I/O) page faults: 0
	Minor (reclaiming a frame) page faults: 1835152
	Voluntary context switches: 5050
	Involuntary context switches: 578
	Swaps: 0
	File system inputs: 95624
	File system outputs: 16
	Socket messages sent: 0
	Socket messages received: 0
	Signals delivered: 0
	Page size (bytes): 4096
	Exit status: 0
