File /home/cc/datasets/txed/base.fvecs loaded
Rows 519589 Cols 256
File /home/cc/datasets/txed/query.fvecs loaded
Rows 100 Cols 256
File /home/cc/datasets/txed/groundtruth.ivecs loaded
Rows 100 Cols 100
FhtKacRotator is selected
Setting entry_point to 29486
	Vectors Copied
Supplementing edges...
Supplementing finished...
Indexing time 150.583 secs
EF	QPS	Recall
10	35268.9	0.0917
20	28430.3	0.1259
40	22494.1	0.1881
50	20663.5	0.2051
60	18956.3	0.219
80	15736.5	0.2479
100	13680.8	0.2703
150	9359.46	0.3295
170	8457.31	0.347
190	7716.21	0.3618
200	7401.66	0.3698
250	6134	0.4011
300	5034.72	0.4286
400	3749.82	0.4767
500	2990.8	0.5046
600	2408.53	0.5314
700	2041.07	0.5557
800	1752.24	0.5712
1500	825.52	0.6421
	Command being timed: "./bin/symqg_indexing /home/cc/datasets/txed/base.fvecs /home/cc/datasets/txed/query.fvecs /home/cc/datasets/txed/groundtruth.ivecs 32 64"
	User time (seconds): 151.21
	System time (seconds): 1.64
	Percent of CPU this job got: 97%
	Elapsed (wall clock) time (h:mm:ss or m:ss): 2:36.19
	Average shared text size (kbytes): 0
	Average unshared data size (kbytes): 0
	Average stack size (kbytes): 0
	Average total size (kbytes): 0
	Maximum resident set size (kbytes): 3322024
	Average resident set size (kbytes): 0
	Major (requiring I/O) page faults: 0
	Minor (reclaiming a frame) page faults: 560591
	Voluntary context switches: 4388
	Involuntary context switches: 168
	Swaps: 0
	File system inputs: 249896
	File system outputs: 16
	Socket messages sent: 0
	Socket messages received: 0
	Signals delivered: 0
	Page size (bytes): 4096
	Exit status: 0
