File /home/cc/datasets/coco-nomic-768-normalized/base.fvecs loaded
Rows 282360 Cols 768
File /home/cc/datasets/coco-nomic-768-normalized/query.fvecs loaded
Rows 100 Cols 768
File /home/cc/datasets/coco-nomic-768-normalized/groundtruth.ivecs loaded
Rows 100 Cols 100
FhtKacRotator is selected
Setting entry_point to 57958
	Vectors Copied
Supplementing edges...
Supplementing finished...
Indexing time 224.281 secs
EF	QPS	Recall
10	18546.9	0.1474
20	15800.5	0.2103
40	13056.8	0.2596
50	11903.2	0.2787
60	11092.6	0.301
80	9513.06	0.3375
100	8266.54	0.3848
150	5760.89	0.4858
170	5177.15	0.5237
190	4714.01	0.5538
200	4478.14	0.5678
250	3681.07	0.6279
300	3079.32	0.6716
400	2279.37	0.7393
500	1853.06	0.7885
600	1521.93	0.8221
700	1299.78	0.8507
800	1124.06	0.8702
1500	544.157	0.9443
	Command being timed: "./bin/symqg_indexing /home/cc/datasets/coco-nomic-768-normalized/base.fvecs /home/cc/datasets/coco-nomic-768-normalized/query.fvecs /home/cc/datasets/coco-nomic-768-normalized/groundtruth.ivecs 32 128"
	User time (seconds): 225.70
	System time (seconds): 1.39
	Percent of CPU this job got: 99%
	Elapsed (wall clock) time (h:mm:ss or m:ss): 3:47.12
	Average shared text size (kbytes): 0
	Average unshared data size (kbytes): 0
	Average stack size (kbytes): 0
	Average total size (kbytes): 0
	Maximum resident set size (kbytes): 3502176
	Average resident set size (kbytes): 0
	Major (requiring I/O) page faults: 0
	Minor (reclaiming a frame) page faults: 468464
	Voluntary context switches: 1
	Involuntary context switches: 279
	Swaps: 0
	File system inputs: 0
	File system outputs: 16
	Socket messages sent: 0
	Socket messages received: 0
	Signals delivered: 0
	Page size (bytes): 4096
	Exit status: 0
