File /home/cc/datasets/nytimes/base.fvecs loaded
Rows 290000 Cols 256
File /home/cc/datasets/nytimes/query.fvecs loaded
Rows 100 Cols 256
File /home/cc/datasets/nytimes/groundtruth.ivecs loaded
Rows 100 Cols 100
FhtKacRotator is selected
Setting entry_point to 938
	Vectors Copied
Supplementing edges...
Supplementing finished...
Indexing time 125.832 secs
EF	QPS	Recall
10	11950.4	0.4142
20	10463.4	0.3966
40	8490.9	0.3991
50	8458.76	0.3991
60	7797.89	0.4036
80	6738.67	0.4784
100	6337.35	0.4982
150	5492.07	0.5185
170	5228.22	0.5284
190	5375.87	0.5383
200	5293.3	0.5377
250	4982.53	0.5779
300	4130.65	0.5779
400	4012.71	0.5782
500	3554.7	0.5782
600	3168.22	0.5782
700	2951.9	0.5782
800	2796.84	0.5782
1500	2084.76	0.496
	Command being timed: "./bin/symqg_indexing /home/cc/datasets/nytimes/base.fvecs /home/cc/datasets/nytimes/query.fvecs /home/cc/datasets/nytimes/groundtruth.ivecs 32 128"
	User time (seconds): 126.65
	System time (seconds): 0.69
	Percent of CPU this job got: 99%
	Elapsed (wall clock) time (h:mm:ss or m:ss): 2:07.35
	Average shared text size (kbytes): 0
	Average unshared data size (kbytes): 0
	Average stack size (kbytes): 0
	Average total size (kbytes): 0
	Maximum resident set size (kbytes): 1856724
	Average resident set size (kbytes): 0
	Major (requiring I/O) page faults: 0
	Minor (reclaiming a frame) page faults: 299559
	Voluntary context switches: 1
	Involuntary context switches: 197
	Swaps: 0
	File system inputs: 0
	File system outputs: 16
	Socket messages sent: 0
	Socket messages received: 0
	Signals delivered: 0
	Page size (bytes): 4096
	Exit status: 0
