File /home/cc/datasets/Meier2019JGR/base.fvecs loaded
Rows 1000000 Cols 256
File /home/cc/datasets/Meier2019JGR/query.fvecs loaded
Rows 300 Cols 256
File /home/cc/datasets/Meier2019JGR/groundtruth.ivecs loaded
Rows 300 Cols 100
FhtKacRotator is selected
Setting entry_point to 591855
	Vectors Copied
Supplementing edges...
Supplementing finished...
Indexing time 1003.37 secs
EF	QPS	Recall
10	26953.7	0.212
20	22575.9	0.247633
40	16563.3	0.304867
50	15005.7	0.322867
60	13579.8	0.339167
80	11270.7	0.3706
100	9917.88	0.395933
150	7324.02	0.464267
170	6771.46	0.485533
190	6274.2	0.508833
200	5993.62	0.521867
250	5060.69	0.5736
300	4217.27	0.617633
400	3257.07	0.681567
500	2672.85	0.727167
600	2210.86	0.760967
700	1909.01	0.7855
800	1680.18	0.806467
1500	815.339	0.875367
	Command being timed: "./bin/symqg_indexing /home/cc/datasets/Meier2019JGR/base.fvecs /home/cc/datasets/Meier2019JGR/query.fvecs /home/cc/datasets/Meier2019JGR/groundtruth.ivecs 96 192"
	User time (seconds): 1004.41
	System time (seconds): 4.43
	Percent of CPU this job got: 99%
	Elapsed (wall clock) time (h:mm:ss or m:ss): 16:48.87
	Average shared text size (kbytes): 0
	Average unshared data size (kbytes): 0
	Average stack size (kbytes): 0
	Average total size (kbytes): 0
	Maximum resident set size (kbytes): 10140224
	Average resident set size (kbytes): 0
	Major (requiring I/O) page faults: 0
	Minor (reclaiming a frame) page faults: 1661558
	Voluntary context switches: 14
	Involuntary context switches: 618
	Swaps: 0
	File system inputs: 0
	File system outputs: 16
	Socket messages sent: 0
	Socket messages received: 0
	Signals delivered: 0
	Page size (bytes): 4096
	Exit status: 0
