File /home/cc/datasets/cifar/base.fvecs loaded
Rows 50000 Cols 512
File /home/cc/datasets/cifar/query.fvecs loaded
Rows 200 Cols 512
File /home/cc/datasets/cifar/groundtruth.ivecs loaded
Rows 200 Cols 20
FhtKacRotator is selected
Setting entry_point to 9905
	Vectors Copied
Supplementing edges...
Supplementing finished...
Indexing time 68.3543 secs
EF	QPS	Recall
10	26351.7	0.54975
20	28052.2	0.71825
40	19600.9	0.89125
50	16709.8	0.9345
60	14483.5	0.956
80	11309.8	0.981
100	9518.58	0.991
150	6794.57	0.99675
170	6084.58	0.998
190	5577.43	0.99875
200	5360.8	0.99875
250	4426.84	1
300	3712.24	1
400	2857.37	1
500	2334.17	1
600	1933.42	1
700	1667.88	1
800	1461.88	1
1500	733.376	1
	Command being timed: "./bin/symqg_indexing /home/cc/datasets/cifar/base.fvecs /home/cc/datasets/cifar/query.fvecs /home/cc/datasets/cifar/groundtruth.ivecs 96 192"
	User time (seconds): 71.55
	System time (seconds): 0.22
	Percent of CPU this job got: 99%
	Elapsed (wall clock) time (h:mm:ss or m:ss): 1:11.78
	Average shared text size (kbytes): 0
	Average unshared data size (kbytes): 0
	Average stack size (kbytes): 0
	Average total size (kbytes): 0
	Maximum resident set size (kbytes): 762392
	Average resident set size (kbytes): 0
	Major (requiring I/O) page faults: 0
	Minor (reclaiming a frame) page faults: 78313
	Voluntary context switches: 1
	Involuntary context switches: 101
	Swaps: 0
	File system inputs: 0
	File system outputs: 16
	Socket messages sent: 0
	Socket messages received: 0
	Signals delivered: 0
	Page size (bytes): 4096
	Exit status: 0
