File /home/cc/datasets/text-to-image/base.fvecs loaded
Rows 1000000 Cols 200
File /home/cc/datasets/text-to-image/query.fvecs loaded
Rows 100 Cols 200
File /home/cc/datasets/text-to-image/groundtruth.ivecs loaded
Rows 100 Cols 100
FhtKacRotator is selected
Setting entry_point to 130673
	Vectors Copied
Supplementing edges...
Supplementing finished...
Indexing time 509.799 secs
EF	QPS	Recall
10	33936.9	0.4106
20	29732.4	0.4334
40	23925.2	0.4805
50	22149	0.508
60	20765.3	0.5294
80	17394.3	0.5809
100	16067.1	0.6326
150	12443.4	0.7406
170	11474.6	0.7769
190	10626.6	0.8144
200	10256.5	0.8314
250	8606.38	0.8996
300	7147.45	0.9443
400	5514.65	0.9811
500	4471.36	0.9931
600	3657.71	0.997
700	3122.62	0.9984
800	2709.59	0.9991
1500	1338.17	0.9997
	Command being timed: "./bin/symqg_indexing /home/cc/datasets/text-to-image/base.fvecs /home/cc/datasets/text-to-image/query.fvecs /home/cc/datasets/text-to-image/groundtruth.ivecs 32 128"
	User time (seconds): 509.00
	System time (seconds): 2.76
	Percent of CPU this job got: 99%
	Elapsed (wall clock) time (h:mm:ss or m:ss): 8:33.43
	Average shared text size (kbytes): 0
	Average unshared data size (kbytes): 0
	Average stack size (kbytes): 0
	Average total size (kbytes): 0
	Maximum resident set size (kbytes): 5957652
	Average resident set size (kbytes): 0
	Major (requiring I/O) page faults: 0
	Minor (reclaiming a frame) page faults: 1108423
	Voluntary context switches: 6300
	Involuntary context switches: 393
	Swaps: 0
	File system inputs: 1522744
	File system outputs: 16
	Socket messages sent: 0
	Socket messages received: 0
	Signals delivered: 0
	Page size (bytes): 4096
	Exit status: 0
