File /home/cc/datasets/landmark-nomic-768-normalized/base.fvecs loaded
Rows 760757 Cols 768
File /home/cc/datasets/landmark-nomic-768-normalized/query.fvecs loaded
Rows 100 Cols 768
File /home/cc/datasets/landmark-nomic-768-normalized/groundtruth.ivecs loaded
Rows 100 Cols 100
FhtKacRotator is selected
Setting entry_point to 243818
	Vectors Copied
Supplementing edges...
Supplementing finished...
Indexing time 2465.91 secs
EF	QPS	Recall
10	13556.4	0.4282
20	11769	0.4498
40	9555.37	0.4878
50	8886.32	0.5038
60	8255.81	0.5212
80	7117.53	0.5521
100	6398.95	0.5839
150	5138.35	0.6507
170	4824.35	0.6745
190	4544.62	0.6974
200	4406.61	0.7077
250	3907.3	0.7557
300	3418.31	0.7988
400	2817.15	0.8589
500	2414.33	0.9047
600	2071.9	0.9336
700	1826.67	0.9546
800	1629.24	0.9696
1500	871.604	0.9958
	Command being timed: "./bin/symqg_indexing /home/cc/datasets/landmark-nomic-768-normalized/base.fvecs /home/cc/datasets/landmark-nomic-768-normalized/query.fvecs /home/cc/datasets/landmark-nomic-768-normalized/groundtruth.ivecs 128 256"
	User time (seconds): 2462.15
	System time (seconds): 7.23
	Percent of CPU this job got: 99%
	Elapsed (wall clock) time (h:mm:ss or m:ss): 41:09.43
	Average shared text size (kbytes): 0
	Average unshared data size (kbytes): 0
	Average stack size (kbytes): 0
	Average total size (kbytes): 0
	Maximum resident set size (kbytes): 18371428
	Average resident set size (kbytes): 0
	Major (requiring I/O) page faults: 0
	Minor (reclaiming a frame) page faults: 2150223
	Voluntary context switches: 1
	Involuntary context switches: 1728
	Swaps: 0
	File system inputs: 0
	File system outputs: 16
	Socket messages sent: 0
	Socket messages received: 0
	Signals delivered: 0
	Page size (bytes): 4096
	Exit status: 0
