File /home/cc/datasets/sift/base.fvecs loaded
Rows 1000000 Cols 128
File /home/cc/datasets/sift/query.fvecs loaded
Rows 10000 Cols 128
File /home/cc/datasets/sift/groundtruth.ivecs loaded
Rows 10000 Cols 100
FhtKacRotator is selected
Setting entry_point to 123742
	Vectors Copied
Supplementing edges...
Supplementing finished...
Indexing time 799.696 secs
EF	QPS	Recall
10	36240.5	0.204415
20	27310.9	0.2668
40	19140.6	0.37403
50	16984.9	0.422086
60	15135.8	0.466183
80	12449.2	0.545461
100	10889.8	0.612644
150	8278.76	0.731835
170	7581.46	0.770642
190	6887.78	0.804329
200	6605.95	0.819337
250	5520.83	0.877171
300	4604.38	0.915331
400	3464.44	0.957259
500	2855.63	0.976492
600	2309.55	0.985931
700	1946.1	0.991151
800	1701.37	0.994155
1500	812.373	0.99922
	Command being timed: "./bin/symqg_indexing /home/cc/datasets/sift/base.fvecs /home/cc/datasets/sift/query.fvecs /home/cc/datasets/sift/groundtruth.ivecs 96 192"
	User time (seconds): 942.32
	System time (seconds): 3.43
	Percent of CPU this job got: 99%
	Elapsed (wall clock) time (h:mm:ss or m:ss): 15:45.78
	Average shared text size (kbytes): 0
	Average unshared data size (kbytes): 0
	Average stack size (kbytes): 0
	Average total size (kbytes): 0
	Maximum resident set size (kbytes): 7645892
	Average resident set size (kbytes): 0
	Major (requiring I/O) page faults: 0
	Minor (reclaiming a frame) page faults: 1475165
	Voluntary context switches: 2
	Involuntary context switches: 987
	Swaps: 0
	File system inputs: 0
	File system outputs: 16
	Socket messages sent: 0
	Socket messages received: 0
	Signals delivered: 0
	Page size (bytes): 4096
	Exit status: 0
