File /home/cc/datasets/NEIC/base.fvecs loaded
Rows 1000000 Cols 256
File /home/cc/datasets/NEIC/query.fvecs loaded
Rows 300 Cols 256
File /home/cc/datasets/NEIC/groundtruth.ivecs loaded
Rows 300 Cols 100
FhtKacRotator is selected
Setting entry_point to 44139
	Vectors Copied
Supplementing edges...
Supplementing finished...
Indexing time 295.805 secs
EF	QPS	Recall
10	25733.8	0.263767
20	21901.7	0.2742
40	17939.6	0.305867
50	17354	0.318733
60	15750.4	0.334033
80	13498.7	0.361333
100	12444.1	0.384467
150	9979.4	0.4446
170	9399.37	0.463633
190	8808.78	0.4811
200	8586.44	0.489833
250	7613.59	0.5302
300	6491.37	0.5588
400	5355.11	0.591633
500	4537.96	0.607233
600	3802.98	0.615267
700	3394.63	0.622633
800	3031.43	0.6277
1500	1596.34	0.6772
	Command being timed: "./bin/symqg_indexing /home/cc/datasets/NEIC/base.fvecs /home/cc/datasets/NEIC/query.fvecs /home/cc/datasets/NEIC/groundtruth.ivecs 32 64"
	User time (seconds): 296.83
	System time (seconds): 2.73
	Percent of CPU this job got: 99%
	Elapsed (wall clock) time (h:mm:ss or m:ss): 4:59.59
	Average shared text size (kbytes): 0
	Average unshared data size (kbytes): 0
	Average stack size (kbytes): 0
	Average total size (kbytes): 0
	Maximum resident set size (kbytes): 6385456
	Average resident set size (kbytes): 0
	Major (requiring I/O) page faults: 0
	Minor (reclaiming a frame) page faults: 1164531
	Voluntary context switches: 1
	Involuntary context switches: 573
	Swaps: 0
	File system inputs: 0
	File system outputs: 16
	Socket messages sent: 0
	Socket messages received: 0
	Signals delivered: 0
	Page size (bytes): 4096
	Exit status: 0
