File /home/cc/datasets/text-to-image/base.fvecs loaded
Rows 1000000 Cols 200
File /home/cc/datasets/text-to-image/query.fvecs loaded
Rows 100 Cols 200
File /home/cc/datasets/text-to-image/groundtruth.ivecs loaded
Rows 100 Cols 100
FhtKacRotator is selected
Setting entry_point to 130673
	Vectors Copied
Supplementing edges...
Supplementing finished...
Indexing time 1496.44 secs
EF	QPS	Recall
10	24217.8	0.3974
20	19938.4	0.4213
40	14958.7	0.4758
50	13492.6	0.5046
60	12194.3	0.527
80	10227.6	0.5793
100	8973.9	0.6282
150	6944.55	0.7175
170	6398.14	0.7461
190	5948.15	0.7735
200	5750.82	0.7845
250	4940.68	0.8369
300	4198.03	0.8716
400	3303.76	0.9211
500	2723.07	0.9499
600	2258.99	0.9671
700	1960.37	0.9783
800	1717.51	0.9843
1500	863.81	0.9972
	Command being timed: "./bin/symqg_indexing /home/cc/datasets/text-to-image/base.fvecs /home/cc/datasets/text-to-image/query.fvecs /home/cc/datasets/text-to-image/groundtruth.ivecs 128 256"
	User time (seconds): 1493.63
	System time (seconds): 5.10
	Percent of CPU this job got: 99%
	Elapsed (wall clock) time (h:mm:ss or m:ss): 24:58.78
	Average shared text size (kbytes): 0
	Average unshared data size (kbytes): 0
	Average stack size (kbytes): 0
	Average total size (kbytes): 0
	Maximum resident set size (kbytes): 11591224
	Average resident set size (kbytes): 0
	Major (requiring I/O) page faults: 0
	Minor (reclaiming a frame) page faults: 1960839
	Voluntary context switches: 10
	Involuntary context switches: 1431
	Swaps: 0
	File system inputs: 8
	File system outputs: 16
	Socket messages sent: 0
	Socket messages received: 0
	Signals delivered: 0
	Page size (bytes): 4096
	Exit status: 0
