File /home/cc/datasets/landmark-dino-768-cosine/base.fvecs loaded
Rows 760757 Cols 768
File /home/cc/datasets/landmark-dino-768-cosine/query.fvecs loaded
Rows 100 Cols 768
File /home/cc/datasets/landmark-dino-768-cosine/groundtruth.ivecs loaded
Rows 100 Cols 100
FhtKacRotator is selected
Setting entry_point to 576192
	Vectors Copied
Supplementing edges...
Supplementing finished...
Indexing time 1522.78 secs
EF	QPS	Recall
10	15316.5	0.23
20	12741.5	0.28
40	9623.79	0.3737
50	8640.62	0.4194
60	7847.8	0.4621
80	6542.5	0.5373
100	5697.43	0.6031
150	4566.23	0.7262
170	4207.54	0.7675
190	3889.97	0.8005
200	3788.58	0.8146
250	3222.29	0.8727
300	2746.95	0.9105
400	2138.06	0.9517
500	1758.92	0.9669
600	1465.22	0.9765
700	1272.13	0.9836
800	1115.47	0.9872
1500	579.439	0.9974
	Command being timed: "./bin/symqg_indexing /home/cc/datasets/landmark-dino-768-cosine/base.fvecs /home/cc/datasets/landmark-dino-768-cosine/query.fvecs /home/cc/datasets/landmark-dino-768-cosine/groundtruth.ivecs 96 192"
	User time (seconds): 1521.28
	System time (seconds): 5.68
	Percent of CPU this job got: 99%
	Elapsed (wall clock) time (h:mm:ss or m:ss): 25:26.99
	Average shared text size (kbytes): 0
	Average unshared data size (kbytes): 0
	Average stack size (kbytes): 0
	Average total size (kbytes): 0
	Maximum resident set size (kbytes): 15325880
	Average resident set size (kbytes): 0
	Major (requiring I/O) page faults: 0
	Minor (reclaiming a frame) page faults: 1727719
	Voluntary context switches: 6
	Involuntary context switches: 792
	Swaps: 0
	File system inputs: 0
	File system outputs: 16
	Socket messages sent: 0
	Socket messages received: 0
	Signals delivered: 0
	Page size (bytes): 4096
	Exit status: 0
