File /home/cc/datasets/glove/base.fvecs loaded
Rows 1192514 Cols 100
File /home/cc/datasets/glove/query.fvecs loaded
Rows 200 Cols 100
File /home/cc/datasets/glove/groundtruth.ivecs loaded
Rows 200 Cols 20
FhtKacRotator is selected
Setting entry_point to 1124124
	Vectors Copied
Supplementing edges...
Supplementing finished...
Indexing time 1011.42 secs
EF	QPS	Recall
10	53766	0.26975
20	45535.2	0.415
40	26244.3	0.574
50	22046	0.63075
60	18612.8	0.68225
80	14252.3	0.737
100	11763.4	0.76675
150	8098.92	0.81725
170	7289.99	0.83
190	6548.12	0.8455
200	6237.3	0.8505
250	5091.87	0.8685
300	4229.17	0.8835
400	3200.53	0.91025
500	2536.89	0.922
600	2031.36	0.93475
700	1738.89	0.94375
800	1502.31	0.95
1500	694.077	0.9685
	Command being timed: "./bin/symqg_indexing /home/cc/datasets/glove/base.fvecs /home/cc/datasets/glove/query.fvecs /home/cc/datasets/glove/groundtruth.ivecs 96 192"
	User time (seconds): 1011.38
	System time (seconds): 3.81
	Percent of CPU this job got: 99%
	Elapsed (wall clock) time (h:mm:ss or m:ss): 16:55.21
	Average shared text size (kbytes): 0
	Average unshared data size (kbytes): 0
	Average stack size (kbytes): 0
	Average total size (kbytes): 0
	Maximum resident set size (kbytes): 8847524
	Average resident set size (kbytes): 0
	Major (requiring I/O) page faults: 0
	Minor (reclaiming a frame) page faults: 1738645
	Voluntary context switches: 1
	Involuntary context switches: 522
	Swaps: 0
	File system inputs: 0
	File system outputs: 16
	Socket messages sent: 0
	Socket messages received: 0
	Signals delivered: 0
	Page size (bytes): 4096
	Exit status: 0
