File /home/cc/datasets/ISC_EHB_DepthPhases/base.fvecs loaded
Rows 1000000 Cols 256
File /home/cc/datasets/ISC_EHB_DepthPhases/query.fvecs loaded
Rows 300 Cols 256
File /home/cc/datasets/ISC_EHB_DepthPhases/groundtruth.ivecs loaded
Rows 300 Cols 100
FhtKacRotator is selected
Setting entry_point to 97
	Vectors Copied
Supplementing edges...
Supplementing finished...
Indexing time 3870.28 secs
EF	QPS	Recall
10	1413.63	0
20	1202.59	0
40	1024.05	0
50	927.043	0
60	877.959	0
80	800.137	0
100	747.595	0
150	667.092	0
170	660.402	0
190	641.117	0
200	625.405	0
250	583.076	0
300	531.217	0
400	467.343	0
500	416.195	0
600	363.508	0
700	329.291	0
800	307.761	0
1500	196.082	0
	Command being timed: "./bin/symqg_indexing /home/cc/datasets/ISC_EHB_DepthPhases/base.fvecs /home/cc/datasets/ISC_EHB_DepthPhases/query.fvecs /home/cc/datasets/ISC_EHB_DepthPhases/groundtruth.ivecs 96 192"
	User time (seconds): 3898.40
	System time (seconds): 5.55
	Percent of CPU this job got: 99%
	Elapsed (wall clock) time (h:mm:ss or m:ss): 1:05:08
	Average shared text size (kbytes): 0
	Average unshared data size (kbytes): 0
	Average stack size (kbytes): 0
	Average total size (kbytes): 0
	Maximum resident set size (kbytes): 10139460
	Average resident set size (kbytes): 0
	Major (requiring I/O) page faults: 0
	Minor (reclaiming a frame) page faults: 1776436
	Voluntary context switches: 8721
	Involuntary context switches: 1347
	Swaps: 0
	File system inputs: 394864
	File system outputs: 16
	Socket messages sent: 0
	Socket messages received: 0
	Signals delivered: 0
	Page size (bytes): 4096
	Exit status: 0
