File /home/cc/datasets/yandex-200-cosine/base.fvecs loaded
Rows 1000000 Cols 200
File /home/cc/datasets/yandex-200-cosine/query.fvecs loaded
Rows 100 Cols 200
File /home/cc/datasets/yandex-200-cosine/groundtruth.ivecs loaded
Rows 100 Cols 100
FhtKacRotator is selected
Setting entry_point to 130673
	Vectors Copied
Supplementing edges...
Supplementing finished...
Indexing time 502.764 secs
EF	QPS	Recall
10	35471.4	0.1861
20	28992.1	0.2536
40	22786.6	0.3326
50	21000	0.3596
60	18968.9	0.3908
80	15759.2	0.4462
100	13691.3	0.4864
150	9529.93	0.5997
170	8607.7	0.6377
190	7853.09	0.6698
200	7472.65	0.6839
250	6129.37	0.7436
300	5045.38	0.7863
400	3808.69	0.8405
500	3041.67	0.8742
600	2477.32	0.8966
700	2087.54	0.913
800	1811.45	0.926
1500	852.38	0.9678
	Command being timed: "./bin/symqg_indexing /home/cc/datasets/yandex-200-cosine/base.fvecs /home/cc/datasets/yandex-200-cosine/query.fvecs /home/cc/datasets/yandex-200-cosine/groundtruth.ivecs 32 128"
	User time (seconds): 502.41
	System time (seconds): 2.47
	Percent of CPU this job got: 99%
	Elapsed (wall clock) time (h:mm:ss or m:ss): 8:24.89
	Average shared text size (kbytes): 0
	Average unshared data size (kbytes): 0
	Average stack size (kbytes): 0
	Average total size (kbytes): 0
	Maximum resident set size (kbytes): 5957076
	Average resident set size (kbytes): 0
	Major (requiring I/O) page faults: 0
	Minor (reclaiming a frame) page faults: 1111038
	Voluntary context switches: 1
	Involuntary context switches: 365
	Swaps: 0
	File system inputs: 0
	File system outputs: 16
	Socket messages sent: 0
	Socket messages received: 0
	Signals delivered: 0
	Page size (bytes): 4096
	Exit status: 0
