File /home/cc/datasets/space1V/base.fvecs loaded
Rows 1000000 Cols 100
File /home/cc/datasets/space1V/query.fvecs loaded
Rows 100 Cols 100
File /home/cc/datasets/space1V/groundtruth.ivecs loaded
Rows 100 Cols 100
FhtKacRotator is selected
Setting entry_point to 877910
	Vectors Copied
Supplementing edges...
Supplementing finished...
Indexing time 515.349 secs
EF	QPS	Recall
10	44828.6	0.1053
20	35837.2	0.1569
40	28878.7	0.2249
50	25883.5	0.2506
60	23813.8	0.2727
80	18908.2	0.3141
100	16210.8	0.3479
150	10774.8	0.4336
170	9574.29	0.458
190	8780.01	0.4794
200	8178.12	0.4922
250	6675.35	0.5367
300	5662.29	0.5714
400	4133.62	0.6289
500	3279.4	0.668
600	2637.14	0.7013
700	2239.8	0.7281
800	1922.06	0.7494
1500	843.498	0.8472
	Command being timed: "./bin/symqg_indexing /home/cc/datasets/space1V/base.fvecs /home/cc/datasets/space1V/query.fvecs /home/cc/datasets/space1V/groundtruth.ivecs 32 128"
	User time (seconds): 515.04
	System time (seconds): 2.04
	Percent of CPU this job got: 99%
	Elapsed (wall clock) time (h:mm:ss or m:ss): 8:37.10
	Average shared text size (kbytes): 0
	Average unshared data size (kbytes): 0
	Average stack size (kbytes): 0
	Average total size (kbytes): 0
	Maximum resident set size (kbytes): 4834300
	Average resident set size (kbytes): 0
	Major (requiring I/O) page faults: 0
	Minor (reclaiming a frame) page faults: 1027080
	Voluntary context switches: 1
	Involuntary context switches: 529
	Swaps: 0
	File system inputs: 0
	File system outputs: 16
	Socket messages sent: 0
	Socket messages received: 0
	Signals delivered: 0
	Page size (bytes): 4096
	Exit status: 0
