File /home/cc/datasets/yi-128-ip/base.fvecs loaded
Rows 187843 Cols 128
File /home/cc/datasets/yi-128-ip/query.fvecs loaded
Rows 100 Cols 128
File /home/cc/datasets/yi-128-ip/groundtruth.ivecs loaded
Rows 100 Cols 100
FhtKacRotator is selected
Setting entry_point to 48352
	Vectors Copied
Supplementing edges...
Supplementing finished...
Indexing time 42.5381 secs
EF	QPS	Recall
10	55042.7	0.1718
20	44716.3	0.2401
40	32009.1	0.3376
50	28778.1	0.3697
60	25780.1	0.4003
80	20730.1	0.4593
100	17995.1	0.5207
150	12431.3	0.655
170	11429.9	0.6945
190	10319.8	0.7239
200	10010.7	0.7399
250	8222.47	0.7944
300	7017.23	0.842
400	5183.15	0.9009
500	4276.04	0.9319
600	3467.5	0.9504
700	2939.92	0.9598
800	2567.93	0.9687
1500	1221.32	0.9899
	Command being timed: "./bin/symqg_indexing /home/cc/datasets/yi-128-ip/base.fvecs /home/cc/datasets/yi-128-ip/query.fvecs /home/cc/datasets/yi-128-ip/groundtruth.ivecs 32 64"
	User time (seconds): 43.22
	System time (seconds): 0.40
	Percent of CPU this job got: 99%
	Elapsed (wall clock) time (h:mm:ss or m:ss): 0:43.63
	Average shared text size (kbytes): 0
	Average unshared data size (kbytes): 0
	Average stack size (kbytes): 0
	Average total size (kbytes): 0
	Maximum resident set size (kbytes): 923116
	Average resident set size (kbytes): 0
	Major (requiring I/O) page faults: 0
	Minor (reclaiming a frame) page faults: 180648
	Voluntary context switches: 36
	Involuntary context switches: 59
	Swaps: 0
	File system inputs: 368
	File system outputs: 16
	Socket messages sent: 0
	Socket messages received: 0
	Signals delivered: 0
	Page size (bytes): 4096
	Exit status: 0
