File /home/cc/datasets/imagenet-clip-512-normalized/base.fvecs loaded
Rows 1000000 Cols 512
File /home/cc/datasets/imagenet-clip-512-normalized/query.fvecs loaded
Rows 100 Cols 512
File /home/cc/datasets/imagenet-clip-512-normalized/groundtruth.ivecs loaded
Rows 100 Cols 100
FhtKacRotator is selected
Setting entry_point to 367595
	Vectors Copied
Supplementing edges...
Supplementing finished...
Indexing time 2156.3 secs
EF	QPS	Recall
10	17598.7	0.3411
20	14962.6	0.3836
40	11570	0.4513
50	10677.4	0.481
60	9718.22	0.5127
80	8119.2	0.5704
100	7117.84	0.6164
150	5554.94	0.7041
170	5150.37	0.7354
190	4802.2	0.7625
200	4677.67	0.7746
250	4012.23	0.8241
300	3428.27	0.862
400	2688.67	0.9116
500	2231.43	0.9377
600	1867.75	0.9565
700	1622.33	0.9682
800	1429.01	0.9761
1500	740.465	0.9942
	Command being timed: "./bin/symqg_indexing /home/cc/datasets/imagenet-clip-512-normalized/base.fvecs /home/cc/datasets/imagenet-clip-512-normalized/query.fvecs /home/cc/datasets/imagenet-clip-512-normalized/groundtruth.ivecs 128 256"
	User time (seconds): 2152.53
	System time (seconds): 7.08
	Percent of CPU this job got: 99%
	Elapsed (wall clock) time (h:mm:ss or m:ss): 35:59.66
	Average shared text size (kbytes): 0
	Average unshared data size (kbytes): 0
	Average stack size (kbytes): 0
	Average total size (kbytes): 0
	Maximum resident set size (kbytes): 18078288
	Average resident set size (kbytes): 0
	Major (requiring I/O) page faults: 0
	Minor (reclaiming a frame) page faults: 2417682
	Voluntary context switches: 1
	Involuntary context switches: 1508
	Swaps: 0
	File system inputs: 0
	File system outputs: 16
	Socket messages sent: 0
	Socket messages received: 0
	Signals delivered: 0
	Page size (bytes): 4096
	Exit status: 0
