File /home/cc/datasets/instancegm/base.fvecs loaded
Rows 1000000 Cols 128
File /home/cc/datasets/instancegm/query.fvecs loaded
Rows 100 Cols 128
File /home/cc/datasets/instancegm/groundtruth.ivecs loaded
Rows 100 Cols 100
FhtKacRotator is selected
Setting entry_point to 897649
	Vectors Copied
Supplementing edges...
Supplementing finished...
Indexing time 1010.68 secs
EF	QPS	Recall
10	29659.3	0.282
20	24736.9	0.3056
40	17927.8	0.35
50	15865.7	0.3643
60	15091.4	0.3766
80	12735.8	0.4104
100	11661.4	0.4394
150	8330.99	0.5084
170	7711.77	0.5329
190	6990.14	0.559
200	6818.25	0.5715
250	5823.42	0.6182
300	4829.54	0.658
400	3823.44	0.7206
500	3119.24	0.7737
600	2618.28	0.8148
700	2050.71	0.8446
800	2003.61	0.8643
1500	980.679	0.9386
	Command being timed: "./bin/symqg_indexing /home/cc/datasets/instancegm/base.fvecs /home/cc/datasets/instancegm/query.fvecs /home/cc/datasets/instancegm/groundtruth.ivecs 128 256"
	User time (seconds): 1008.32
	System time (seconds): 4.81
	Percent of CPU this job got: 99%
	Elapsed (wall clock) time (h:mm:ss or m:ss): 16:56.44
	Average shared text size (kbytes): 0
	Average unshared data size (kbytes): 0
	Average stack size (kbytes): 0
	Average total size (kbytes): 0
	Maximum resident set size (kbytes): 9014936
	Average resident set size (kbytes): 0
	Major (requiring I/O) page faults: 0
	Minor (reclaiming a frame) page faults: 1829901
	Voluntary context switches: 4236
	Involuntary context switches: 502
	Swaps: 0
	File system inputs: 205760
	File system outputs: 16
	Socket messages sent: 0
	Socket messages received: 0
	Signals delivered: 0
	Page size (bytes): 4096
	Exit status: 0
