File /home/cc/datasets/nytimes/base.fvecs loaded
Rows 290000 Cols 256
File /home/cc/datasets/nytimes/query.fvecs loaded
Rows 100 Cols 256
File /home/cc/datasets/nytimes/groundtruth.ivecs loaded
Rows 100 Cols 100
FhtKacRotator is selected
Setting entry_point to 938
	Vectors Copied
Supplementing edges...
Supplementing finished...
Indexing time 229.307 secs
EF	QPS	Recall
10	4968.46	0.4075
20	4295.2	0.4043
40	3407.2	0.3732
50	3456.69	0.3913
60	3130.78	0.418
80	2755.17	0.4768
100	2592.37	0.4833
150	2263.73	0.5024
170	2179.74	0.5024
190	2176.51	0.4925
200	2122.42	0.4628
250	2027.9	0.4233
300	1734.34	0.4231
400	1597.01	0.4231
500	1474.88	0.4231
600	1285.11	0.4132
700	1176.96	0.4132
800	1089.97	0.4132
1500	721.484	0.4037
	Command being timed: "./bin/symqg_indexing /home/cc/datasets/nytimes/base.fvecs /home/cc/datasets/nytimes/query.fvecs /home/cc/datasets/nytimes/groundtruth.ivecs 64 128"
	User time (seconds): 231.76
	System time (seconds): 0.93
	Percent of CPU this job got: 99%
	Elapsed (wall clock) time (h:mm:ss or m:ss): 3:52.70
	Average shared text size (kbytes): 0
	Average unshared data size (kbytes): 0
	Average stack size (kbytes): 0
	Average total size (kbytes): 0
	Maximum resident set size (kbytes): 2400752
	Average resident set size (kbytes): 0
	Major (requiring I/O) page faults: 0
	Minor (reclaiming a frame) page faults: 339770
	Voluntary context switches: 1
	Involuntary context switches: 425
	Swaps: 0
	File system inputs: 0
	File system outputs: 16
	Socket messages sent: 0
	Socket messages received: 0
	Signals delivered: 0
	Page size (bytes): 4096
	Exit status: 0
