File /home/cc/datasets/yahoomusic/base.fvecs loaded
Rows 136736 Cols 300
File /home/cc/datasets/yahoomusic/query.fvecs loaded
Rows 100 Cols 300
File /home/cc/datasets/yahoomusic/groundtruth.ivecs loaded
Rows 100 Cols 100
FhtKacRotator is selected
Setting entry_point to 49796
	Vectors Copied
Supplementing edges...
Supplementing finished...
Indexing time 270.139 secs
EF	QPS	Recall
10	22468	0.4328
20	18875.1	0.4562
40	14442.4	0.4969
50	12944	0.515
60	11804.1	0.5323
80	9863.06	0.5693
100	8728.17	0.599
150	6794.96	0.6678
170	6322.81	0.6948
190	5944.75	0.7179
200	5745.92	0.7272
250	5042.43	0.7751
300	4378.46	0.813
400	3566.01	0.8676
500	3019.37	0.9114
600	2550.16	0.9418
700	2226.15	0.9575
800	1973.1	0.9702
1500	1018.56	0.9966
	Command being timed: "./bin/symqg_indexing /home/cc/datasets/yahoomusic/base.fvecs /home/cc/datasets/yahoomusic/query.fvecs /home/cc/datasets/yahoomusic/groundtruth.ivecs 128 256"
	User time (seconds): 270.96
	System time (seconds): 0.82
	Percent of CPU this job got: 99%
	Elapsed (wall clock) time (h:mm:ss or m:ss): 4:32.46
	Average shared text size (kbytes): 0
	Average unshared data size (kbytes): 0
	Average stack size (kbytes): 0
	Average total size (kbytes): 0
	Maximum resident set size (kbytes): 1845088
	Average resident set size (kbytes): 0
	Major (requiring I/O) page faults: 0
	Minor (reclaiming a frame) page faults: 275228
	Voluntary context switches: 1246
	Involuntary context switches: 252
	Swaps: 0
	File system inputs: 22728
	File system outputs: 16
	Socket messages sent: 0
	Socket messages received: 0
	Signals delivered: 0
	Page size (bytes): 4096
	Exit status: 0
