File /home/cc/datasets/Meier2019JGR/base.fvecs loaded
Rows 1000000 Cols 256
File /home/cc/datasets/Meier2019JGR/query.fvecs loaded
Rows 300 Cols 256
File /home/cc/datasets/Meier2019JGR/groundtruth.ivecs loaded
Rows 300 Cols 100
FhtKacRotator is selected
Setting entry_point to 591855
	Vectors Copied
Supplementing edges...
Supplementing finished...
Indexing time 1421.94 secs
EF	QPS	Recall
10	23621.5	0.261433
20	19613.9	0.299667
40	14752.3	0.350333
50	13231.4	0.369767
60	11916.4	0.388667
80	9866.22	0.420333
100	8763.39	0.441033
150	6528.74	0.495267
170	5941.21	0.515533
190	5508.94	0.532733
200	5291.27	0.541933
250	4477.08	0.587633
300	3713.74	0.623833
400	2866.55	0.674967
500	2345.12	0.716233
600	1941.61	0.7478
700	1675.89	0.7703
800	1469.09	0.789567
1500	724.943	0.8624
	Command being timed: "./bin/symqg_indexing /home/cc/datasets/Meier2019JGR/base.fvecs /home/cc/datasets/Meier2019JGR/query.fvecs /home/cc/datasets/Meier2019JGR/groundtruth.ivecs 128 256"
	User time (seconds): 1422.77
	System time (seconds): 5.30
	Percent of CPU this job got: 99%
	Elapsed (wall clock) time (h:mm:ss or m:ss): 23:48.09
	Average shared text size (kbytes): 0
	Average unshared data size (kbytes): 0
	Average stack size (kbytes): 0
	Average total size (kbytes): 0
	Maximum resident set size (kbytes): 12016652
	Average resident set size (kbytes): 0
	Major (requiring I/O) page faults: 0
	Minor (reclaiming a frame) page faults: 2009665
	Voluntary context switches: 1
	Involuntary context switches: 1200
	Swaps: 0
	File system inputs: 0
	File system outputs: 16
	Socket messages sent: 0
	Socket messages received: 0
	Signals delivered: 0
	Page size (bytes): 4096
	Exit status: 0
