File /home/cc/datasets/yahoo-minilm-384-normalized/base.fvecs loaded
Rows 677305 Cols 384
File /home/cc/datasets/yahoo-minilm-384-normalized/query.fvecs loaded
Rows 100 Cols 384
File /home/cc/datasets/yahoo-minilm-384-normalized/groundtruth.ivecs loaded
Rows 100 Cols 100
FhtKacRotator is selected
Setting entry_point to 553852
	Vectors Copied
Supplementing edges...
Supplementing finished...
Indexing time 648.031 secs
EF	QPS	Recall
10	22191	0.2954
20	19614	0.3446
40	15821.7	0.4193
50	15094.7	0.4496
60	14257.2	0.4784
80	11881.3	0.5405
100	10491	0.6059
150	8045.24	0.7242
170	7478.6	0.7593
190	6894.47	0.7912
200	6593.99	0.8058
250	5555.69	0.8634
300	4617.6	0.9062
400	3528.2	0.9544
500	2851.42	0.9744
600	2330.8	0.984
700	1987.12	0.9889
800	1722.01	0.9923
1500	817.437	0.9987
	Command being timed: "./bin/symqg_indexing /home/cc/datasets/yahoo-minilm-384-normalized/base.fvecs /home/cc/datasets/yahoo-minilm-384-normalized/query.fvecs /home/cc/datasets/yahoo-minilm-384-normalized/groundtruth.ivecs 64 128"
	User time (seconds): 642.89
	System time (seconds): 7.43
	Percent of CPU this job got: 99%
	Elapsed (wall clock) time (h:mm:ss or m:ss): 10:50.35
	Average shared text size (kbytes): 0
	Average unshared data size (kbytes): 0
	Average stack size (kbytes): 0
	Average total size (kbytes): 0
	Maximum resident set size (kbytes): 6950344
	Average resident set size (kbytes): 0
	Major (requiring I/O) page faults: 0
	Minor (reclaiming a frame) page faults: 1195059
	Voluntary context switches: 13
	Involuntary context switches: 566
	Swaps: 0
	File system inputs: 8
	File system outputs: 16
	Socket messages sent: 0
	Socket messages received: 0
	Signals delivered: 0
	Page size (bytes): 4096
	Exit status: 0
