File /home/cc/datasets/nuswide/base.fvecs loaded
Rows 268643 Cols 500
File /home/cc/datasets/nuswide/query.fvecs loaded
Rows 200 Cols 500
File /home/cc/datasets/nuswide/groundtruth.ivecs loaded
Rows 200 Cols 20
FhtKacRotator is selected
Setting entry_point to 218754
	Vectors Copied
Supplementing edges...
Supplementing finished...
Indexing time 182.231 secs
EF	QPS	Recall
10	47008.3	0.259
20	40444.9	0.3735
40	24532.2	0.514
50	20771.8	0.553
60	17927.7	0.5845
80	13880.2	0.62825
100	11566.9	0.66225
150	8019.56	0.72
170	7124.11	0.74
190	6479.6	0.75775
200	6161.61	0.76425
250	4997.81	0.792
300	4145.9	0.81225
400	3100.63	0.84275
500	2471.42	0.86075
600	2013.06	0.8765
700	1711.36	0.88725
800	1479.95	0.897
1500	706.637	0.932
	Command being timed: "./bin/symqg_indexing /home/cc/datasets/nuswide/base.fvecs /home/cc/datasets/nuswide/query.fvecs /home/cc/datasets/nuswide/groundtruth.ivecs 32 128"
	User time (seconds): 184.78
	System time (seconds): 1.05
	Percent of CPU this job got: 99%
	Elapsed (wall clock) time (h:mm:ss or m:ss): 3:05.85
	Average shared text size (kbytes): 0
	Average unshared data size (kbytes): 0
	Average stack size (kbytes): 0
	Average total size (kbytes): 0
	Maximum resident set size (kbytes): 2502436
	Average resident set size (kbytes): 0
	Major (requiring I/O) page faults: 0
	Minor (reclaiming a frame) page faults: 355932
	Voluntary context switches: 1
	Involuntary context switches: 329
	Swaps: 0
	File system inputs: 0
	File system outputs: 16
	Socket messages sent: 0
	Socket messages received: 0
	Signals delivered: 0
	Page size (bytes): 4096
	Exit status: 0
