File /home/cc/datasets/imagenet-clip-512-normalized/base.fvecs loaded
Rows 1000000 Cols 512
File /home/cc/datasets/imagenet-clip-512-normalized/query.fvecs loaded
Rows 100 Cols 512
File /home/cc/datasets/imagenet-clip-512-normalized/groundtruth.ivecs loaded
Rows 100 Cols 100
FhtKacRotator is selected
Setting entry_point to 367595
	Vectors Copied
Supplementing edges...
Supplementing finished...
Indexing time 677.411 secs
EF	QPS	Recall
10	22945.9	0.3432
20	20733.7	0.3774
40	17449	0.4423
50	16401.4	0.4719
60	15404	0.5111
80	13408.6	0.5684
100	12307.9	0.6239
150	9692.4	0.7437
170	8964.06	0.7802
190	8330.89	0.8149
200	7998.56	0.8305
250	6719.41	0.8918
300	5681.67	0.9318
400	4375.65	0.9706
500	3567.01	0.9821
600	2930.34	0.9886
700	2519.09	0.9907
800	2197.34	0.9927
1500	1090.14	0.9972
	Command being timed: "./bin/symqg_indexing /home/cc/datasets/imagenet-clip-512-normalized/base.fvecs /home/cc/datasets/imagenet-clip-512-normalized/query.fvecs /home/cc/datasets/imagenet-clip-512-normalized/groundtruth.ivecs 32 128"
	User time (seconds): 674.22
	System time (seconds): 6.29
	Percent of CPU this job got: 99%
	Elapsed (wall clock) time (h:mm:ss or m:ss): 11:23.00
	Average shared text size (kbytes): 0
	Average unshared data size (kbytes): 0
	Average stack size (kbytes): 0
	Average total size (kbytes): 0
	Maximum resident set size (kbytes): 9389116
	Average resident set size (kbytes): 0
	Major (requiring I/O) page faults: 0
	Minor (reclaiming a frame) page faults: 1444634
	Voluntary context switches: 15635
	Involuntary context switches: 612
	Swaps: 0
	File system inputs: 4000120
	File system outputs: 24
	Socket messages sent: 0
	Socket messages received: 0
	Signals delivered: 0
	Page size (bytes): 4096
	Exit status: 0
