File /home/cc/datasets/arxiv-nomic-768-normalized/base.fvecs loaded
Rows 1000000 Cols 768
File /home/cc/datasets/arxiv-nomic-768-normalized/query.fvecs loaded
Rows 100 Cols 768
File /home/cc/datasets/arxiv-nomic-768-normalized/groundtruth.ivecs loaded
Rows 100 Cols 100
FhtKacRotator is selected
Setting entry_point to 256819
	Vectors Copied
Supplementing edges...
Supplementing finished...
Indexing time 2864.35 secs
EF	QPS	Recall
10	12972.8	0.3025
20	10815	0.3433
40	8644.07	0.4088
50	7873.48	0.4407
60	7217.43	0.4722
80	6145.68	0.5295
100	5419.13	0.5845
150	4335.14	0.6948
170	4021.29	0.7268
190	3769.99	0.7547
200	3672.26	0.7673
250	3156.64	0.8264
300	2737.87	0.8695
400	2173.23	0.9214
500	1707.54	0.9501
600	1503.99	0.9671
700	1310.31	0.9751
800	1150.2	0.982
1500	593.202	0.9981
	Command being timed: "./bin/symqg_indexing /home/cc/datasets/arxiv-nomic-768-normalized/base.fvecs /home/cc/datasets/arxiv-nomic-768-normalized/query.fvecs /home/cc/datasets/arxiv-nomic-768-normalized/groundtruth.ivecs 128 256"
	User time (seconds): 2859.21
	System time (seconds): 9.79
	Percent of CPU this job got: 99%
	Elapsed (wall clock) time (h:mm:ss or m:ss): 47:49.06
	Average shared text size (kbytes): 0
	Average unshared data size (kbytes): 0
	Average stack size (kbytes): 0
	Average total size (kbytes): 0
	Maximum resident set size (kbytes): 24026900
	Average resident set size (kbytes): 0
	Major (requiring I/O) page faults: 0
	Minor (reclaiming a frame) page faults: 2841250
	Voluntary context switches: 1
	Involuntary context switches: 2323
	Swaps: 0
	File system inputs: 0
	File system outputs: 16
	Socket messages sent: 0
	Socket messages received: 0
	Signals delivered: 0
	Page size (bytes): 4096
	Exit status: 0
