File /home/cc/datasets/landmark-nomic-768-normalized/base.fvecs loaded
Rows 760757 Cols 768
File /home/cc/datasets/landmark-nomic-768-normalized/query.fvecs loaded
Rows 100 Cols 768
File /home/cc/datasets/landmark-nomic-768-normalized/groundtruth.ivecs loaded
Rows 100 Cols 100
FhtKacRotator is selected
Setting entry_point to 243818
	Vectors Copied
Supplementing edges...
Supplementing finished...
Indexing time 1514.63 secs
EF	QPS	Recall
10	15775.7	0.3397
20	13778.6	0.3691
40	11094.8	0.4208
50	10243.7	0.4431
60	9434.48	0.4695
80	8097.98	0.5162
100	7250.75	0.5584
150	5802.53	0.6501
170	5392.97	0.6824
190	5117.85	0.7101
200	4974.04	0.7227
250	4316.79	0.7831
300	3795.35	0.8311
400	3080.49	0.8941
500	2611.15	0.9325
600	2219.11	0.9526
700	1936.81	0.9667
800	1712.29	0.9759
1500	900.351	0.9966
	Command being timed: "./bin/symqg_indexing /home/cc/datasets/landmark-nomic-768-normalized/base.fvecs /home/cc/datasets/landmark-nomic-768-normalized/query.fvecs /home/cc/datasets/landmark-nomic-768-normalized/groundtruth.ivecs 96 192"
	User time (seconds): 1512.41
	System time (seconds): 5.57
	Percent of CPU this job got: 99%
	Elapsed (wall clock) time (h:mm:ss or m:ss): 25:17.99
	Average shared text size (kbytes): 0
	Average unshared data size (kbytes): 0
	Average stack size (kbytes): 0
	Average total size (kbytes): 0
	Maximum resident set size (kbytes): 15357560
	Average resident set size (kbytes): 0
	Major (requiring I/O) page faults: 0
	Minor (reclaiming a frame) page faults: 1712538
	Voluntary context switches: 7
	Involuntary context switches: 806
	Swaps: 0
	File system inputs: 0
	File system outputs: 16
	Socket messages sent: 0
	Socket messages received: 0
	Signals delivered: 0
	Page size (bytes): 4096
	Exit status: 0
