File /home/cc/datasets/instancegm/base.fvecs loaded
Rows 1000000 Cols 128
File /home/cc/datasets/instancegm/query.fvecs loaded
Rows 100 Cols 128
File /home/cc/datasets/instancegm/groundtruth.ivecs loaded
Rows 100 Cols 100
FhtKacRotator is selected
Setting entry_point to 897649
	Vectors Copied
Supplementing edges...
Supplementing finished...
Indexing time 754.227 secs
EF	QPS	Recall
10	31943.1	0.2757
20	25289.4	0.3047
40	19319	0.3434
50	17613.6	0.359
60	16055.6	0.3798
80	13427.7	0.4094
100	11902.8	0.4451
150	8900.96	0.5103
170	8260.94	0.5368
190	7644.02	0.5595
200	7342.03	0.5715
250	6285.84	0.6163
300	5206.41	0.6554
400	4206.16	0.7169
500	3565.39	0.7606
600	2985.74	0.7986
700	2584.88	0.8311
800	2269.74	0.8592
1500	1133.8	0.9407
	Command being timed: "./bin/symqg_indexing /home/cc/datasets/instancegm/base.fvecs /home/cc/datasets/instancegm/query.fvecs /home/cc/datasets/instancegm/groundtruth.ivecs 96 192"
	User time (seconds): 752.71
	System time (seconds): 3.72
	Percent of CPU this job got: 99%
	Elapsed (wall clock) time (h:mm:ss or m:ss): 12:39.74
	Average shared text size (kbytes): 0
	Average unshared data size (kbytes): 0
	Average stack size (kbytes): 0
	Average total size (kbytes): 0
	Maximum resident set size (kbytes): 7638124
	Average resident set size (kbytes): 0
	Major (requiring I/O) page faults: 0
	Minor (reclaiming a frame) page faults: 1516932
	Voluntary context switches: 4265
	Involuntary context switches: 426
	Swaps: 0
	File system inputs: 207944
	File system outputs: 16
	Socket messages sent: 0
	Socket messages received: 0
	Signals delivered: 0
	Page size (bytes): 4096
	Exit status: 0
