File /home/cc/datasets/nytimes/base.fvecs loaded
Rows 290000 Cols 256
File /home/cc/datasets/nytimes/query.fvecs loaded
Rows 100 Cols 256
File /home/cc/datasets/nytimes/groundtruth.ivecs loaded
Rows 100 Cols 100
FhtKacRotator is selected
Setting entry_point to 938
	Vectors Copied
Supplementing edges...
Supplementing finished...
Indexing time 440.48 secs
EF	QPS	Recall
10	2299.49	0.4905
20	1979.41	0.4905
40	1633.2	0.4812
50	1635.33	0.4812
60	1448.87	0.4812
80	1311.98	0.4741
100	1229.87	0.4741
150	1036.84	0.4741
170	1083.92	0.4741
190	1062.07	0.4741
200	1053.39	0.4741
250	923.082	0.4741
300	824.544	0.4741
400	746.314	0.4741
500	639.329	0.4741
600	574.223	0.4741
700	540.91	0.4741
800	501.5	0.4741
1500	331.951	0.4741
	Command being timed: "./bin/symqg_indexing /home/cc/datasets/nytimes/base.fvecs /home/cc/datasets/nytimes/query.fvecs /home/cc/datasets/nytimes/groundtruth.ivecs 96 192"
	User time (seconds): 446.22
	System time (seconds): 1.18
	Percent of CPU this job got: 99%
	Elapsed (wall clock) time (h:mm:ss or m:ss): 7:27.48
	Average shared text size (kbytes): 0
	Average unshared data size (kbytes): 0
	Average stack size (kbytes): 0
	Average total size (kbytes): 0
	Maximum resident set size (kbytes): 2944468
	Average resident set size (kbytes): 0
	Major (requiring I/O) page faults: 0
	Minor (reclaiming a frame) page faults: 381360
	Voluntary context switches: 556
	Involuntary context switches: 297
	Swaps: 0
	File system inputs: 9744
	File system outputs: 16
	Socket messages sent: 0
	Socket messages received: 0
	Signals delivered: 0
	Page size (bytes): 4096
	Exit status: 0
