File /home/cc/datasets/imagenet-align-640-normalized/base.fvecs loaded
Rows 1000000 Cols 640
File /home/cc/datasets/imagenet-align-640-normalized/query.fvecs loaded
Rows 100 Cols 640
File /home/cc/datasets/imagenet-align-640-normalized/groundtruth.ivecs loaded
Rows 100 Cols 100
FhtKacRotator is selected
Setting entry_point to 65280
	Vectors Copied
Supplementing edges...
Supplementing finished...
Indexing time 1095.59 secs
EF	QPS	Recall
10	14394.2	0.1713
20	12609.3	0.2253
40	10887.5	0.2961
50	9872.58	0.3344
60	8901.92	0.3682
80	7344.5	0.4316
100	6537.28	0.4813
150	4878.82	0.5777
170	4387.8	0.6088
190	3845.35	0.6385
200	3813.99	0.6508
250	3143.26	0.7195
300	2638.65	0.7581
400	2021.49	0.8076
500	1645.44	0.8439
600	1362.6	0.8696
700	1172.89	0.8891
800	1026.26	0.9018
1500	512.823	0.9481
	Command being timed: "./bin/symqg_indexing /home/cc/datasets/imagenet-align-640-normalized/base.fvecs /home/cc/datasets/imagenet-align-640-normalized/query.fvecs /home/cc/datasets/imagenet-align-640-normalized/groundtruth.ivecs 64 128"
	User time (seconds): 1093.67
	System time (seconds): 6.32
	Percent of CPU this job got: 99%
	Elapsed (wall clock) time (h:mm:ss or m:ss): 18:20.01
	Average shared text size (kbytes): 0
	Average unshared data size (kbytes): 0
	Average stack size (kbytes): 0
	Average total size (kbytes): 0
	Maximum resident set size (kbytes): 14262860
	Average resident set size (kbytes): 0
	Major (requiring I/O) page faults: 0
	Minor (reclaiming a frame) page faults: 1851891
	Voluntary context switches: 2
	Involuntary context switches: 661
	Swaps: 0
	File system inputs: 0
	File system outputs: 16
	Socket messages sent: 0
	Socket messages received: 0
	Signals delivered: 0
	Page size (bytes): 4096
	Exit status: 0
