File /home/cc/datasets/yahoo-minilm-384-normalized/base.fvecs loaded
Rows 677305 Cols 384
File /home/cc/datasets/yahoo-minilm-384-normalized/query.fvecs loaded
Rows 100 Cols 384
File /home/cc/datasets/yahoo-minilm-384-normalized/groundtruth.ivecs loaded
Rows 100 Cols 100
FhtKacRotator is selected
Setting entry_point to 553852
	Vectors Copied
Supplementing edges...
Supplementing finished...
Indexing time 330.148 secs
EF	QPS	Recall
10	26866.7	0.3004
20	23369.8	0.3427
40	19375.9	0.4183
50	17843.2	0.4584
60	16731	0.4886
80	14469.3	0.554
100	12929.6	0.6181
150	9824.68	0.7438
170	8938.19	0.7832
190	8247.59	0.8135
200	7903.13	0.8281
250	6555.8	0.8853
300	5467.14	0.9192
400	4183.41	0.9557
500	3374.25	0.9691
600	2758.85	0.9779
700	2354.56	0.9841
800	2042.85	0.9866
1500	980.998	0.9951
	Command being timed: "./bin/symqg_indexing /home/cc/datasets/yahoo-minilm-384-normalized/base.fvecs /home/cc/datasets/yahoo-minilm-384-normalized/query.fvecs /home/cc/datasets/yahoo-minilm-384-normalized/groundtruth.ivecs 32 64"
	User time (seconds): 329.32
	System time (seconds): 2.92
	Percent of CPU this job got: 99%
	Elapsed (wall clock) time (h:mm:ss or m:ss): 5:32.26
	Average shared text size (kbytes): 0
	Average unshared data size (kbytes): 0
	Average stack size (kbytes): 0
	Average total size (kbytes): 0
	Maximum resident set size (kbytes): 5354064
	Average resident set size (kbytes): 0
	Major (requiring I/O) page faults: 0
	Minor (reclaiming a frame) page faults: 872614
	Voluntary context switches: 6
	Involuntary context switches: 332
	Swaps: 0
	File system inputs: 8
	File system outputs: 16
	Socket messages sent: 0
	Socket messages received: 0
	Signals delivered: 0
	Page size (bytes): 4096
	Exit status: 0
