File /home/cc/datasets/txed/base.fvecs loaded
Rows 519589 Cols 256
File /home/cc/datasets/txed/query.fvecs loaded
Rows 100 Cols 256
File /home/cc/datasets/txed/groundtruth.ivecs loaded
Rows 100 Cols 100
FhtKacRotator is selected
Setting entry_point to 29486
	Vectors Copied
Supplementing edges...
Supplementing finished...
Indexing time 790.401 secs
EF	QPS	Recall
10	22787.1	0.1208
20	17389.3	0.1857
40	12385.2	0.2716
50	10978.1	0.2968
60	9837.17	0.3287
80	8037.65	0.3789
100	7162.81	0.4119
150	5228.84	0.4769
170	4692.35	0.5023
190	4311.81	0.523
200	4127.46	0.5317
250	3475.54	0.5654
300	2903.5	0.5956
400	2222.79	0.6406
500	1794.02	0.6759
600	1497.14	0.7012
700	1292.41	0.7226
800	1097.67	0.7397
1500	525.292	0.814
	Command being timed: "./bin/symqg_indexing /home/cc/datasets/txed/base.fvecs /home/cc/datasets/txed/query.fvecs /home/cc/datasets/txed/groundtruth.ivecs 128 256"
	User time (seconds): 790.48
	System time (seconds): 3.09
	Percent of CPU this job got: 99%
	Elapsed (wall clock) time (h:mm:ss or m:ss): 13:16.93
	Average shared text size (kbytes): 0
	Average unshared data size (kbytes): 0
	Average stack size (kbytes): 0
	Average total size (kbytes): 0
	Maximum resident set size (kbytes): 6247260
	Average resident set size (kbytes): 0
	Major (requiring I/O) page faults: 0
	Minor (reclaiming a frame) page faults: 1019867
	Voluntary context switches: 4381
	Involuntary context switches: 419
	Swaps: 0
	File system inputs: 190368
	File system outputs: 16
	Socket messages sent: 0
	Socket messages received: 0
	Signals delivered: 0
	Page size (bytes): 4096
	Exit status: 0
