File /home/cc/datasets/lendb/base.fvecs loaded
Rows 1000000 Cols 256
File /home/cc/datasets/lendb/query.fvecs loaded
Rows 100 Cols 256
File /home/cc/datasets/lendb/groundtruth.ivecs loaded
Rows 100 Cols 100
FhtKacRotator is selected
Setting entry_point to 721860
	Vectors Copied
Supplementing edges...
Supplementing finished...
Indexing time 438.264 secs
EF	QPS	Recall
10	34269.8	0.3633
20	30958.3	0.3903
40	25653	0.4532
50	24192.9	0.4861
60	22452.7	0.516
80	19356.5	0.573
100	17149.3	0.6365
150	13361.5	0.7747
170	12335.4	0.8195
190	11478	0.8598
200	11117.1	0.8781
250	9317.78	0.9418
300	7783.57	0.9723
400	5938.65	0.9883
500	4814.78	0.9913
600	3948.12	0.9921
700	3388.54	0.9927
800	2945.62	0.9931
1500	1439.43	0.9942
	Command being timed: "./bin/symqg_indexing /home/cc/datasets/lendb/base.fvecs /home/cc/datasets/lendb/query.fvecs /home/cc/datasets/lendb/groundtruth.ivecs 32 128"
	User time (seconds): 437.45
	System time (seconds): 2.51
	Percent of CPU this job got: 99%
	Elapsed (wall clock) time (h:mm:ss or m:ss): 7:19.98
	Average shared text size (kbytes): 0
	Average unshared data size (kbytes): 0
	Average stack size (kbytes): 0
	Average total size (kbytes): 0
	Maximum resident set size (kbytes): 6386488
	Average resident set size (kbytes): 0
	Major (requiring I/O) page faults: 0
	Minor (reclaiming a frame) page faults: 1121467
	Voluntary context switches: 1
	Involuntary context switches: 407
	Swaps: 0
	File system inputs: 0
	File system outputs: 16
	Socket messages sent: 0
	Socket messages received: 0
	Signals delivered: 0
	Page size (bytes): 4096
	Exit status: 0
