File /home/cc/datasets/notre/base.fvecs loaded
Rows 332668 Cols 128
File /home/cc/datasets/notre/query.fvecs loaded
Rows 200 Cols 128
File /home/cc/datasets/notre/groundtruth.ivecs loaded
Rows 200 Cols 20
FhtKacRotator is selected
Setting entry_point to 65892
	Vectors Copied
Supplementing edges...
Supplementing finished...
Indexing time 250.217 secs
EF	QPS	Recall
10	52644.2	0.636
20	44438.4	0.71325
40	30589.4	0.82875
50	27384.8	0.87625
60	23946.4	0.9055
80	18431.6	0.94475
100	15354.5	0.96375
150	10799.8	0.9865
170	9769.06	0.98975
190	8873.42	0.9915
200	8691	0.9925
250	7047.42	0.9945
300	5793.68	0.996
400	4430.94	0.99775
500	3581.02	0.9985
600	2890.65	0.9995
700	2448.6	0.99975
800	2107.63	0.99975
1500	1001.78	1
	Command being timed: "./bin/symqg_indexing /home/cc/datasets/notre/base.fvecs /home/cc/datasets/notre/query.fvecs /home/cc/datasets/notre/groundtruth.ivecs 96 192"
	User time (seconds): 251.71
	System time (seconds): 0.99
	Percent of CPU this job got: 99%
	Elapsed (wall clock) time (h:mm:ss or m:ss): 4:12.71
	Average shared text size (kbytes): 0
	Average unshared data size (kbytes): 0
	Average stack size (kbytes): 0
	Average total size (kbytes): 0
	Maximum resident set size (kbytes): 2548620
	Average resident set size (kbytes): 0
	Major (requiring I/O) page faults: 0
	Minor (reclaiming a frame) page faults: 398583
	Voluntary context switches: 1
	Involuntary context switches: 311
	Swaps: 0
	File system inputs: 0
	File system outputs: 16
	Socket messages sent: 0
	Socket messages received: 0
	Signals delivered: 0
	Page size (bytes): 4096
	Exit status: 0
