File /home/cc/datasets/yahoo-minilm-384-normalized/base.fvecs loaded
Rows 677305 Cols 384
File /home/cc/datasets/yahoo-minilm-384-normalized/query.fvecs loaded
Rows 100 Cols 384
File /home/cc/datasets/yahoo-minilm-384-normalized/groundtruth.ivecs loaded
Rows 100 Cols 100
FhtKacRotator is selected
Setting entry_point to 553852
	Vectors Copied
Supplementing edges...
Supplementing finished...
Indexing time 967.303 secs
EF	QPS	Recall
10	23885.9	0.2486
20	19378.8	0.2988
40	14180.1	0.3878
50	12618.9	0.4348
60	11375.5	0.4746
80	9408.8	0.5451
100	8198.59	0.6046
150	6384.81	0.7201
170	5896.54	0.7545
190	5426.64	0.7877
200	5240.48	0.8017
250	4378.74	0.8586
300	3662	0.8961
400	2808.51	0.9459
500	2274.97	0.9703
600	1870.99	0.9831
700	1600.35	0.9905
800	1389.19	0.9937
1500	668.184	0.9986
	Command being timed: "./bin/symqg_indexing /home/cc/datasets/yahoo-minilm-384-normalized/base.fvecs /home/cc/datasets/yahoo-minilm-384-normalized/query.fvecs /home/cc/datasets/yahoo-minilm-384-normalized/groundtruth.ivecs 96 192"
	User time (seconds): 960.32
	System time (seconds): 9.84
	Percent of CPU this job got: 99%
	Elapsed (wall clock) time (h:mm:ss or m:ss): 16:11.73
	Average shared text size (kbytes): 0
	Average unshared data size (kbytes): 0
	Average stack size (kbytes): 0
	Average total size (kbytes): 0
	Maximum resident set size (kbytes): 8563660
	Average resident set size (kbytes): 0
	Major (requiring I/O) page faults: 2
	Minor (reclaiming a frame) page faults: 2072935
	Voluntary context switches: 6697
	Involuntary context switches: 1035
	Swaps: 0
	File system inputs: 331016
	File system outputs: 16
	Socket messages sent: 0
	Socket messages received: 0
	Signals delivered: 0
	Page size (bytes): 4096
	Exit status: 0
