File /home/cc/datasets/uqv/base.fvecs loaded
Rows 1000000 Cols 256
File /home/cc/datasets/uqv/query.fvecs loaded
Rows 10000 Cols 256
File /home/cc/datasets/uqv/groundtruth.ivecs loaded
Rows 10000 Cols 100
FhtKacRotator is selected
Setting entry_point to 935207
	Vectors Copied
Supplementing edges...
Supplementing finished...
Indexing time 329.69 secs
EF	QPS	Recall
10	30937.9	0.351015
20	26627.1	0.37325
40	21488.1	0.415746
50	20414.8	0.435196
60	18884.7	0.453663
80	16495.7	0.491107
100	15286.4	0.526784
150	12282.2	0.603879
170	11543.4	0.630777
190	10823.2	0.65436
200	10414.5	0.665263
250	9068.65	0.714872
300	7616.12	0.753431
400	6146.11	0.798899
500	5061.91	0.826142
600	4234.21	0.845783
700	3642.78	0.877422
800	3183.12	0.899639
1500	1557.08	0.951532
	Command being timed: "./bin/symqg_indexing /home/cc/datasets/uqv/base.fvecs /home/cc/datasets/uqv/query.fvecs /home/cc/datasets/uqv/groundtruth.ivecs 32 64"
	User time (seconds): 413.68
	System time (seconds): 4.58
	Percent of CPU this job got: 99%
	Elapsed (wall clock) time (h:mm:ss or m:ss): 6:59.65
	Average shared text size (kbytes): 0
	Average unshared data size (kbytes): 0
	Average stack size (kbytes): 0
	Average total size (kbytes): 0
	Maximum resident set size (kbytes): 6405304
	Average resident set size (kbytes): 0
	Major (requiring I/O) page faults: 0
	Minor (reclaiming a frame) page faults: 2180306
	Voluntary context switches: 8760
	Involuntary context switches: 363
	Swaps: 0
	File system inputs: 36960
	File system outputs: 16
	Socket messages sent: 0
	Socket messages received: 0
	Signals delivered: 0
	Page size (bytes): 4096
	Exit status: 0
