File /home/cc/datasets/celeba-resnet-2048-cosine/base.fvecs loaded
Rows 201599 Cols 2048
File /home/cc/datasets/celeba-resnet-2048-cosine/query.fvecs loaded
Rows 100 Cols 2048
File /home/cc/datasets/celeba-resnet-2048-cosine/groundtruth.ivecs loaded
Rows 100 Cols 100
FhtKacRotator is selected
Setting entry_point to 97023
	Vectors Copied
Supplementing edges...
Supplementing finished...
Indexing time 316.819 secs
EF	QPS	Recall
10	9266.83	0.0919
20	8159.88	0.1174
40	6754.13	0.1639
50	6365.92	0.1801
60	6003.5	0.1924
80	5111.26	0.2241
100	4558.7	0.2461
150	3532.14	0.2775
170	3060.54	0.2948
190	2793.64	0.3011
200	2678.9	0.3049
250	2164.11	0.314
300	1839.26	0.32
400	1410.61	0.33
500	1148.21	0.3362
600	920.402	0.3461
700	798.567	0.3507
800	703.401	0.3547
1500	379.424	0.3747
	Command being timed: "./bin/symqg_indexing /home/cc/datasets/celeba-resnet-2048-cosine/base.fvecs /home/cc/datasets/celeba-resnet-2048-cosine/query.fvecs /home/cc/datasets/celeba-resnet-2048-cosine/groundtruth.ivecs 32 64"
	User time (seconds): 318.51
	System time (seconds): 3.32
	Percent of CPU this job got: 98%
	Elapsed (wall clock) time (h:mm:ss or m:ss): 5:26.19
	Average shared text size (kbytes): 0
	Average unshared data size (kbytes): 0
	Average stack size (kbytes): 0
	Average total size (kbytes): 0
	Maximum resident set size (kbytes): 5522708
	Average resident set size (kbytes): 0
	Major (requiring I/O) page faults: 0
	Minor (reclaiming a frame) page faults: 926868
	Voluntary context switches: 14500
	Involuntary context switches: 281
	Swaps: 0
	File system inputs: 2050104
	File system outputs: 16
	Socket messages sent: 0
	Socket messages received: 0
	Signals delivered: 0
	Page size (bytes): 4096
	Exit status: 0
