File /home/cc/datasets/landmark-dino-768-cosine/base.fvecs loaded
Rows 760757 Cols 768
File /home/cc/datasets/landmark-dino-768-cosine/query.fvecs loaded
Rows 100 Cols 768
File /home/cc/datasets/landmark-dino-768-cosine/groundtruth.ivecs loaded
Rows 100 Cols 100
FhtKacRotator is selected
Setting entry_point to 576192
	Vectors Copied
Supplementing edges...
Supplementing finished...
Indexing time 1001.97 secs
EF	QPS	Recall
10	14080.7	0.2852
20	12460.7	0.3345
40	10717	0.4095
50	10159.8	0.4468
60	9477.5	0.4823
80	8194.54	0.5551
100	7314.75	0.6145
150	5762.82	0.7427
170	5314.73	0.7813
190	4928.48	0.8152
200	4734.51	0.83
250	4004.56	0.8825
300	3410.67	0.9193
400	2640.06	0.9609
500	2165.46	0.9767
600	1800.22	0.9842
700	1553.92	0.9891
800	1357.64	0.9925
1500	693.942	0.9985
	Command being timed: "./bin/symqg_indexing /home/cc/datasets/landmark-dino-768-cosine/base.fvecs /home/cc/datasets/landmark-dino-768-cosine/query.fvecs /home/cc/datasets/landmark-dino-768-cosine/groundtruth.ivecs 64 128"
	User time (seconds): 996.77
	System time (seconds): 9.11
	Percent of CPU this job got: 99%
	Elapsed (wall clock) time (h:mm:ss or m:ss): 16:48.70
	Average shared text size (kbytes): 0
	Average unshared data size (kbytes): 0
	Average stack size (kbytes): 0
	Average total size (kbytes): 0
	Maximum resident set size (kbytes): 12371044
	Average resident set size (kbytes): 0
	Major (requiring I/O) page faults: 0
	Minor (reclaiming a frame) page faults: 1842811
	Voluntary context switches: 13435
	Involuntary context switches: 1625
	Swaps: 0
	File system inputs: 894840
	File system outputs: 16
	Socket messages sent: 0
	Socket messages received: 0
	Signals delivered: 0
	Page size (bytes): 4096
	Exit status: 0
