File /home/cc/datasets/ethz/base.fvecs loaded
Rows 36643 Cols 256
File /home/cc/datasets/ethz/query.fvecs loaded
Rows 100 Cols 256
File /home/cc/datasets/ethz/groundtruth.ivecs loaded
Rows 100 Cols 100
FhtKacRotator is selected
Setting entry_point to 26008
	Vectors Copied
Supplementing edges...
Supplementing finished...
Indexing time 13.6246 secs
EF	QPS	Recall
10	37755	0.4222
20	35349.4	0.4303
40	29725.7	0.4415
50	28843.3	0.4491
60	26905.8	0.4548
80	23529.8	0.4668
100	21109	0.4825
150	16315.7	0.5363
170	14812.3	0.5628
190	14051.8	0.5895
200	13609.3	0.6061
250	11646	0.6766
300	10018.2	0.7374
400	7857.97	0.8546
500	6381.71	0.9323
600	5207.61	0.9575
700	4427.45	0.9624
800	3815.16	0.9655
1500	1767.56	0.9761
	Command being timed: "./bin/symqg_indexing /home/cc/datasets/ethz/base.fvecs /home/cc/datasets/ethz/query.fvecs /home/cc/datasets/ethz/groundtruth.ivecs 32 128"
	User time (seconds): 14.26
	System time (seconds): 0.09
	Percent of CPU this job got: 99%
	Elapsed (wall clock) time (h:mm:ss or m:ss): 0:14.36
	Average shared text size (kbytes): 0
	Average unshared data size (kbytes): 0
	Average stack size (kbytes): 0
	Average total size (kbytes): 0
	Maximum resident set size (kbytes): 238920
	Average resident set size (kbytes): 0
	Major (requiring I/O) page faults: 0
	Minor (reclaiming a frame) page faults: 38055
	Voluntary context switches: 1
	Involuntary context switches: 21
	Swaps: 0
	File system inputs: 0
	File system outputs: 16
	Socket messages sent: 0
	Socket messages received: 0
	Signals delivered: 0
	Page size (bytes): 4096
	Exit status: 0
