File /home/cc/datasets/seismic1m/base.fvecs loaded
Rows 1000000 Cols 256
File /home/cc/datasets/seismic1m/query.fvecs loaded
Rows 100 Cols 256
File /home/cc/datasets/seismic1m/groundtruth.ivecs loaded
Rows 100 Cols 100
FhtKacRotator is selected
Setting entry_point to 661549
	Vectors Copied
Supplementing edges...
Supplementing finished...
Indexing time 1407.96 secs
EF	QPS	Recall
10	47395.4	0.0847
20	34553.5	0.123
40	22771.4	0.1921
50	19414.7	0.2321
60	17270	0.2602
80	13539.6	0.298
100	11711.6	0.3358
150	7788.91	0.4115
170	6858.35	0.4479
190	6105.42	0.477
200	5793.11	0.4881
250	4625.41	0.5273
300	3800.8	0.5507
400	2800.13	0.5821
500	2194.04	0.6063
600	1767.39	0.6188
700	1497.09	0.6324
800	1301.3	0.6401
1500	585.341	0.6896
	Command being timed: "./bin/symqg_indexing /home/cc/datasets/seismic1m/base.fvecs /home/cc/datasets/seismic1m/query.fvecs /home/cc/datasets/seismic1m/groundtruth.ivecs 96 192"
	User time (seconds): 1406.04
	System time (seconds): 4.65
	Percent of CPU this job got: 99%
	Elapsed (wall clock) time (h:mm:ss or m:ss): 23:30.72
	Average shared text size (kbytes): 0
	Average unshared data size (kbytes): 0
	Average stack size (kbytes): 0
	Average total size (kbytes): 0
	Maximum resident set size (kbytes): 10275760
	Average resident set size (kbytes): 0
	Major (requiring I/O) page faults: 0
	Minor (reclaiming a frame) page faults: 1753754
	Voluntary context switches: 1
	Involuntary context switches: 1213
	Swaps: 0
	File system inputs: 0
	File system outputs: 16
	Socket messages sent: 0
	Socket messages received: 0
	Signals delivered: 0
	Page size (bytes): 4096
	Exit status: 0
