File /home/cc/datasets/celeba-resnet-2048-cosine/base.fvecs loaded
Rows 201599 Cols 2048
File /home/cc/datasets/celeba-resnet-2048-cosine/query.fvecs loaded
Rows 100 Cols 2048
File /home/cc/datasets/celeba-resnet-2048-cosine/groundtruth.ivecs loaded
Rows 100 Cols 100
FhtKacRotator is selected
Setting entry_point to 97023
	Vectors Copied
Supplementing edges...
Supplementing finished...
Indexing time 668.715 secs
EF	QPS	Recall
10	7287.72	0.0405
20	6208.73	0.0557
40	5090.71	0.073
50	4616.65	0.0864
60	4167.7	0.0967
80	3446.46	0.1088
100	3140	0.1168
150	2296.07	0.1397
170	2017.45	0.1437
190	1839.15	0.1472
200	1766.35	0.1495
250	1479.53	0.1572
300	1204.7	0.1627
400	922.995	0.1701
500	765.004	0.1753
600	642.148	0.1799
700	538.172	0.1852
800	479.948	0.1877
1500	256.624	0.205
	Command being timed: "./bin/symqg_indexing /home/cc/datasets/celeba-resnet-2048-cosine/base.fvecs /home/cc/datasets/celeba-resnet-2048-cosine/query.fvecs /home/cc/datasets/celeba-resnet-2048-cosine/groundtruth.ivecs 64 128"
	User time (seconds): 670.84
	System time (seconds): 4.63
	Percent of CPU this job got: 99%
	Elapsed (wall clock) time (h:mm:ss or m:ss): 11:19.74
	Average shared text size (kbytes): 0
	Average unshared data size (kbytes): 0
	Average stack size (kbytes): 0
	Average total size (kbytes): 0
	Maximum resident set size (kbytes): 7316088
	Average resident set size (kbytes): 0
	Major (requiring I/O) page faults: 0
	Minor (reclaiming a frame) page faults: 815645
	Voluntary context switches: 14411
	Involuntary context switches: 1790
	Swaps: 0
	File system inputs: 1178752
	File system outputs: 16
	Socket messages sent: 0
	Socket messages received: 0
	Signals delivered: 0
	Page size (bytes): 4096
	Exit status: 0
