File /home/cc/datasets/Iquique/base.fvecs loaded
Rows 578853 Cols 256
File /home/cc/datasets/Iquique/query.fvecs loaded
Rows 300 Cols 256
File /home/cc/datasets/Iquique/groundtruth.ivecs loaded
Rows 300 Cols 100
FhtKacRotator is selected
Setting entry_point to 420768
	Vectors Copied
Supplementing edges...
Supplementing finished...
Indexing time 444.58 secs
EF	QPS	Recall
10	25693	0.184233
20	20544.7	0.2359
40	16882.3	0.310167
50	15141.1	0.342633
60	13770.3	0.371467
80	11235.8	0.4256
100	9976.64	0.472967
150	7228.37	0.5785
170	6492.14	0.609267
190	5941.63	0.6388
200	5691.87	0.652533
250	4703.2	0.703667
300	3895.76	0.742067
400	2951.19	0.789133
500	2364.74	0.815367
600	1919.93	0.834433
700	1654.78	0.847733
800	1438.56	0.858367
1500	675.969	0.899233
	Command being timed: "./bin/symqg_indexing /home/cc/datasets/Iquique/base.fvecs /home/cc/datasets/Iquique/query.fvecs /home/cc/datasets/Iquique/groundtruth.ivecs 64 128"
	User time (seconds): 447.54
	System time (seconds): 2.86
	Percent of CPU this job got: 99%
	Elapsed (wall clock) time (h:mm:ss or m:ss): 7:31.99
	Average shared text size (kbytes): 0
	Average unshared data size (kbytes): 0
	Average stack size (kbytes): 0
	Average total size (kbytes): 0
	Maximum resident set size (kbytes): 4790064
	Average resident set size (kbytes): 0
	Major (requiring I/O) page faults: 0
	Minor (reclaiming a frame) page faults: 796575
	Voluntary context switches: 4980
	Involuntary context switches: 717
	Swaps: 0
	File system inputs: 562456
	File system outputs: 16
	Socket messages sent: 0
	Socket messages received: 0
	Signals delivered: 0
	Page size (bytes): 4096
	Exit status: 0
