File /home/cc/datasets/NEIC/base.fvecs loaded
Rows 1000000 Cols 256
File /home/cc/datasets/NEIC/query.fvecs loaded
Rows 300 Cols 256
File /home/cc/datasets/NEIC/groundtruth.ivecs loaded
Rows 300 Cols 100
FhtKacRotator is selected
Setting entry_point to 44139
	Vectors Copied
Supplementing edges...
Supplementing finished...
Indexing time 683.741 secs
EF	QPS	Recall
10	12372.1	0.243
20	10639.4	0.262833
40	8696.38	0.300367
50	8471.16	0.3158
60	7772.98	0.3329
80	6799.72	0.3635
100	6212.41	0.392033
150	5187.24	0.4505
170	4989.06	0.4713
190	4786.18	0.4914
200	4648.49	0.4996
250	4148.18	0.5391
300	3480.27	0.5696
400	3009.27	0.606367
500	2542.06	0.625033
600	2087.89	0.6347
700	1907.48	0.6405
800	1712.42	0.645667
1500	945.737	0.6658
	Command being timed: "./bin/symqg_indexing /home/cc/datasets/NEIC/base.fvecs /home/cc/datasets/NEIC/query.fvecs /home/cc/datasets/NEIC/groundtruth.ivecs 64 128"
	User time (seconds): 686.45
	System time (seconds): 3.51
	Percent of CPU this job got: 99%
	Elapsed (wall clock) time (h:mm:ss or m:ss): 11:32.35
	Average shared text size (kbytes): 0
	Average unshared data size (kbytes): 0
	Average stack size (kbytes): 0
	Average total size (kbytes): 0
	Maximum resident set size (kbytes): 8263636
	Average resident set size (kbytes): 0
	Major (requiring I/O) page faults: 0
	Minor (reclaiming a frame) page faults: 1374995
	Voluntary context switches: 8321
	Involuntary context switches: 419
	Swaps: 0
	File system inputs: 1023640
	File system outputs: 24
	Socket messages sent: 0
	Socket messages received: 0
	Signals delivered: 0
	Page size (bytes): 4096
	Exit status: 0
