File /home/cc/datasets/yahoomusic/base.fvecs loaded
Rows 136736 Cols 300
File /home/cc/datasets/yahoomusic/query.fvecs loaded
Rows 100 Cols 300
File /home/cc/datasets/yahoomusic/groundtruth.ivecs loaded
Rows 100 Cols 100
FhtKacRotator is selected
Setting entry_point to 49796
	Vectors Copied
Supplementing edges...
Supplementing finished...
Indexing time 177.132 secs
EF	QPS	Recall
10	26200.1	0.3566
20	22010.4	0.3845
40	16624	0.43
50	14840.4	0.4536
60	13718.2	0.474
80	11481	0.5194
100	10167.3	0.558
150	8022.66	0.6371
170	7407.88	0.6691
190	6954.31	0.6997
200	6724.84	0.7114
250	5861.81	0.764
300	5068.73	0.8062
400	4062.68	0.8725
500	3397.6	0.9151
600	2854.92	0.9405
700	2483.58	0.9586
800	2183.6	0.9697
1500	1122.87	0.9963
	Command being timed: "./bin/symqg_indexing /home/cc/datasets/yahoomusic/base.fvecs /home/cc/datasets/yahoomusic/query.fvecs /home/cc/datasets/yahoomusic/groundtruth.ivecs 96 192"
	User time (seconds): 177.83
	System time (seconds): 0.78
	Percent of CPU this job got: 99%
	Elapsed (wall clock) time (h:mm:ss or m:ss): 2:59.30
	Average shared text size (kbytes): 0
	Average unshared data size (kbytes): 0
	Average stack size (kbytes): 0
	Average total size (kbytes): 0
	Maximum resident set size (kbytes): 1551276
	Average resident set size (kbytes): 0
	Major (requiring I/O) page faults: 0
	Minor (reclaiming a frame) page faults: 191809
	Voluntary context switches: 1290
	Involuntary context switches: 860
	Swaps: 0
	File system inputs: 45848
	File system outputs: 16
	Socket messages sent: 0
	Socket messages received: 0
	Signals delivered: 0
	Page size (bytes): 4096
	Exit status: 0
