File /home/cc/datasets/uqv/base.fvecs loaded
Rows 1000000 Cols 256
File /home/cc/datasets/uqv/query.fvecs loaded
Rows 10000 Cols 256
File /home/cc/datasets/uqv/groundtruth.ivecs loaded
Rows 10000 Cols 100
FhtKacRotator is selected
Setting entry_point to 935207
	Vectors Copied
Supplementing edges...
Supplementing finished...
Indexing time 1028.79 secs
EF	QPS	Recall
10	18537.2	0.344609
20	15356.5	0.36885
40	11747.8	0.415845
50	11053.5	0.438299
60	10026.7	0.459808
80	8651.63	0.498986
100	7731.99	0.535228
150	6311.41	0.606403
170	5940.54	0.627954
190	5709.02	0.648408
200	5528.2	0.657625
250	4899.63	0.696501
300	4167.91	0.725911
400	3430.7	0.769839
500	2886.05	0.799343
600	2409.53	0.819093
700	2101.8	0.834068
800	1864.69	0.846275
1500	965.587	0.905184
	Command being timed: "./bin/symqg_indexing /home/cc/datasets/uqv/base.fvecs /home/cc/datasets/uqv/query.fvecs /home/cc/datasets/uqv/groundtruth.ivecs 96 192"
	User time (seconds): 1173.62
	System time (seconds): 5.01
	Percent of CPU this job got: 99%
	Elapsed (wall clock) time (h:mm:ss or m:ss): 19:40.05
	Average shared text size (kbytes): 0
	Average unshared data size (kbytes): 0
	Average stack size (kbytes): 0
	Average total size (kbytes): 0
	Maximum resident set size (kbytes): 10171544
	Average resident set size (kbytes): 0
	Major (requiring I/O) page faults: 0
	Minor (reclaiming a frame) page faults: 1704633
	Voluntary context switches: 8703
	Involuntary context switches: 932
	Swaps: 0
	File system inputs: 8904
	File system outputs: 16
	Socket messages sent: 0
	Socket messages received: 0
	Signals delivered: 0
	Page size (bytes): 4096
	Exit status: 0
