File /home/cc/datasets/uqv/base.fvecs loaded
Rows 1000000 Cols 256
File /home/cc/datasets/uqv/query.fvecs loaded
Rows 10000 Cols 256
File /home/cc/datasets/uqv/groundtruth.ivecs loaded
Rows 10000 Cols 100
FhtKacRotator is selected
Setting entry_point to 935207
	Vectors Copied
Supplementing edges...
Supplementing finished...
Indexing time 473.807 secs
EF	QPS	Recall
10	28240.3	0.329243
20	25380.5	0.347597
40	20873.5	0.383554
50	20021.6	0.400174
60	18304.9	0.416968
80	16420.5	0.451141
100	14788.2	0.483554
150	12351.8	0.552951
170	11479.7	0.577337
190	10985.5	0.599404
200	10628.7	0.609351
250	9326.77	0.656028
300	7959.79	0.691971
400	6411	0.735825
500	5318.36	0.762426
600	4461.77	0.776702
700	3885.9	0.808162
800	3415.97	0.824924
1500	1510.28	0.960835
	Command being timed: "./bin/symqg_indexing /home/cc/datasets/uqv/base.fvecs /home/cc/datasets/uqv/query.fvecs /home/cc/datasets/uqv/groundtruth.ivecs 32 128"
	User time (seconds): 556.47
	System time (seconds): 3.14
	Percent of CPU this job got: 99%
	Elapsed (wall clock) time (h:mm:ss or m:ss): 9:21.02
	Average shared text size (kbytes): 0
	Average unshared data size (kbytes): 0
	Average stack size (kbytes): 0
	Average total size (kbytes): 0
	Maximum resident set size (kbytes): 6409736
	Average resident set size (kbytes): 0
	Major (requiring I/O) page faults: 0
	Minor (reclaiming a frame) page faults: 1206813
	Voluntary context switches: 8803
	Involuntary context switches: 445
	Swaps: 0
	File system inputs: 54864
	File system outputs: 16
	Socket messages sent: 0
	Socket messages received: 0
	Signals delivered: 0
	Page size (bytes): 4096
	Exit status: 0
