File /home/cc/datasets/Music/base.fvecs loaded
Rows 1000000 Cols 100
File /home/cc/datasets/Music/query.fvecs loaded
Rows 100 Cols 100
File /home/cc/datasets/Music/groundtruth.ivecs loaded
Rows 100 Cols 100
FhtKacRotator is selected
Setting entry_point to 384911
	Vectors Copied
Supplementing edges...
Supplementing finished...
Indexing time 557.739 secs
EF	QPS	Recall
10	27711.4	0.0589
20	23100	0.101
40	18624.7	0.166
50	16467	0.197
60	14634.5	0.2251
80	12039.9	0.2729
100	10582.6	0.3131
150	7320.9	0.3889
170	6464	0.4206
190	5955	0.4507
200	5628.04	0.4674
250	4596.54	0.5109
300	3780.6	0.5563
400	2894.01	0.6252
500	2333.39	0.6744
600	1884.73	0.7141
700	1614.67	0.7434
800	1399.67	0.7685
1500	648.152	0.8587
	Command being timed: "./bin/symqg_indexing /home/cc/datasets/Music/base.fvecs /home/cc/datasets/Music/query.fvecs /home/cc/datasets/Music/groundtruth.ivecs 64 128"
	User time (seconds): 555.05
	System time (seconds): 5.54
	Percent of CPU this job got: 99%
	Elapsed (wall clock) time (h:mm:ss or m:ss): 9:20.62
	Average shared text size (kbytes): 0
	Average unshared data size (kbytes): 0
	Average stack size (kbytes): 0
	Average total size (kbytes): 0
	Maximum resident set size (kbytes): 6043900
	Average resident set size (kbytes): 0
	Major (requiring I/O) page faults: 0
	Minor (reclaiming a frame) page faults: 2776245
	Voluntary context switches: 9
	Involuntary context switches: 589
	Swaps: 0
	File system inputs: 0
	File system outputs: 16
	Socket messages sent: 0
	Socket messages received: 0
	Signals delivered: 0
	Page size (bytes): 4096
	Exit status: 0
