File /home/cc/datasets/yandex-200-cosine/base.fvecs loaded
Rows 1000000 Cols 200
File /home/cc/datasets/yandex-200-cosine/query.fvecs loaded
Rows 100 Cols 200
File /home/cc/datasets/yandex-200-cosine/groundtruth.ivecs loaded
Rows 100 Cols 100
FhtKacRotator is selected
Setting entry_point to 130673
	Vectors Copied
Supplementing edges...
Supplementing finished...
Indexing time 1000.61 secs
EF	QPS	Recall
10	27980.3	0.1527
20	21138.2	0.2213
40	14937.5	0.3123
50	13237.3	0.352
60	11964.9	0.3811
80	9682.28	0.4437
100	8550.03	0.4938
150	6253.25	0.5856
170	5655.24	0.6167
190	5161.61	0.6424
200	4932.91	0.6546
250	3990.73	0.7237
300	3294.51	0.7624
400	2502.91	0.8168
500	2007.62	0.8589
600	1644.11	0.8851
700	1429.24	0.9021
800	1241.34	0.9193
1500	579.656	0.9653
	Command being timed: "./bin/symqg_indexing /home/cc/datasets/yandex-200-cosine/base.fvecs /home/cc/datasets/yandex-200-cosine/query.fvecs /home/cc/datasets/yandex-200-cosine/groundtruth.ivecs 96 192"
	User time (seconds): 999.69
	System time (seconds): 3.68
	Percent of CPU this job got: 99%
	Elapsed (wall clock) time (h:mm:ss or m:ss): 16:43.39
	Average shared text size (kbytes): 0
	Average unshared data size (kbytes): 0
	Average stack size (kbytes): 0
	Average total size (kbytes): 0
	Maximum resident set size (kbytes): 9704276
	Average resident set size (kbytes): 0
	Major (requiring I/O) page faults: 0
	Minor (reclaiming a frame) page faults: 1550814
	Voluntary context switches: 1
	Involuntary context switches: 590
	Swaps: 0
	File system inputs: 0
	File system outputs: 16
	Socket messages sent: 0
	Socket messages received: 0
	Signals delivered: 0
	Page size (bytes): 4096
	Exit status: 0
