File /home/cc/datasets/gooaq-distilroberta-768-normalized/base.fvecs loaded
Rows 1000000 Cols 768
File /home/cc/datasets/gooaq-distilroberta-768-normalized/query.fvecs loaded
Rows 100 Cols 768
File /home/cc/datasets/gooaq-distilroberta-768-normalized/groundtruth.ivecs loaded
Rows 100 Cols 100
FhtKacRotator is selected
Setting entry_point to 330056
	Vectors Copied
Supplementing edges...
Supplementing finished...
Indexing time 3044.1 secs
EF	QPS	Recall
10	12768.1	0.3522
20	11154.7	0.3759
40	9026.67	0.417
50	8279.01	0.4372
60	7701.42	0.4614
80	6653.33	0.5054
100	6016.82	0.5421
150	4801.82	0.626
170	4456.36	0.6553
190	4233.86	0.6796
200	4112.25	0.6924
250	3567.94	0.7496
300	3104.79	0.7926
400	2494.39	0.8597
500	2092.32	0.8998
600	1753.94	0.9284
700	1531.74	0.9486
800	1346.92	0.9643
1500	701.271	0.9948
	Command being timed: "./bin/symqg_indexing /home/cc/datasets/gooaq-distilroberta-768-normalized/base.fvecs /home/cc/datasets/gooaq-distilroberta-768-normalized/query.fvecs /home/cc/datasets/gooaq-distilroberta-768-normalized/groundtruth.ivecs 128 256"
	User time (seconds): 3030.78
	System time (seconds): 18.47
	Percent of CPU this job got: 99%
	Elapsed (wall clock) time (h:mm:ss or m:ss): 50:57.85
	Average shared text size (kbytes): 0
	Average unshared data size (kbytes): 0
	Average stack size (kbytes): 0
	Average total size (kbytes): 0
	Maximum resident set size (kbytes): 24024764
	Average resident set size (kbytes): 0
	Major (requiring I/O) page faults: 0
	Minor (reclaiming a frame) page faults: 3381668
	Voluntary context switches: 28108
	Involuntary context switches: 2181
	Swaps: 0
	File system inputs: 1325576
	File system outputs: 16
	Socket messages sent: 0
	Socket messages received: 0
	Signals delivered: 0
	Page size (bytes): 4096
	Exit status: 0
