File /home/cc/datasets/arxiv-nomic-768-normalized/base.fvecs loaded
Rows 1000000 Cols 768
File /home/cc/datasets/arxiv-nomic-768-normalized/query.fvecs loaded
Rows 100 Cols 768
File /home/cc/datasets/arxiv-nomic-768-normalized/groundtruth.ivecs loaded
Rows 100 Cols 100
FhtKacRotator is selected
Setting entry_point to 256819
	Vectors Copied
Supplementing edges...
Supplementing finished...
Indexing time 2019.88 secs
EF	QPS	Recall
10	15873.6	0.2587
20	13325.7	0.2979
40	10140.2	0.3784
50	9298.22	0.4131
60	8498.33	0.4468
80	7215.5	0.509
100	6302.81	0.5731
150	5011.8	0.6931
170	4661.14	0.7332
190	4338.62	0.7672
200	4203.22	0.7836
250	3603.76	0.8448
300	3086.08	0.8901
400	2416.91	0.9401
500	1988.64	0.964
600	1651.6	0.9781
700	1417.54	0.9861
800	1244.83	0.9913
1500	625.198	0.9985
	Command being timed: "./bin/symqg_indexing /home/cc/datasets/arxiv-nomic-768-normalized/base.fvecs /home/cc/datasets/arxiv-nomic-768-normalized/query.fvecs /home/cc/datasets/arxiv-nomic-768-normalized/groundtruth.ivecs 96 192"
	User time (seconds): 2015.74
	System time (seconds): 8.53
	Percent of CPU this job got: 99%
	Elapsed (wall clock) time (h:mm:ss or m:ss): 33:44.31
	Average shared text size (kbytes): 0
	Average unshared data size (kbytes): 0
	Average stack size (kbytes): 0
	Average total size (kbytes): 0
	Maximum resident set size (kbytes): 20142300
	Average resident set size (kbytes): 0
	Major (requiring I/O) page faults: 0
	Minor (reclaiming a frame) page faults: 2363463
	Voluntary context switches: 41
	Involuntary context switches: 1312
	Swaps: 0
	File system inputs: 0
	File system outputs: 16
	Socket messages sent: 0
	Socket messages received: 0
	Signals delivered: 0
	Page size (bytes): 4096
	Exit status: 0
