File /home/cc/datasets/random/base.fvecs loaded
Rows 1000000 Cols 100
File /home/cc/datasets/random/query.fvecs loaded
Rows 200 Cols 100
File /home/cc/datasets/random/groundtruth.ivecs loaded
Rows 200 Cols 20
FhtKacRotator is selected
Setting entry_point to 617867
	Vectors Copied
Supplementing edges...
Supplementing finished...
Indexing time 190.057 secs
EF	QPS	Recall
10	92835.8	0.00975
20	72166.5	0.01625
40	40635.6	0.03075
50	34330.4	0.03575
60	28847.4	0.0395
80	21987.5	0.04975
100	17881.9	0.06125
150	11611.7	0.08175
170	10276.7	0.09075
190	9163.64	0.09675
200	8642.2	0.10275
250	6935.19	0.11875
300	5624.21	0.13475
400	4090.36	0.16525
500	3223.02	0.189
600	2547.91	0.211
700	2123.95	0.23
800	1824.26	0.24175
1500	783.923	0.33525
	Command being timed: "./bin/symqg_indexing /home/cc/datasets/random/base.fvecs /home/cc/datasets/random/query.fvecs /home/cc/datasets/random/groundtruth.ivecs 32 64"
	User time (seconds): 191.31
	System time (seconds): 1.76
	Percent of CPU this job got: 99%
	Elapsed (wall clock) time (h:mm:ss or m:ss): 3:13.11
	Average shared text size (kbytes): 0
	Average unshared data size (kbytes): 0
	Average stack size (kbytes): 0
	Average total size (kbytes): 0
	Maximum resident set size (kbytes): 4667112
	Average resident set size (kbytes): 0
	Major (requiring I/O) page faults: 0
	Minor (reclaiming a frame) page faults: 902152
	Voluntary context switches: 116
	Involuntary context switches: 226
	Swaps: 0
	File system inputs: 4976
	File system outputs: 16
	Socket messages sent: 0
	Socket messages received: 0
	Signals delivered: 0
	Page size (bytes): 4096
	Exit status: 0
