File /home/cc/datasets/imagenet-align-640-normalized/base.fvecs loaded
Rows 1000000 Cols 640
File /home/cc/datasets/imagenet-align-640-normalized/query.fvecs loaded
Rows 100 Cols 640
File /home/cc/datasets/imagenet-align-640-normalized/groundtruth.ivecs loaded
Rows 100 Cols 100
FhtKacRotator is selected
Setting entry_point to 65280
	Vectors Copied
Supplementing edges...
Supplementing finished...
Indexing time 1768.87 secs
EF	QPS	Recall
10	15726.7	0.161
20	12099.8	0.2247
40	8676.4	0.3078
50	7634.78	0.3479
60	6874.82	0.3802
80	5772.56	0.4349
100	5167.77	0.468
150	3923.33	0.5559
170	3551.7	0.584
190	3246.85	0.6094
200	3100.85	0.6221
250	2588.51	0.6747
300	2182.85	0.7119
400	1679.78	0.7708
500	1376.83	0.8076
600	1140.95	0.8356
700	983.273	0.8596
800	866.099	0.8744
1500	447.478	0.933
	Command being timed: "./bin/symqg_indexing /home/cc/datasets/imagenet-align-640-normalized/base.fvecs /home/cc/datasets/imagenet-align-640-normalized/query.fvecs /home/cc/datasets/imagenet-align-640-normalized/groundtruth.ivecs 96 192"
	User time (seconds): 1766.87
	System time (seconds): 7.52
	Percent of CPU this job got: 99%
	Elapsed (wall clock) time (h:mm:ss or m:ss): 29:38.41
	Average shared text size (kbytes): 0
	Average unshared data size (kbytes): 0
	Average stack size (kbytes): 0
	Average total size (kbytes): 0
	Maximum resident set size (kbytes): 17658444
	Average resident set size (kbytes): 0
	Major (requiring I/O) page faults: 0
	Minor (reclaiming a frame) page faults: 2174329
	Voluntary context switches: 21501
	Involuntary context switches: 950
	Swaps: 0
	File system inputs: 3340752
	File system outputs: 16
	Socket messages sent: 0
	Socket messages received: 0
	Signals delivered: 0
	Page size (bytes): 4096
	Exit status: 0
