File /home/cc/datasets/yi-128-ip/base.fvecs loaded
Rows 187843 Cols 128
File /home/cc/datasets/yi-128-ip/query.fvecs loaded
Rows 100 Cols 128
File /home/cc/datasets/yi-128-ip/groundtruth.ivecs loaded
Rows 100 Cols 100
FhtKacRotator is selected
Setting entry_point to 48352
	Vectors Copied
Supplementing edges...
Supplementing finished...
Indexing time 84.6829 secs
EF	QPS	Recall
10	50650.4	0.2416
20	42543.4	0.2795
40	31201.7	0.3499
50	28307.4	0.3764
60	24938	0.4076
80	19571.8	0.4663
100	15865.2	0.5217
150	11386.4	0.6275
170	10371.7	0.6613
190	9220.79	0.6955
200	8939.94	0.7126
250	7188.86	0.7764
300	6089.36	0.8263
400	4583.67	0.8865
500	3625.94	0.9198
600	3039.64	0.9413
700	2555.47	0.9576
800	2209.53	0.9686
1500	1062.76	0.9904
	Command being timed: "./bin/symqg_indexing /home/cc/datasets/yi-128-ip/base.fvecs /home/cc/datasets/yi-128-ip/query.fvecs /home/cc/datasets/yi-128-ip/groundtruth.ivecs 64 128"
	User time (seconds): 85.48
	System time (seconds): 0.41
	Percent of CPU this job got: 99%
	Elapsed (wall clock) time (h:mm:ss or m:ss): 1:25.90
	Average shared text size (kbytes): 0
	Average unshared data size (kbytes): 0
	Average stack size (kbytes): 0
	Average total size (kbytes): 0
	Maximum resident set size (kbytes): 1182892
	Average resident set size (kbytes): 0
	Major (requiring I/O) page faults: 0
	Minor (reclaiming a frame) page faults: 200793
	Voluntary context switches: 1
	Involuntary context switches: 114
	Swaps: 0
	File system inputs: 0
	File system outputs: 16
	Socket messages sent: 0
	Socket messages received: 0
	Signals delivered: 0
	Page size (bytes): 4096
	Exit status: 0
