File /home/cc/datasets/word2vec/base.fvecs loaded
Rows 1000000 Cols 300
File /home/cc/datasets/word2vec/query.fvecs loaded
Rows 1000 Cols 300
File /home/cc/datasets/word2vec/groundtruth.ivecs loaded
Rows 1000 Cols 100
FhtKacRotator is selected
Setting entry_point to 249878
	Vectors Copied
Supplementing edges...
Supplementing finished...
Indexing time 804.472 secs
EF	QPS	Recall
10	23896.8	0.17388
20	20315.6	0.23497
40	16860.2	0.31795
50	15347.6	0.35364
60	13897.6	0.38808
80	11436	0.44797
100	10068.3	0.49846
150	7501.8	0.58903
170	6777.49	0.61736
190	6185.83	0.6427
200	5905.8	0.65383
250	4851.76	0.70038
300	4042.46	0.73397
400	3076.72	0.78235
500	2487.02	0.81318
600	2035.28	0.83573
700	1735.21	0.852
800	1504.84	0.86507
1500	714.058	0.91052
	Command being timed: "./bin/symqg_indexing /home/cc/datasets/word2vec/base.fvecs /home/cc/datasets/word2vec/query.fvecs /home/cc/datasets/word2vec/groundtruth.ivecs 64 128"
	User time (seconds): 818.40
	System time (seconds): 3.57
	Percent of CPU this job got: 99%
	Elapsed (wall clock) time (h:mm:ss or m:ss): 13:41.99
	Average shared text size (kbytes): 0
	Average unshared data size (kbytes): 0
	Average stack size (kbytes): 0
	Average total size (kbytes): 0
	Maximum resident set size (kbytes): 9108968
	Average resident set size (kbytes): 0
	Major (requiring I/O) page faults: 0
	Minor (reclaiming a frame) page faults: 1275950
	Voluntary context switches: 1
	Involuntary context switches: 481
	Swaps: 0
	File system inputs: 0
	File system outputs: 16
	Socket messages sent: 0
	Socket messages received: 0
	Signals delivered: 0
	Page size (bytes): 4096
	Exit status: 0
