File /home/cc/datasets/space1V/base.fvecs loaded
Rows 1000000 Cols 100
File /home/cc/datasets/space1V/query.fvecs loaded
Rows 100 Cols 100
File /home/cc/datasets/space1V/groundtruth.ivecs loaded
Rows 100 Cols 100
FhtKacRotator is selected
Setting entry_point to 877910
	Vectors Copied
Supplementing edges...
Supplementing finished...
Indexing time 1605.4 secs
EF	QPS	Recall
10	28790.1	0.1233
20	22041.8	0.1723
40	15270.4	0.2542
50	13375.7	0.2884
60	11926.3	0.3192
80	9458.29	0.3715
100	8591.71	0.4097
150	6059.66	0.5036
170	5517.11	0.5338
190	4813.63	0.5606
200	4666.67	0.5735
250	3889.73	0.6265
300	3249.95	0.6743
400	2429.45	0.739
500	1946.78	0.7864
600	1580.74	0.8264
700	1344.3	0.853
800	1152.59	0.8732
1500	527.237	0.9474
	Command being timed: "./bin/symqg_indexing /home/cc/datasets/space1V/base.fvecs /home/cc/datasets/space1V/query.fvecs /home/cc/datasets/space1V/groundtruth.ivecs 128 256"
	User time (seconds): 1603.93
	System time (seconds): 4.10
	Percent of CPU this job got: 99%
	Elapsed (wall clock) time (h:mm:ss or m:ss): 26:48.05
	Average shared text size (kbytes): 0
	Average unshared data size (kbytes): 0
	Average stack size (kbytes): 0
	Average total size (kbytes): 0
	Maximum resident set size (kbytes): 8806704
	Average resident set size (kbytes): 0
	Major (requiring I/O) page faults: 0
	Minor (reclaiming a frame) page faults: 1824286
	Voluntary context switches: 1
	Involuntary context switches: 792
	Swaps: 0
	File system inputs: 0
	File system outputs: 16
	Socket messages sent: 0
	Socket messages received: 0
	Signals delivered: 0
	Page size (bytes): 4096
	Exit status: 0
