File /home/cc/datasets/landmark-nomic-768-normalized/base.fvecs loaded
Rows 760757 Cols 768
File /home/cc/datasets/landmark-nomic-768-normalized/query.fvecs loaded
Rows 100 Cols 768
File /home/cc/datasets/landmark-nomic-768-normalized/groundtruth.ivecs loaded
Rows 100 Cols 100
FhtKacRotator is selected
Setting entry_point to 243818
	Vectors Copied
Supplementing edges...
Supplementing finished...
Indexing time 473.597 secs
EF	QPS	Recall
10	17739.6	0.3733
20	16306.2	0.3947
40	13992.8	0.4429
50	13421.4	0.4655
60	12745	0.4913
80	11426.1	0.5409
100	10621.7	0.5918
150	8800.76	0.711
170	8272.57	0.7556
190	7786.91	0.7928
200	7572.91	0.8095
250	6548.92	0.8833
300	5606.9	0.9332
400	4403.81	0.9755
500	3625.9	0.9904
600	3001.82	0.995
700	2579.61	0.9969
800	2262.66	0.9979
1500	1141.58	0.999
	Command being timed: "./bin/symqg_indexing /home/cc/datasets/landmark-nomic-768-normalized/base.fvecs /home/cc/datasets/landmark-nomic-768-normalized/query.fvecs /home/cc/datasets/landmark-nomic-768-normalized/groundtruth.ivecs 32 64"
	User time (seconds): 472.59
	System time (seconds): 4.25
	Percent of CPU this job got: 99%
	Elapsed (wall clock) time (h:mm:ss or m:ss): 7:59.45
	Average shared text size (kbytes): 0
	Average unshared data size (kbytes): 0
	Average stack size (kbytes): 0
	Average total size (kbytes): 0
	Maximum resident set size (kbytes): 9425592
	Average resident set size (kbytes): 0
	Major (requiring I/O) page faults: 0
	Minor (reclaiming a frame) page faults: 1270731
	Voluntary context switches: 13144
	Involuntary context switches: 430
	Swaps: 0
	File system inputs: 3197504
	File system outputs: 16
	Socket messages sent: 0
	Socket messages received: 0
	Signals delivered: 0
	Page size (bytes): 4096
	Exit status: 0
