File /home/cc/datasets/ethz/base.fvecs loaded
Rows 36643 Cols 256
File /home/cc/datasets/ethz/query.fvecs loaded
Rows 100 Cols 256
File /home/cc/datasets/ethz/groundtruth.ivecs loaded
Rows 100 Cols 100
FhtKacRotator is selected
Setting entry_point to 26008
	Vectors Copied
Supplementing edges...
Supplementing finished...
Indexing time 19.5486 secs
EF	QPS	Recall
10	32254.2	0.4225
20	28976.8	0.4407
40	23741.8	0.456
50	22310.4	0.465
60	20723.7	0.4738
80	17733.3	0.4923
100	16068.5	0.5084
150	12303.2	0.5484
170	11705.8	0.5623
190	10953.6	0.5814
200	10564.4	0.5911
250	9221.43	0.632
300	7810.65	0.6781
400	6233.13	0.7491
500	5175.34	0.8168
600	4288.25	0.8704
700	3687.75	0.9033
800	3229.87	0.9287
1500	1527.44	0.9828
	Command being timed: "./bin/symqg_indexing /home/cc/datasets/ethz/base.fvecs /home/cc/datasets/ethz/query.fvecs /home/cc/datasets/ethz/groundtruth.ivecs 64 128"
	User time (seconds): 20.32
	System time (seconds): 0.10
	Percent of CPU this job got: 99%
	Elapsed (wall clock) time (h:mm:ss or m:ss): 0:20.43
	Average shared text size (kbytes): 0
	Average unshared data size (kbytes): 0
	Average stack size (kbytes): 0
	Average total size (kbytes): 0
	Maximum resident set size (kbytes): 311556
	Average resident set size (kbytes): 0
	Major (requiring I/O) page faults: 0
	Minor (reclaiming a frame) page faults: 43402
	Voluntary context switches: 1
	Involuntary context switches: 35
	Swaps: 0
	File system inputs: 0
	File system outputs: 16
	Socket messages sent: 0
	Socket messages received: 0
	Signals delivered: 0
	Page size (bytes): 4096
	Exit status: 0
