File /home/cc/datasets/millionSong/base.fvecs loaded
Rows 992272 Cols 420
File /home/cc/datasets/millionSong/query.fvecs loaded
Rows 200 Cols 420
File /home/cc/datasets/millionSong/groundtruth.ivecs loaded
Rows 200 Cols 20
FhtKacRotator is selected
Setting entry_point to 650206
	Vectors Copied
Supplementing edges...
Supplementing finished...
Indexing time 453.691 secs
EF	QPS	Recall
10	46193.4	0.48875
20	39184.8	0.66875
40	25799.7	0.857
50	22329.1	0.896
60	19824.6	0.92475
80	15753.4	0.9475
100	13447.8	0.964
150	9703.46	0.98175
170	8779	0.98475
190	8045.21	0.986
200	7717.1	0.987
250	6443.44	0.99075
300	5409.55	0.9925
400	4182.44	0.9965
500	3410.46	0.99725
600	2809.7	0.9975
700	2427.32	0.998
800	2119.46	0.9985
1500	1062.98	0.99975
	Command being timed: "./bin/symqg_indexing /home/cc/datasets/millionSong/base.fvecs /home/cc/datasets/millionSong/query.fvecs /home/cc/datasets/millionSong/groundtruth.ivecs 32 64"
	User time (seconds): 453.94
	System time (seconds): 4.10
	Percent of CPU this job got: 98%
	Elapsed (wall clock) time (h:mm:ss or m:ss): 7:44.25
	Average shared text size (kbytes): 0
	Average unshared data size (kbytes): 0
	Average stack size (kbytes): 0
	Average total size (kbytes): 0
	Maximum resident set size (kbytes): 8354228
	Average resident set size (kbytes): 0
	Major (requiring I/O) page faults: 0
	Minor (reclaiming a frame) page faults: 1315787
	Voluntary context switches: 11789
	Involuntary context switches: 429
	Swaps: 0
	File system inputs: 1229912
	File system outputs: 16
	Socket messages sent: 0
	Socket messages received: 0
	Signals delivered: 0
	Page size (bytes): 4096
	Exit status: 0
