File /home/cc/datasets/lendb/base.fvecs loaded
Rows 1000000 Cols 256
File /home/cc/datasets/lendb/query.fvecs loaded
Rows 100 Cols 256
File /home/cc/datasets/lendb/groundtruth.ivecs loaded
Rows 100 Cols 100
FhtKacRotator is selected
Setting entry_point to 721860
	Vectors Copied
Supplementing edges...
Supplementing finished...
Indexing time 308.747 secs
EF	QPS	Recall
10	33087.3	0.3611
20	29493	0.3885
40	24238.7	0.4459
50	22712.5	0.4787
60	21107.9	0.5075
80	17912.4	0.5651
100	16319	0.6264
150	12753.4	0.7615
170	11759.8	0.8064
190	11033.7	0.846
200	10689.2	0.8644
250	8949.07	0.9315
300	7469.35	0.963
400	5746.12	0.985
500	4687.38	0.9892
600	3858.1	0.9904
700	3298.78	0.9907
800	2869.79	0.9915
1500	1429.46	0.9927
	Command being timed: "./bin/symqg_indexing /home/cc/datasets/lendb/base.fvecs /home/cc/datasets/lendb/query.fvecs /home/cc/datasets/lendb/groundtruth.ivecs 32 64"
	User time (seconds): 308.01
	System time (seconds): 2.74
	Percent of CPU this job got: 99%
	Elapsed (wall clock) time (h:mm:ss or m:ss): 5:12.19
	Average shared text size (kbytes): 0
	Average unshared data size (kbytes): 0
	Average stack size (kbytes): 0
	Average total size (kbytes): 0
	Maximum resident set size (kbytes): 6385288
	Average resident set size (kbytes): 0
	Major (requiring I/O) page faults: 0
	Minor (reclaiming a frame) page faults: 1118481
	Voluntary context switches: 7889
	Involuntary context switches: 309
	Swaps: 0
	File system inputs: 1998832
	File system outputs: 16
	Socket messages sent: 0
	Socket messages received: 0
	Signals delivered: 0
	Page size (bytes): 4096
	Exit status: 0
