File /home/cc/datasets/celeba-resnet-2048-cosine/base.fvecs loaded
Rows 201599 Cols 2048
File /home/cc/datasets/celeba-resnet-2048-cosine/query.fvecs loaded
Rows 100 Cols 2048
File /home/cc/datasets/celeba-resnet-2048-cosine/groundtruth.ivecs loaded
Rows 100 Cols 100
FhtKacRotator is selected
Setting entry_point to 97023
	Vectors Copied
Supplementing edges...
Supplementing finished...
Indexing time 433.854 secs
EF	QPS	Recall
10	9042.92	0.1816
20	8432.84	0.2216
40	6841.07	0.2848
50	6482.92	0.314
60	6094.09	0.3423
80	5389.52	0.3888
100	4777.28	0.4413
150	3852.04	0.5236
170	3495.89	0.5494
190	3246.03	0.5669
200	3132.54	0.5748
250	2572.79	0.6031
300	2225.56	0.6159
400	1732.1	0.627
500	1446.21	0.6328
600	1213.81	0.6371
700	1026.57	0.64
800	910.12	0.6415
1500	481.726	0.6507
	Command being timed: "./bin/symqg_indexing /home/cc/datasets/celeba-resnet-2048-cosine/base.fvecs /home/cc/datasets/celeba-resnet-2048-cosine/query.fvecs /home/cc/datasets/celeba-resnet-2048-cosine/groundtruth.ivecs 32 128"
	User time (seconds): 435.24
	System time (seconds): 2.66
	Percent of CPU this job got: 99%
	Elapsed (wall clock) time (h:mm:ss or m:ss): 7:17.92
	Average shared text size (kbytes): 0
	Average unshared data size (kbytes): 0
	Average stack size (kbytes): 0
	Average total size (kbytes): 0
	Maximum resident set size (kbytes): 5525408
	Average resident set size (kbytes): 0
	Major (requiring I/O) page faults: 0
	Minor (reclaiming a frame) page faults: 596876
	Voluntary context switches: 1
	Involuntary context switches: 509
	Swaps: 0
	File system inputs: 0
	File system outputs: 16
	Socket messages sent: 0
	Socket messages received: 0
	Signals delivered: 0
	Page size (bytes): 4096
	Exit status: 0
