File /home/cc/datasets/OBST2024/base.fvecs loaded
Rows 1000000 Cols 256
File /home/cc/datasets/OBST2024/query.fvecs loaded
Rows 300 Cols 256
File /home/cc/datasets/OBST2024/groundtruth.ivecs loaded
Rows 300 Cols 100
FhtKacRotator is selected
Setting entry_point to 654050
	Vectors Copied
Supplementing edges...
Supplementing finished...
Indexing time 1596.07 secs
EF	QPS	Recall
10	23981.5	0.143633
20	18839.2	0.203
40	13575.8	0.291067
50	12179.6	0.322267
60	11054.3	0.355733
80	9135.23	0.412633
100	8101.35	0.461033
150	5934.45	0.5524
170	5433.53	0.581
190	4981.13	0.6071
200	4786.18	0.619533
250	4043.79	0.6669
300	3389.63	0.707467
400	2645.03	0.752
500	2199.58	0.778767
600	1823.37	0.7946
700	1576.46	0.8085
800	1396.39	0.8209
1500	701.007	0.860233
	Command being timed: "./bin/symqg_indexing /home/cc/datasets/OBST2024/base.fvecs /home/cc/datasets/OBST2024/query.fvecs /home/cc/datasets/OBST2024/groundtruth.ivecs 128 256"
	User time (seconds): 1595.23
	System time (seconds): 7.91
	Percent of CPU this job got: 99%
	Elapsed (wall clock) time (h:mm:ss or m:ss): 26:48.67
	Average shared text size (kbytes): 0
	Average unshared data size (kbytes): 0
	Average stack size (kbytes): 0
	Average total size (kbytes): 0
	Maximum resident set size (kbytes): 12016740
	Average resident set size (kbytes): 0
	Major (requiring I/O) page faults: 0
	Minor (reclaiming a frame) page faults: 2065058
	Voluntary context switches: 8924
	Involuntary context switches: 948
	Swaps: 0
	File system inputs: 385544
	File system outputs: 16
	Socket messages sent: 0
	Socket messages received: 0
	Signals delivered: 0
	Page size (bytes): 4096
	Exit status: 0
