File /home/cc/datasets/movielens/base.fvecs loaded
Rows 10677 Cols 150
File /home/cc/datasets/movielens/query.fvecs loaded
Rows 1000 Cols 150
File /home/cc/datasets/movielens/groundtruth.ivecs loaded
Rows 1000 Cols 100
FhtKacRotator is selected
Setting entry_point to 6772
	Vectors Copied
Supplementing edges...
Supplementing finished...
Indexing time 10.2947 secs
EF	QPS	Recall
10	41548.2	0.43495
20	34265.2	0.43312
40	24896.4	0.46229
50	22150.8	0.47936
60	19956.8	0.49745
80	16244.3	0.53238
100	14235.9	0.566
150	10896.5	0.6426
170	10057.8	0.67054
190	9297.28	0.69725
200	9029.54	0.70957
250	7782.16	0.76567
300	6642.57	0.81297
400	5250.07	0.88451
500	4358.82	0.93219
600	3608.96	0.96229
700	3126.88	0.98014
800	2729.91	0.99002
1500	1406.56	0.99944
	Command being timed: "./bin/symqg_indexing /home/cc/datasets/movielens/base.fvecs /home/cc/datasets/movielens/query.fvecs /home/cc/datasets/movielens/groundtruth.ivecs 96 192"
	User time (seconds): 19.81
	System time (seconds): 0.04
	Percent of CPU this job got: 99%
	Elapsed (wall clock) time (h:mm:ss or m:ss): 0:19.86
	Average shared text size (kbytes): 0
	Average unshared data size (kbytes): 0
	Average stack size (kbytes): 0
	Average total size (kbytes): 0
	Maximum resident set size (kbytes): 98900
	Average resident set size (kbytes): 0
	Major (requiring I/O) page faults: 0
	Minor (reclaiming a frame) page faults: 17202
	Voluntary context switches: 1
	Involuntary context switches: 32
	Swaps: 0
	File system inputs: 0
	File system outputs: 16
	Socket messages sent: 0
	Socket messages received: 0
	Signals delivered: 0
	Page size (bytes): 4096
	Exit status: 0
