File /home/cc/datasets/ISC_EHB_DepthPhases/base.fvecs loaded
Rows 1000000 Cols 256
File /home/cc/datasets/ISC_EHB_DepthPhases/query.fvecs loaded
Rows 300 Cols 256
File /home/cc/datasets/ISC_EHB_DepthPhases/groundtruth.ivecs loaded
Rows 300 Cols 100
FhtKacRotator is selected
Setting entry_point to 97
	Vectors Copied
Supplementing edges...
Supplementing finished...
Indexing time 650.016 secs
EF	QPS	Recall
10	12373.1	0
20	10678.4	0
40	7979.97	0
50	7890.81	0
60	7325.86	0
80	6353.02	0
100	6014.8	0
150	5199.89	0
170	5159.38	0
190	4942.01	0
200	4805.71	0
250	4495.21	0
300	4071.44	0
400	3676.83	0
500	3294.07	0
600	2980.88	0
700	2699.29	0
800	2546.3	0
1500	1863.46	0
	Command being timed: "./bin/symqg_indexing /home/cc/datasets/ISC_EHB_DepthPhases/base.fvecs /home/cc/datasets/ISC_EHB_DepthPhases/query.fvecs /home/cc/datasets/ISC_EHB_DepthPhases/groundtruth.ivecs 32 128"
	User time (seconds): 652.19
	System time (seconds): 3.14
	Percent of CPU this job got: 99%
	Elapsed (wall clock) time (h:mm:ss or m:ss): 11:00.09
	Average shared text size (kbytes): 0
	Average unshared data size (kbytes): 0
	Average stack size (kbytes): 0
	Average total size (kbytes): 0
	Maximum resident set size (kbytes): 6396920
	Average resident set size (kbytes): 0
	Major (requiring I/O) page faults: 0
	Minor (reclaiming a frame) page faults: 1170205
	Voluntary context switches: 8747
	Involuntary context switches: 374
	Swaps: 0
	File system inputs: 446952
	File system outputs: 16
	Socket messages sent: 0
	Socket messages received: 0
	Signals delivered: 0
	Page size (bytes): 4096
	Exit status: 0
