File /home/cc/datasets/crawl/base.fvecs loaded
Rows 1989995 Cols 300
File /home/cc/datasets/crawl/query.fvecs loaded
Rows 10000 Cols 300
File /home/cc/datasets/crawl/groundtruth.ivecs loaded
Rows 10000 Cols 100
FhtKacRotator is selected
Setting entry_point to 1643220
	Vectors Copied
Supplementing edges...
Supplementing finished...
Indexing time 833.7 secs
EF	QPS	Recall
10	32266.2	0.217774
20	25922.5	0.296835
40	20520.9	0.380554
50	18756.1	0.414655
60	17193.9	0.446201
80	14507.5	0.502581
100	13042.9	0.55187
150	9757.39	0.651051
170	8917.96	0.682178
190	8204.41	0.70938
200	7832.13	0.721868
250	6550.34	0.7715
300	5468.6	0.806084
400	4176.11	0.849266
500	3389.34	0.87307
600	2764.18	0.88767
700	2373.21	0.89729
800	2055.04	0.904404
1500	982.211	0.928392
	Command being timed: "./bin/symqg_indexing /home/cc/datasets/crawl/base.fvecs /home/cc/datasets/crawl/query.fvecs /home/cc/datasets/crawl/groundtruth.ivecs 32 64"
	User time (seconds): 952.62
	System time (seconds): 5.67
	Percent of CPU this job got: 99%
	Elapsed (wall clock) time (h:mm:ss or m:ss): 15:58.31
	Average shared text size (kbytes): 0
	Average unshared data size (kbytes): 0
	Average stack size (kbytes): 0
	Average total size (kbytes): 0
	Maximum resident set size (kbytes): 13906356
	Average resident set size (kbytes): 0
	Major (requiring I/O) page faults: 0
	Minor (reclaiming a frame) page faults: 2440587
	Voluntary context switches: 4
	Involuntary context switches: 527
	Swaps: 0
	File system inputs: 0
	File system outputs: 24
	Socket messages sent: 0
	Socket messages received: 0
	Signals delivered: 0
	Page size (bytes): 4096
	Exit status: 0
