File /home/cc/datasets/laion-clip-512-normalized/base.fvecs loaded
Rows 1000000 Cols 512
File /home/cc/datasets/laion-clip-512-normalized/query.fvecs loaded
Rows 100 Cols 512
File /home/cc/datasets/laion-clip-512-normalized/groundtruth.ivecs loaded
Rows 100 Cols 100
FhtKacRotator is selected
Setting entry_point to 475915
	Vectors Copied
Supplementing edges...
Supplementing finished...
Indexing time 964.21 secs
EF	QPS	Recall
10	18212.7	0.1535
20	15866.9	0.2023
40	13070.2	0.29
50	11815.2	0.3241
60	10556.3	0.3565
80	8767.41	0.4206
100	7839.1	0.4597
150	5736.43	0.5473
170	5121.23	0.5823
190	4675.15	0.611
200	4481.6	0.6242
250	3700.87	0.6743
300	3077.81	0.7128
400	2321.61	0.7656
500	1867.51	0.802
600	1528.34	0.8328
700	1300.79	0.8542
800	1122.26	0.8693
1500	536.578	0.9272
	Command being timed: "./bin/symqg_indexing /home/cc/datasets/laion-clip-512-normalized/base.fvecs /home/cc/datasets/laion-clip-512-normalized/query.fvecs /home/cc/datasets/laion-clip-512-normalized/groundtruth.ivecs 64 128"
	User time (seconds): 963.40
	System time (seconds): 4.44
	Percent of CPU this job got: 99%
	Elapsed (wall clock) time (h:mm:ss or m:ss): 16:07.86
	Average shared text size (kbytes): 0
	Average unshared data size (kbytes): 0
	Average stack size (kbytes): 0
	Average total size (kbytes): 0
	Maximum resident set size (kbytes): 12261716
	Average resident set size (kbytes): 0
	Major (requiring I/O) page faults: 0
	Minor (reclaiming a frame) page faults: 1671559
	Voluntary context switches: 1
	Involuntary context switches: 698
	Swaps: 0
	File system inputs: 0
	File system outputs: 16
	Socket messages sent: 0
	Socket messages received: 0
	Signals delivered: 0
	Page size (bytes): 4096
	Exit status: 0
