File /home/cc/datasets/agnews-mxbai-1024-euclidean/base.fvecs loaded
Rows 769382 Cols 1024
File /home/cc/datasets/agnews-mxbai-1024-euclidean/query.fvecs loaded
Rows 100 Cols 1024
File /home/cc/datasets/agnews-mxbai-1024-euclidean/groundtruth.ivecs loaded
Rows 100 Cols 100
FhtKacRotator is selected
Setting entry_point to 740181
	Vectors Copied
Supplementing edges...
Supplementing finished...
Indexing time 949.502 secs
EF	QPS	Recall
10	14119.3	0.3665
20	13486.7	0.3823
40	11973.7	0.4217
50	11297.1	0.4482
60	10738.8	0.4743
80	9694.05	0.524
100	8770.51	0.5736
150	7392.67	0.6869
170	6911.5	0.7249
190	6461.76	0.7626
200	6263.63	0.7772
250	5340.63	0.8499
300	4537.22	0.9061
400	3476.7	0.9694
500	2866.04	0.9856
600	2378.28	0.9917
700	2046.4	0.9932
800	1785.83	0.9948
1500	894.613	0.9979
	Command being timed: "./bin/symqg_indexing /home/cc/datasets/agnews-mxbai-1024-euclidean/base.fvecs /home/cc/datasets/agnews-mxbai-1024-euclidean/query.fvecs /home/cc/datasets/agnews-mxbai-1024-euclidean/groundtruth.ivecs 32 128"
	User time (seconds): 948.46
	System time (seconds): 6.16
	Percent of CPU this job got: 98%
	Elapsed (wall clock) time (h:mm:ss or m:ss): 16:06.70
	Average shared text size (kbytes): 0
	Average unshared data size (kbytes): 0
	Average stack size (kbytes): 0
	Average total size (kbytes): 0
	Maximum resident set size (kbytes): 11850768
	Average resident set size (kbytes): 0
	Major (requiring I/O) page faults: 0
	Minor (reclaiming a frame) page faults: 1549188
	Voluntary context switches: 25604
	Involuntary context switches: 726
	Swaps: 0
	File system inputs: 3653176
	File system outputs: 16
	Socket messages sent: 0
	Socket messages received: 0
	Signals delivered: 0
	Page size (bytes): 4096
	Exit status: 0
