File /home/cc/datasets/glove/base.fvecs loaded
Rows 1192514 Cols 100
File /home/cc/datasets/glove/query.fvecs loaded
Rows 200 Cols 100
File /home/cc/datasets/glove/groundtruth.ivecs loaded
Rows 200 Cols 20
FhtKacRotator is selected
Setting entry_point to 1124124
	Vectors Copied
Supplementing edges...
Supplementing finished...
Indexing time 292.233 secs
EF	QPS	Recall
10	95864	0.18925
20	67646.9	0.30825
40	38684.9	0.45625
50	32181.6	0.49425
60	27037.8	0.5325
80	20272	0.583
100	16779.5	0.61725
150	11471.4	0.6725
170	10406.7	0.68575
190	9446.03	0.6975
200	8912.84	0.70375
250	7270.26	0.72925
300	6021.2	0.747
400	4507.56	0.769
500	3513.24	0.78725
600	2917.69	0.80025
700	2473.9	0.816
800	2138.65	0.82525
1500	990.621	0.865
	Command being timed: "./bin/symqg_indexing /home/cc/datasets/glove/base.fvecs /home/cc/datasets/glove/query.fvecs /home/cc/datasets/glove/groundtruth.ivecs 32 64"
	User time (seconds): 292.58
	System time (seconds): 2.49
	Percent of CPU this job got: 99%
	Elapsed (wall clock) time (h:mm:ss or m:ss): 4:55.09
	Average shared text size (kbytes): 0
	Average unshared data size (kbytes): 0
	Average stack size (kbytes): 0
	Average total size (kbytes): 0
	Maximum resident set size (kbytes): 5568432
	Average resident set size (kbytes): 0
	Major (requiring I/O) page faults: 0
	Minor (reclaiming a frame) page faults: 1177958
	Voluntary context switches: 2
	Involuntary context switches: 260
	Swaps: 0
	File system inputs: 0
	File system outputs: 16
	Socket messages sent: 0
	Socket messages received: 0
	Signals delivered: 0
	Page size (bytes): 4096
	Exit status: 0
