File /home/cc/datasets/OBST2024/base.fvecs loaded
Rows 1000000 Cols 256
File /home/cc/datasets/OBST2024/query.fvecs loaded
Rows 300 Cols 256
File /home/cc/datasets/OBST2024/groundtruth.ivecs loaded
Rows 300 Cols 100
FhtKacRotator is selected
Setting entry_point to 654050
	Vectors Copied
Supplementing edges...
Supplementing finished...
Indexing time 1109.5 secs
EF	QPS	Recall
10	30830.1	0.102033
20	24559.8	0.138967
40	16955.2	0.212367
50	14461.6	0.257367
60	12873.3	0.290933
80	10438.1	0.3367
100	9027.72	0.3879
150	6656.16	0.473167
170	6008.62	0.508033
190	5568.65	0.5333
200	5346.43	0.545233
250	4513	0.599767
300	3806.07	0.6374
400	2975.02	0.690867
500	2481.41	0.7181
600	2056.26	0.7371
700	1793.93	0.7485
800	1578.95	0.760467
1500	803.679	0.810367
	Command being timed: "./bin/symqg_indexing /home/cc/datasets/OBST2024/base.fvecs /home/cc/datasets/OBST2024/query.fvecs /home/cc/datasets/OBST2024/groundtruth.ivecs 96 192"
	User time (seconds): 1109.94
	System time (seconds): 5.84
	Percent of CPU this job got: 99%
	Elapsed (wall clock) time (h:mm:ss or m:ss): 18:41.36
	Average shared text size (kbytes): 0
	Average unshared data size (kbytes): 0
	Average stack size (kbytes): 0
	Average total size (kbytes): 0
	Maximum resident set size (kbytes): 10141416
	Average resident set size (kbytes): 0
	Major (requiring I/O) page faults: 0
	Minor (reclaiming a frame) page faults: 1535571
	Voluntary context switches: 9053
	Involuntary context switches: 847
	Swaps: 0
	File system inputs: 466432
	File system outputs: 16
	Socket messages sent: 0
	Socket messages received: 0
	Signals delivered: 0
	Page size (bytes): 4096
	Exit status: 0
