File /home/cc/datasets/coco-nomic-768-normalized/base.fvecs loaded
Rows 282360 Cols 768
File /home/cc/datasets/coco-nomic-768-normalized/query.fvecs loaded
Rows 100 Cols 768
File /home/cc/datasets/coco-nomic-768-normalized/groundtruth.ivecs loaded
Rows 100 Cols 100
FhtKacRotator is selected
Setting entry_point to 57958
	Vectors Copied
Supplementing edges...
Supplementing finished...
Indexing time 162.233 secs
EF	QPS	Recall
10	20013.1	0.1168
20	17104.3	0.1814
40	13722.8	0.2509
50	12779.1	0.2704
60	11744.8	0.2995
80	9959.73	0.3413
100	8688.09	0.3804
150	6109.1	0.48
170	5459.81	0.51
190	4964.6	0.5343
200	4710.28	0.5501
250	3896.82	0.6083
300	3215.5	0.6561
400	2431.25	0.73
500	1951.25	0.7752
600	1593.1	0.8101
700	1358.93	0.8333
800	1171.68	0.857
1500	563.376	0.9327
	Command being timed: "./bin/symqg_indexing /home/cc/datasets/coco-nomic-768-normalized/base.fvecs /home/cc/datasets/coco-nomic-768-normalized/query.fvecs /home/cc/datasets/coco-nomic-768-normalized/groundtruth.ivecs 32 64"
	User time (seconds): 163.58
	System time (seconds): 1.40
	Percent of CPU this job got: 99%
	Elapsed (wall clock) time (h:mm:ss or m:ss): 2:44.99
	Average shared text size (kbytes): 0
	Average unshared data size (kbytes): 0
	Average stack size (kbytes): 0
	Average total size (kbytes): 0
	Maximum resident set size (kbytes): 3500648
	Average resident set size (kbytes): 0
	Major (requiring I/O) page faults: 0
	Minor (reclaiming a frame) page faults: 460351
	Voluntary context switches: 1
	Involuntary context switches: 221
	Swaps: 0
	File system inputs: 0
	File system outputs: 16
	Socket messages sent: 0
	Socket messages received: 0
	Signals delivered: 0
	Page size (bytes): 4096
	Exit status: 0
