File /home/cc/datasets/MNIST/base.fvecs loaded
Rows 69000 Cols 784
File /home/cc/datasets/MNIST/query.fvecs loaded
Rows 200 Cols 784
File /home/cc/datasets/MNIST/groundtruth.ivecs loaded
Rows 200 Cols 20
FhtKacRotator is selected
Setting entry_point to 33205
	Vectors Copied
Supplementing edges...
Supplementing finished...
Indexing time 54.7437 secs
EF	QPS	Recall
10	39580.9	0.5805
20	35660.6	0.735
40	29042.6	0.93275
50	25817.7	0.96575
60	22726.4	0.98725
80	18577.1	0.99525
100	15890.8	0.99625
150	11616.9	0.997
170	10552.3	0.99825
190	9665.87	0.9985
200	9302.88	0.9985
250	7776.5	0.9985
300	6511.87	0.9985
400	5030.85	0.99925
500	4099.39	0.99925
600	3401.29	0.99925
700	2925.29	0.99925
800	2559.61	0.99925
1500	1275.55	0.9995
	Command being timed: "./bin/symqg_indexing /home/cc/datasets/MNIST/base.fvecs /home/cc/datasets/MNIST/query.fvecs /home/cc/datasets/MNIST/groundtruth.ivecs 32 128"
	User time (seconds): 56.46
	System time (seconds): 0.37
	Percent of CPU this job got: 99%
	Elapsed (wall clock) time (h:mm:ss or m:ss): 0:56.85
	Average shared text size (kbytes): 0
	Average unshared data size (kbytes): 0
	Average stack size (kbytes): 0
	Average total size (kbytes): 0
	Maximum resident set size (kbytes): 886264
	Average resident set size (kbytes): 0
	Major (requiring I/O) page faults: 0
	Minor (reclaiming a frame) page faults: 108305
	Voluntary context switches: 1
	Involuntary context switches: 153
	Swaps: 0
	File system inputs: 0
	File system outputs: 16
	Socket messages sent: 0
	Socket messages received: 0
	Signals delivered: 0
	Page size (bytes): 4096
	Exit status: 0
