File /home/cc/datasets/gist/base.fvecs loaded
Rows 1000000 Cols 960
File /home/cc/datasets/gist/query.fvecs loaded
Rows 1000 Cols 960
File /home/cc/datasets/gist/groundtruth.ivecs loaded
Rows 1000 Cols 100
FhtKacRotator is selected
Setting entry_point to 356422
	Vectors Copied
Supplementing edges...
Supplementing finished...
Indexing time 1455.14 secs
EF	QPS	Recall
10	13010.3	0.19193
20	11162.6	0.26073
40	10059.6	0.36665
50	9289.51	0.41457
60	8463.74	0.46049
80	6927.09	0.54424
100	6137.65	0.61166
150	4797.27	0.73566
170	4337.66	0.77048
190	3963.39	0.80011
200	3799.4	0.81244
250	3141.33	0.86164
300	2650.31	0.89281
400	2030.65	0.92947
500	1652.67	0.94876
600	1375.3	0.96129
700	1186.48	0.96945
800	1038.44	0.97483
1500	534.309	0.99026
	Command being timed: "./bin/symqg_indexing /home/cc/datasets/gist/base.fvecs /home/cc/datasets/gist/query.fvecs /home/cc/datasets/gist/groundtruth.ivecs 64 128"
	User time (seconds): 1474.82
	System time (seconds): 7.07
	Percent of CPU this job got: 99%
	Elapsed (wall clock) time (h:mm:ss or m:ss): 24:41.95
	Average shared text size (kbytes): 0
	Average unshared data size (kbytes): 0
	Average stack size (kbytes): 0
	Average total size (kbytes): 0
	Maximum resident set size (kbytes): 19268512
	Average resident set size (kbytes): 0
	Major (requiring I/O) page faults: 0
	Minor (reclaiming a frame) page faults: 2206842
	Voluntary context switches: 1
	Involuntary context switches: 1508
	Swaps: 0
	File system inputs: 0
	File system outputs: 16
	Socket messages sent: 0
	Socket messages received: 0
	Signals delivered: 0
	Page size (bytes): 4096
	Exit status: 0
