File /home/cc/datasets/cifar/base.fvecs loaded
Rows 50000 Cols 512
File /home/cc/datasets/cifar/query.fvecs loaded
Rows 200 Cols 512
File /home/cc/datasets/cifar/groundtruth.ivecs loaded
Rows 200 Cols 20
FhtKacRotator is selected
Setting entry_point to 9905
	Vectors Copied
Supplementing edges...
Supplementing finished...
Indexing time 103.468 secs
EF	QPS	Recall
10	19934.5	0.583
20	20664.6	0.73725
40	15519.5	0.89475
50	13423.7	0.934
60	11655.6	0.9585
80	9191.23	0.97775
100	7710.52	0.9885
150	5473.44	0.9965
170	5006.52	0.9975
190	4582.49	0.9985
200	4389.91	0.9985
250	3647.91	0.99875
300	3093.23	0.99925
400	2398.3	0.99975
500	1977.22	0.99975
600	1646.76	1
700	1426.12	1
800	1252.79	1
1500	648.932	1
	Command being timed: "./bin/symqg_indexing /home/cc/datasets/cifar/base.fvecs /home/cc/datasets/cifar/query.fvecs /home/cc/datasets/cifar/groundtruth.ivecs 128 256"
	User time (seconds): 107.16
	System time (seconds): 0.33
	Percent of CPU this job got: 99%
	Elapsed (wall clock) time (h:mm:ss or m:ss): 1:47.51
	Average shared text size (kbytes): 0
	Average unshared data size (kbytes): 0
	Average stack size (kbytes): 0
	Average total size (kbytes): 0
	Maximum resident set size (kbytes): 908920
	Average resident set size (kbytes): 0
	Major (requiring I/O) page faults: 0
	Minor (reclaiming a frame) page faults: 111008
	Voluntary context switches: 176
	Involuntary context switches: 128
	Swaps: 0
	File system inputs: 2840
	File system outputs: 16
	Socket messages sent: 0
	Socket messages received: 0
	Signals delivered: 0
	Page size (bytes): 4096
	Exit status: 0
