File /home/cc/datasets/vcseis/base.fvecs loaded
Rows 160178 Cols 256
File /home/cc/datasets/vcseis/query.fvecs loaded
Rows 100 Cols 256
File /home/cc/datasets/vcseis/groundtruth.ivecs loaded
Rows 100 Cols 100
FhtKacRotator is selected
Setting entry_point to 136104
	Vectors Copied
Supplementing edges...
Supplementing finished...
Indexing time 317.303 secs
EF	QPS	Recall
10	28669.3	0.2063
20	22985.3	0.2285
40	15678.9	0.2564
50	13508.7	0.2674
60	11926.9	0.2791
80	9357.3	0.2992
100	8550.29	0.3104
150	6109.01	0.3493
170	5544.89	0.3677
190	5118.54	0.3848
200	4925.63	0.3918
250	4032.39	0.423
300	3297.07	0.4545
400	2313.32	0.5003
500	1862.06	0.5339
600	1456.68	0.5612
700	1207.39	0.5877
800	1032.11	0.609
1500	452.014	0.7115
	Command being timed: "./bin/symqg_indexing /home/cc/datasets/vcseis/base.fvecs /home/cc/datasets/vcseis/query.fvecs /home/cc/datasets/vcseis/groundtruth.ivecs 128 256"
	User time (seconds): 318.88
	System time (seconds): 0.84
	Percent of CPU this job got: 99%
	Elapsed (wall clock) time (h:mm:ss or m:ss): 5:19.74
	Average shared text size (kbytes): 0
	Average unshared data size (kbytes): 0
	Average stack size (kbytes): 0
	Average total size (kbytes): 0
	Maximum resident set size (kbytes): 1939372
	Average resident set size (kbytes): 0
	Major (requiring I/O) page faults: 0
	Minor (reclaiming a frame) page faults: 313768
	Voluntary context switches: 1
	Involuntary context switches: 456
	Swaps: 0
	File system inputs: 0
	File system outputs: 16
	Socket messages sent: 0
	Socket messages received: 0
	Signals delivered: 0
	Page size (bytes): 4096
	Exit status: 0
