File /home/cc/datasets/enron/base.fvecs loaded
Rows 94987 Cols 1369
File /home/cc/datasets/enron/query.fvecs loaded
Rows 200 Cols 1369
File /home/cc/datasets/enron/groundtruth.ivecs loaded
Rows 200 Cols 20
FhtKacRotator is selected
Setting entry_point to 89082
	Vectors Copied
Supplementing edges...
Supplementing finished...
Indexing time 229.287 secs
EF	QPS	Recall
10	15518.9	0.5935
20	15942.6	0.71275
40	12940	0.86875
50	11663.7	0.899
60	10448.5	0.92425
80	8559.04	0.954
100	7332.34	0.9715
150	5373	0.9865
170	4909.44	0.98875
190	4510.74	0.98975
200	4358.88	0.9905
250	3661.42	0.9925
300	3136.69	0.99425
400	2456.7	0.9965
500	2026.01	0.9965
600	1706.8	0.9965
700	1485.22	0.9965
800	1312.83	0.9965
1500	699.339	0.9975
	Command being timed: "./bin/symqg_indexing /home/cc/datasets/enron/base.fvecs /home/cc/datasets/enron/query.fvecs /home/cc/datasets/enron/groundtruth.ivecs 64 128"
	User time (seconds): 232.71
	System time (seconds): 0.78
	Percent of CPU this job got: 99%
	Elapsed (wall clock) time (h:mm:ss or m:ss): 3:53.51
	Average shared text size (kbytes): 0
	Average unshared data size (kbytes): 0
	Average stack size (kbytes): 0
	Average total size (kbytes): 0
	Maximum resident set size (kbytes): 2471852
	Average resident set size (kbytes): 0
	Major (requiring I/O) page faults: 0
	Minor (reclaiming a frame) page faults: 223836
	Voluntary context switches: 1
	Involuntary context switches: 476
	Swaps: 0
	File system inputs: 0
	File system outputs: 16
	Socket messages sent: 0
	Socket messages received: 0
	Signals delivered: 0
	Page size (bytes): 4096
	Exit status: 0
