File /home/cc/datasets/word2vec/base.fvecs loaded
Rows 1000000 Cols 300
File /home/cc/datasets/word2vec/query.fvecs loaded
Rows 1000 Cols 300
File /home/cc/datasets/word2vec/groundtruth.ivecs loaded
Rows 1000 Cols 100
FhtKacRotator is selected
Setting entry_point to 249878
	Vectors Copied
Supplementing edges...
Supplementing finished...
Indexing time 353.33 secs
EF	QPS	Recall
10	31613.4	0.13134
20	26570.4	0.18353
40	21195.9	0.26294
50	19359.8	0.29433
60	17758.2	0.32083
80	14941	0.36794
100	13219	0.40528
150	9524.36	0.47991
170	8532.59	0.50208
190	7824.69	0.52301
200	7475.73	0.5319
250	6147.31	0.56914
300	5063.79	0.59917
400	3848.35	0.63987
500	3099.37	0.66664
600	2525.94	0.68567
700	2144	0.70019
800	1860.4	0.71209
1500	877.237	0.75921
	Command being timed: "./bin/symqg_indexing /home/cc/datasets/word2vec/base.fvecs /home/cc/datasets/word2vec/query.fvecs /home/cc/datasets/word2vec/groundtruth.ivecs 32 64"
	User time (seconds): 364.99
	System time (seconds): 2.65
	Percent of CPU this job got: 99%
	Elapsed (wall clock) time (h:mm:ss or m:ss): 6:07.65
	Average shared text size (kbytes): 0
	Average unshared data size (kbytes): 0
	Average stack size (kbytes): 0
	Average total size (kbytes): 0
	Maximum resident set size (kbytes): 6982252
	Average resident set size (kbytes): 0
	Major (requiring I/O) page faults: 0
	Minor (reclaiming a frame) page faults: 1115431
	Voluntary context switches: 1
	Involuntary context switches: 281
	Swaps: 0
	File system inputs: 0
	File system outputs: 16
	Socket messages sent: 0
	Socket messages received: 0
	Signals delivered: 0
	Page size (bytes): 4096
	Exit status: 0
