File /home/cc/datasets/celeba-resnet-2048-cosine/base.fvecs loaded
Rows 201599 Cols 2048
File /home/cc/datasets/celeba-resnet-2048-cosine/query.fvecs loaded
Rows 100 Cols 2048
File /home/cc/datasets/celeba-resnet-2048-cosine/groundtruth.ivecs loaded
Rows 100 Cols 100
FhtKacRotator is selected
Setting entry_point to 97023
	Vectors Copied
Supplementing edges...
Supplementing finished...
Indexing time 1086.26 secs
EF	QPS	Recall
10	8851.54	0.0539
20	7074.57	0.0766
40	4810.18	0.1137
50	4212.97	0.131
60	3785.98	0.1459
80	3152.24	0.1702
100	2742.82	0.1924
150	1961.93	0.2337
170	1789.32	0.2432
190	1635.86	0.2516
200	1574.84	0.2543
250	1288.25	0.2716
300	1094.36	0.2788
400	831.391	0.2867
500	669.646	0.2924
600	565.142	0.2954
700	491.316	0.2975
800	430.203	0.2995
1500	224.671	0.3126
	Command being timed: "./bin/symqg_indexing /home/cc/datasets/celeba-resnet-2048-cosine/base.fvecs /home/cc/datasets/celeba-resnet-2048-cosine/query.fvecs /home/cc/datasets/celeba-resnet-2048-cosine/groundtruth.ivecs 96 192"
	User time (seconds): 1090.11
	System time (seconds): 3.08
	Percent of CPU this job got: 99%
	Elapsed (wall clock) time (h:mm:ss or m:ss): 18:13.20
	Average shared text size (kbytes): 0
	Average unshared data size (kbytes): 0
	Average stack size (kbytes): 0
	Average total size (kbytes): 0
	Maximum resident set size (kbytes): 9105580
	Average resident set size (kbytes): 0
	Major (requiring I/O) page faults: 0
	Minor (reclaiming a frame) page faults: 695317
	Voluntary context switches: 2
	Involuntary context switches: 686
	Swaps: 0
	File system inputs: 8
	File system outputs: 16
	Socket messages sent: 0
	Socket messages received: 0
	Signals delivered: 0
	Page size (bytes): 4096
	Exit status: 0
