File /home/cc/datasets/nuswide/base.fvecs loaded
Rows 268643 Cols 500
File /home/cc/datasets/nuswide/query.fvecs loaded
Rows 200 Cols 500
File /home/cc/datasets/nuswide/groundtruth.ivecs loaded
Rows 200 Cols 20
FhtKacRotator is selected
Setting entry_point to 218754
	Vectors Copied
Supplementing edges...
Supplementing finished...
Indexing time 262.466 secs
EF	QPS	Recall
10	31600	0.28525
20	31953.5	0.40475
40	19514.1	0.54275
50	16250.5	0.59
60	14162.8	0.62175
80	10938.1	0.6685
100	9043.07	0.706
150	6188.88	0.76525
170	5550.21	0.785
190	5035.36	0.80025
200	4822.26	0.80525
250	3921.71	0.8345
300	3250.12	0.853
400	2445.54	0.88
500	1962.1	0.9015
600	1601.91	0.9165
700	1365.47	0.9295
800	1182.99	0.93675
1500	572.03	0.96225
	Command being timed: "./bin/symqg_indexing /home/cc/datasets/nuswide/base.fvecs /home/cc/datasets/nuswide/query.fvecs /home/cc/datasets/nuswide/groundtruth.ivecs 64 128"
	User time (seconds): 264.14
	System time (seconds): 2.75
	Percent of CPU this job got: 99%
	Elapsed (wall clock) time (h:mm:ss or m:ss): 4:26.91
	Average shared text size (kbytes): 0
	Average unshared data size (kbytes): 0
	Average stack size (kbytes): 0
	Average total size (kbytes): 0
	Maximum resident set size (kbytes): 3274348
	Average resident set size (kbytes): 0
	Major (requiring I/O) page faults: 0
	Minor (reclaiming a frame) page faults: 789083
	Voluntary context switches: 1
	Involuntary context switches: 412
	Swaps: 0
	File system inputs: 0
	File system outputs: 16
	Socket messages sent: 0
	Socket messages received: 0
	Signals delivered: 0
	Page size (bytes): 4096
	Exit status: 0
