File /home/cc/datasets/yandex-200-cosine/base.fvecs loaded
Rows 1000000 Cols 200
File /home/cc/datasets/yandex-200-cosine/query.fvecs loaded
Rows 100 Cols 200
File /home/cc/datasets/yandex-200-cosine/groundtruth.ivecs loaded
Rows 100 Cols 100
FhtKacRotator is selected
Setting entry_point to 130673
	Vectors Copied
Supplementing edges...
Supplementing finished...
Indexing time 1469.19 secs
EF	QPS	Recall
10	22477.3	0.1711
20	17575.6	0.2331
40	12360.1	0.327
50	10965.9	0.3606
60	9790.23	0.3959
80	7976.97	0.449
100	7093.13	0.49
150	5126.64	0.5802
170	4644.97	0.6078
190	4239.61	0.634
200	4077.56	0.6464
250	3346.18	0.6995
300	2775.6	0.7383
400	2108.65	0.797
500	1720.4	0.837
600	1447.13	0.8662
700	1249.93	0.8881
800	1075.08	0.9028
1500	520.35	0.9588
	Command being timed: "./bin/symqg_indexing /home/cc/datasets/yandex-200-cosine/base.fvecs /home/cc/datasets/yandex-200-cosine/query.fvecs /home/cc/datasets/yandex-200-cosine/groundtruth.ivecs 128 256"
	User time (seconds): 1467.45
	System time (seconds): 4.84
	Percent of CPU this job got: 99%
	Elapsed (wall clock) time (h:mm:ss or m:ss): 24:32.33
	Average shared text size (kbytes): 0
	Average unshared data size (kbytes): 0
	Average stack size (kbytes): 0
	Average total size (kbytes): 0
	Maximum resident set size (kbytes): 11593408
	Average resident set size (kbytes): 0
	Major (requiring I/O) page faults: 0
	Minor (reclaiming a frame) page faults: 1960092
	Voluntary context switches: 1
	Involuntary context switches: 1123
	Swaps: 0
	File system inputs: 0
	File system outputs: 16
	Socket messages sent: 0
	Socket messages received: 0
	Signals delivered: 0
	Page size (bytes): 4096
	Exit status: 0
