File /home/cc/datasets/movielens/base.fvecs loaded
Rows 10677 Cols 150
File /home/cc/datasets/movielens/query.fvecs loaded
Rows 1000 Cols 150
File /home/cc/datasets/movielens/groundtruth.ivecs loaded
Rows 1000 Cols 100
FhtKacRotator is selected
Setting entry_point to 6772
	Vectors Copied
Supplementing edges...
Supplementing finished...
Indexing time 5.3012 secs
EF	QPS	Recall
10	43086.3	0.4424
20	36005.7	0.46107
40	26731.4	0.50004
50	24144.6	0.5193
60	22145.1	0.53441
80	18803.5	0.5645
100	16827.1	0.59161
150	12827.7	0.6648
170	11867.9	0.69398
190	11080.7	0.72017
200	10706.4	0.73253
250	9144.01	0.79116
300	7855.88	0.83917
400	6173.31	0.90924
500	5053.06	0.95246
600	4162.67	0.97656
700	3573.26	0.9882
800	3122.77	0.9938
1500	1607.49	0.9994
	Command being timed: "./bin/symqg_indexing /home/cc/datasets/movielens/base.fvecs /home/cc/datasets/movielens/query.fvecs /home/cc/datasets/movielens/groundtruth.ivecs 64 128"
	User time (seconds): 13.60
	System time (seconds): 0.03
	Percent of CPU this job got: 99%
	Elapsed (wall clock) time (h:mm:ss or m:ss): 0:13.65
	Average shared text size (kbytes): 0
	Average unshared data size (kbytes): 0
	Average stack size (kbytes): 0
	Average total size (kbytes): 0
	Maximum resident set size (kbytes): 79620
	Average resident set size (kbytes): 0
	Major (requiring I/O) page faults: 0
	Minor (reclaiming a frame) page faults: 13173
	Voluntary context switches: 90
	Involuntary context switches: 30
	Swaps: 0
	File system inputs: 6304
	File system outputs: 16
	Socket messages sent: 0
	Socket messages received: 0
	Signals delivered: 0
	Page size (bytes): 4096
	Exit status: 0
