File /home/cc/datasets/OBST2024/base.fvecs loaded
Rows 1000000 Cols 256
File /home/cc/datasets/OBST2024/query.fvecs loaded
Rows 300 Cols 256
File /home/cc/datasets/OBST2024/groundtruth.ivecs loaded
Rows 300 Cols 100
FhtKacRotator is selected
Setting entry_point to 654050
	Vectors Copied
Supplementing edges...
Supplementing finished...
Indexing time 687.778 secs
EF	QPS	Recall
10	35296.9	0.110033
20	29050.1	0.1764
40	24248.6	0.248467
50	21284.6	0.2912
60	18911.8	0.320433
80	14944.9	0.381567
100	12466.8	0.4348
150	8795.4	0.5165
170	7896.72	0.5473
190	7172.27	0.5736
200	6864.71	0.582733
250	5686.16	0.626967
300	4693.49	0.659367
400	3665.5	0.694733
500	3030.88	0.7128
600	2502.22	0.722733
700	2148.43	0.7323
800	1872.86	0.737033
1500	956.981	0.758333
	Command being timed: "./bin/symqg_indexing /home/cc/datasets/OBST2024/base.fvecs /home/cc/datasets/OBST2024/query.fvecs /home/cc/datasets/OBST2024/groundtruth.ivecs 64 128"
	User time (seconds): 689.36
	System time (seconds): 3.86
	Percent of CPU this job got: 99%
	Elapsed (wall clock) time (h:mm:ss or m:ss): 11:38.77
	Average shared text size (kbytes): 0
	Average unshared data size (kbytes): 0
	Average stack size (kbytes): 0
	Average total size (kbytes): 0
	Maximum resident set size (kbytes): 8262632
	Average resident set size (kbytes): 0
	Major (requiring I/O) page faults: 0
	Minor (reclaiming a frame) page faults: 1294019
	Voluntary context switches: 9051
	Involuntary context switches: 447
	Swaps: 0
	File system inputs: 328376
	File system outputs: 16
	Socket messages sent: 0
	Socket messages received: 0
	Signals delivered: 0
	Page size (bytes): 4096
	Exit status: 0
