File /home/cc/datasets/nytimes/base.fvecs loaded
Rows 290000 Cols 256
File /home/cc/datasets/nytimes/query.fvecs loaded
Rows 100 Cols 256
File /home/cc/datasets/nytimes/groundtruth.ivecs loaded
Rows 100 Cols 100
FhtKacRotator is selected
Setting entry_point to 938
	Vectors Copied
Supplementing edges...
Supplementing finished...
Indexing time 80.6023 secs
EF	QPS	Recall
10	13141.5	0.5145
20	8894.5	0.4962
40	9111.17	0.4962
50	9084.04	0.4962
60	8410.18	0.5255
80	7388.02	0.5255
100	7084.54	0.5255
150	6292.15	0.5255
170	6160.26	0.5255
190	6083.82	0.5255
200	5946.55	0.5255
250	5463.45	0.5571
300	4926.05	0.5571
400	4502.39	0.6038
500	3991.31	0.6086
600	3641.73	0.6086
700	3368.64	0.6086
800	3221.81	0.6086
1500	2447.35	0.5734
	Command being timed: "./bin/symqg_indexing /home/cc/datasets/nytimes/base.fvecs /home/cc/datasets/nytimes/query.fvecs /home/cc/datasets/nytimes/groundtruth.ivecs 32 64"
	User time (seconds): 81.28
	System time (seconds): 0.72
	Percent of CPU this job got: 99%
	Elapsed (wall clock) time (h:mm:ss or m:ss): 1:22.00
	Average shared text size (kbytes): 0
	Average unshared data size (kbytes): 0
	Average stack size (kbytes): 0
	Average total size (kbytes): 0
	Maximum resident set size (kbytes): 1856520
	Average resident set size (kbytes): 0
	Major (requiring I/O) page faults: 0
	Minor (reclaiming a frame) page faults: 298709
	Voluntary context switches: 1
	Involuntary context switches: 108
	Swaps: 0
	File system inputs: 0
	File system outputs: 16
	Socket messages sent: 0
	Socket messages received: 0
	Signals delivered: 0
	Page size (bytes): 4096
	Exit status: 0
