File /home/cc/datasets/gist/base.fvecs loaded
Rows 1000000 Cols 960
File /home/cc/datasets/gist/query.fvecs loaded
Rows 1000 Cols 960
File /home/cc/datasets/gist/groundtruth.ivecs loaded
Rows 1000 Cols 100
FhtKacRotator is selected
Setting entry_point to 356422
	Vectors Copied
Supplementing edges...
Supplementing finished...
Indexing time 736.459 secs
EF	QPS	Recall
10	15869.8	0.17127
20	13971.4	0.23843
40	12085.1	0.34265
50	11213.5	0.38765
60	10410.1	0.43087
80	9211.84	0.50178
100	8296.51	0.56201
150	6167.15	0.6731
170	5488.6	0.70596
190	5028.38	0.7322
200	4820.9	0.74414
250	3957.54	0.78993
300	3334.54	0.82288
400	2525.23	0.86473
500	2045.01	0.8908
600	1696.83	0.90832
700	1450.69	0.92096
800	1271.73	0.9304
1500	642.827	0.96325
	Command being timed: "./bin/symqg_indexing /home/cc/datasets/gist/base.fvecs /home/cc/datasets/gist/query.fvecs /home/cc/datasets/gist/groundtruth.ivecs 32 64"
	User time (seconds): 732.48
	System time (seconds): 25.02
	Percent of CPU this job got: 98%
	Elapsed (wall clock) time (h:mm:ss or m:ss): 12:45.77
	Average shared text size (kbytes): 0
	Average unshared data size (kbytes): 0
	Average stack size (kbytes): 0
	Average total size (kbytes): 0
	Maximum resident set size (kbytes): 14622908
	Average resident set size (kbytes): 0
	Major (requiring I/O) page faults: 0
	Minor (reclaiming a frame) page faults: 4671817
	Voluntary context switches: 29144
	Involuntary context switches: 17737
	Swaps: 0
	File system inputs: 7423464
	File system outputs: 16
	Socket messages sent: 0
	Socket messages received: 0
	Signals delivered: 0
	Page size (bytes): 4096
	Exit status: 0
