File /home/cc/datasets/imageNet/base.fvecs loaded
Rows 2340373 Cols 150
File /home/cc/datasets/imageNet/query.fvecs loaded
Rows 200 Cols 150
File /home/cc/datasets/imageNet/groundtruth.ivecs loaded
Rows 200 Cols 20
FhtKacRotator is selected
Setting entry_point to 942654
	Vectors Copied
Supplementing edges...
Supplementing finished...
Indexing time 718.082 secs
EF	QPS	Recall
10	67432	0.35775
20	52039	0.50425
40	32252.3	0.68275
50	27791.4	0.73025
60	24181.4	0.767
80	18848.1	0.805
100	15865.2	0.8375
150	11098.1	0.8795
170	10013.8	0.891
190	9111.2	0.9015
200	8679.79	0.907
250	7193.54	0.92075
300	5890.14	0.93425
400	4449.67	0.948
500	3566.69	0.95625
600	2889.54	0.96275
700	2453.82	0.967
800	2117.9	0.9705
1500	1024.47	0.98175
	Command being timed: "./bin/symqg_indexing /home/cc/datasets/imageNet/base.fvecs /home/cc/datasets/imageNet/query.fvecs /home/cc/datasets/imageNet/groundtruth.ivecs 32 64"
	User time (seconds): 713.97
	System time (seconds): 10.01
	Percent of CPU this job got: 99%
	Elapsed (wall clock) time (h:mm:ss or m:ss): 12:04.00
	Average shared text size (kbytes): 0
	Average unshared data size (kbytes): 0
	Average stack size (kbytes): 0
	Average total size (kbytes): 0
	Maximum resident set size (kbytes): 12425316
	Average resident set size (kbytes): 0
	Major (requiring I/O) page faults: 0
	Minor (reclaiming a frame) page faults: 6145830
	Voluntary context switches: 2
	Involuntary context switches: 629
	Swaps: 0
	File system inputs: 8
	File system outputs: 16
	Socket messages sent: 0
	Socket messages received: 0
	Signals delivered: 0
	Page size (bytes): 4096
	Exit status: 0
