File /home/cc/datasets/stead/base.fvecs loaded
Rows 1000000 Cols 256
File /home/cc/datasets/stead/query.fvecs loaded
Rows 100 Cols 256
File /home/cc/datasets/stead/groundtruth.ivecs loaded
Rows 100 Cols 100
FhtKacRotator is selected
Setting entry_point to 43644
	Vectors Copied
Supplementing edges...
Supplementing finished...
Indexing time 1097.09 secs
EF	QPS	Recall
10	24817.1	0.1117
20	19170.9	0.1658
40	13496.6	0.2504
50	12191.2	0.2822
60	10965.7	0.314
80	9153.67	0.3684
100	8030.89	0.4113
150	5977.94	0.491
170	5386.44	0.5174
190	4992.23	0.5358
200	4783.87	0.5467
250	3984.82	0.5849
300	3308.95	0.6124
400	2548.26	0.6452
500	2061.87	0.6634
600	1713.28	0.6771
700	1464.66	0.6893
800	1259.29	0.7008
1500	610.671	0.751
	Command being timed: "./bin/symqg_indexing /home/cc/datasets/stead/base.fvecs /home/cc/datasets/stead/query.fvecs /home/cc/datasets/stead/groundtruth.ivecs 96 192"
	User time (seconds): 1084.23
	System time (seconds): 16.08
	Percent of CPU this job got: 99%
	Elapsed (wall clock) time (h:mm:ss or m:ss): 18:21.32
	Average shared text size (kbytes): 0
	Average unshared data size (kbytes): 0
	Average stack size (kbytes): 0
	Average total size (kbytes): 0
	Maximum resident set size (kbytes): 10137440
	Average resident set size (kbytes): 0
	Major (requiring I/O) page faults: 0
	Minor (reclaiming a frame) page faults: 2278723
	Voluntary context switches: 4719
	Involuntary context switches: 1115
	Swaps: 0
	File system inputs: 19616
	File system outputs: 16
	Socket messages sent: 0
	Socket messages received: 0
	Signals delivered: 0
	Page size (bytes): 4096
	Exit status: 0
