File /home/cc/datasets/millionSong/base.fvecs loaded
Rows 992272 Cols 420
File /home/cc/datasets/millionSong/query.fvecs loaded
Rows 200 Cols 420
File /home/cc/datasets/millionSong/groundtruth.ivecs loaded
Rows 200 Cols 20
FhtKacRotator is selected
Setting entry_point to 650206
	Vectors Copied
Supplementing edges...
Supplementing finished...
Indexing time 642.282 secs
EF	QPS	Recall
10	46884.2	0.503
20	39890.8	0.7
40	26256.3	0.883
50	23014.9	0.91975
60	20218.8	0.93875
80	16089.7	0.965
100	13730.5	0.97525
150	9908.96	0.988
170	9002.36	0.99
190	8252.89	0.992
200	7852.49	0.9925
250	6609.46	0.995
300	5557.27	0.99625
400	4253.47	0.997
500	3302.74	0.9985
600	2864.84	0.9985
700	2465.06	0.9985
800	2154.43	0.99875
1500	1081.49	0.9995
	Command being timed: "./bin/symqg_indexing /home/cc/datasets/millionSong/base.fvecs /home/cc/datasets/millionSong/query.fvecs /home/cc/datasets/millionSong/groundtruth.ivecs 32 128"
	User time (seconds): 642.35
	System time (seconds): 3.56
	Percent of CPU this job got: 99%
	Elapsed (wall clock) time (h:mm:ss or m:ss): 10:45.93
	Average shared text size (kbytes): 0
	Average unshared data size (kbytes): 0
	Average stack size (kbytes): 0
	Average total size (kbytes): 0
	Maximum resident set size (kbytes): 8358140
	Average resident set size (kbytes): 0
	Major (requiring I/O) page faults: 0
	Minor (reclaiming a frame) page faults: 1326243
	Voluntary context switches: 1
	Involuntary context switches: 422
	Swaps: 0
	File system inputs: 0
	File system outputs: 16
	Socket messages sent: 0
	Socket messages received: 0
	Signals delivered: 0
	Page size (bytes): 4096
	Exit status: 0
