File /home/cc/datasets/yi-128-ip/base.fvecs loaded
Rows 187843 Cols 128
File /home/cc/datasets/yi-128-ip/query.fvecs loaded
Rows 100 Cols 128
File /home/cc/datasets/yi-128-ip/groundtruth.ivecs loaded
Rows 100 Cols 100
FhtKacRotator is selected
Setting entry_point to 48352
	Vectors Copied
Supplementing edges...
Supplementing finished...
Indexing time 189.318 secs
EF	QPS	Recall
10	40122.6	0.2722
20	30367.5	0.3242
40	19958.1	0.4015
50	17230.6	0.4435
60	14558.4	0.4774
80	11864.5	0.5319
100	10159.1	0.5696
150	7536.37	0.6409
170	6819.1	0.6735
190	6218.04	0.7017
200	5786.24	0.7141
250	4982.88	0.7664
300	4148.91	0.8082
400	3285.81	0.8607
500	2745.79	0.8906
600	2193.18	0.9131
700	1905.23	0.9315
800	1664.69	0.9417
1500	835.109	0.9789
	Command being timed: "./bin/symqg_indexing /home/cc/datasets/yi-128-ip/base.fvecs /home/cc/datasets/yi-128-ip/query.fvecs /home/cc/datasets/yi-128-ip/groundtruth.ivecs 128 256"
	User time (seconds): 190.17
	System time (seconds): 0.79
	Percent of CPU this job got: 99%
	Elapsed (wall clock) time (h:mm:ss or m:ss): 3:10.98
	Average shared text size (kbytes): 0
	Average unshared data size (kbytes): 0
	Average stack size (kbytes): 0
	Average total size (kbytes): 0
	Maximum resident set size (kbytes): 1701632
	Average resident set size (kbytes): 0
	Major (requiring I/O) page faults: 0
	Minor (reclaiming a frame) page faults: 339157
	Voluntary context switches: 1
	Involuntary context switches: 217
	Swaps: 0
	File system inputs: 0
	File system outputs: 16
	Socket messages sent: 0
	Socket messages received: 0
	Signals delivered: 0
	Page size (bytes): 4096
	Exit status: 0
