File /home/cc/datasets/ISC_EHB_DepthPhases/base.fvecs loaded
Rows 1000000 Cols 256
File /home/cc/datasets/ISC_EHB_DepthPhases/query.fvecs loaded
Rows 300 Cols 256
File /home/cc/datasets/ISC_EHB_DepthPhases/groundtruth.ivecs loaded
Rows 300 Cols 100
FhtKacRotator is selected
Setting entry_point to 97
	Vectors Copied
Supplementing edges...
Supplementing finished...
Indexing time 385.728 secs
EF	QPS	Recall
10	11628.2	0
20	10252.3	0
40	8168.33	0
50	8363.55	0
60	7397.22	0
80	6308.21	0
100	6258.04	0
150	5443.02	0
170	5470.7	0
190	5253.7	0
200	5231.27	0
250	4872.68	0
300	4334.13	0
400	3847.01	0
500	3405.88	0
600	3079.79	0
700	2839.58	0
800	2658.9	0
1500	1970.8	0
	Command being timed: "./bin/symqg_indexing /home/cc/datasets/ISC_EHB_DepthPhases/base.fvecs /home/cc/datasets/ISC_EHB_DepthPhases/query.fvecs /home/cc/datasets/ISC_EHB_DepthPhases/groundtruth.ivecs 32 64"
	User time (seconds): 387.05
	System time (seconds): 4.24
	Percent of CPU this job got: 98%
	Elapsed (wall clock) time (h:mm:ss or m:ss): 6:36.05
	Average shared text size (kbytes): 0
	Average unshared data size (kbytes): 0
	Average stack size (kbytes): 0
	Average total size (kbytes): 0
	Maximum resident set size (kbytes): 6387344
	Average resident set size (kbytes): 0
	Major (requiring I/O) page faults: 0
	Minor (reclaiming a frame) page faults: 2702629
	Voluntary context switches: 8720
	Involuntary context switches: 463
	Swaps: 0
	File system inputs: 352504
	File system outputs: 16
	Socket messages sent: 0
	Socket messages received: 0
	Signals delivered: 0
	Page size (bytes): 4096
	Exit status: 0
