File /home/cc/datasets/agnews-mxbai-1024-euclidean/base.fvecs loaded
Rows 769382 Cols 1024
File /home/cc/datasets/agnews-mxbai-1024-euclidean/query.fvecs loaded
Rows 100 Cols 1024
File /home/cc/datasets/agnews-mxbai-1024-euclidean/groundtruth.ivecs loaded
Rows 100 Cols 100
FhtKacRotator is selected
Setting entry_point to 740181
	Vectors Copied
Supplementing edges...
Supplementing finished...
Indexing time 1332.8 secs
EF	QPS	Recall
10	12409.7	0.3295
20	11242.9	0.355
40	9723.77	0.3963
50	9179.53	0.4202
60	8698.09	0.4429
80	7778.09	0.4872
100	7097.56	0.533
150	5831.41	0.6316
170	5464.71	0.6649
190	5107.19	0.6969
200	4949.49	0.7137
250	4291.21	0.7856
300	3706.15	0.8377
400	2910.2	0.9098
500	2404.07	0.9476
600	1984.68	0.9714
700	1704.14	0.9837
800	1493.31	0.9901
1500	741.345	0.9994
	Command being timed: "./bin/symqg_indexing /home/cc/datasets/agnews-mxbai-1024-euclidean/base.fvecs /home/cc/datasets/agnews-mxbai-1024-euclidean/query.fvecs /home/cc/datasets/agnews-mxbai-1024-euclidean/groundtruth.ivecs 64 128"
	User time (seconds): 1330.37
	System time (seconds): 6.33
	Percent of CPU this job got: 99%
	Elapsed (wall clock) time (h:mm:ss or m:ss): 22:16.74
	Average shared text size (kbytes): 0
	Average unshared data size (kbytes): 0
	Average stack size (kbytes): 0
	Average total size (kbytes): 0
	Maximum resident set size (kbytes): 15591652
	Average resident set size (kbytes): 0
	Major (requiring I/O) page faults: 0
	Minor (reclaiming a frame) page faults: 1745543
	Voluntary context switches: 13
	Involuntary context switches: 1208
	Swaps: 0
	File system inputs: 0
	File system outputs: 16
	Socket messages sent: 0
	Socket messages received: 0
	Signals delivered: 0
	Page size (bytes): 4096
	Exit status: 0
