File /home/cc/datasets/random/base.fvecs loaded
Rows 1000000 Cols 100
File /home/cc/datasets/random/query.fvecs loaded
Rows 200 Cols 100
File /home/cc/datasets/random/groundtruth.ivecs loaded
Rows 200 Cols 20
FhtKacRotator is selected
Setting entry_point to 617867
	Vectors Copied
Supplementing edges...
Supplementing finished...
Indexing time 689.811 secs
EF	QPS	Recall
10	51167.2	0.0105
20	47729.5	0.01775
40	26433.4	0.03475
50	21561.6	0.0425
60	18568.6	0.049
80	13930	0.0575
100	11542.9	0.0665
150	7775.13	0.08825
170	6856.76	0.09875
190	6139.18	0.10425
200	5889.43	0.10875
250	4562.09	0.13125
300	3682.35	0.152
400	2671.3	0.185
500	2112.52	0.2145
600	1688	0.241
700	1415.03	0.2695
800	1215.46	0.29625
1500	533.65	0.42775
	Command being timed: "./bin/symqg_indexing /home/cc/datasets/random/base.fvecs /home/cc/datasets/random/query.fvecs /home/cc/datasets/random/groundtruth.ivecs 96 192"
	User time (seconds): 690.82
	System time (seconds): 3.30
	Percent of CPU this job got: 99%
	Elapsed (wall clock) time (h:mm:ss or m:ss): 11:34.14
	Average shared text size (kbytes): 0
	Average unshared data size (kbytes): 0
	Average stack size (kbytes): 0
	Average total size (kbytes): 0
	Maximum resident set size (kbytes): 7417812
	Average resident set size (kbytes): 0
	Major (requiring I/O) page faults: 0
	Minor (reclaiming a frame) page faults: 1345577
	Voluntary context switches: 6
	Involuntary context switches: 779
	Swaps: 0
	File system inputs: 56
	File system outputs: 16
	Socket messages sent: 0
	Socket messages received: 0
	Signals delivered: 0
	Page size (bytes): 4096
	Exit status: 0
