File /home/cc/datasets/agnews-mxbai-1024-euclidean/base.fvecs loaded
Rows 769382 Cols 1024
File /home/cc/datasets/agnews-mxbai-1024-euclidean/query.fvecs loaded
Rows 100 Cols 1024
File /home/cc/datasets/agnews-mxbai-1024-euclidean/groundtruth.ivecs loaded
Rows 100 Cols 100
FhtKacRotator is selected
Setting entry_point to 740181
	Vectors Copied
Supplementing edges...
Supplementing finished...
Indexing time 2048.4 secs
EF	QPS	Recall
10	13369.5	0.3139
20	11555	0.3422
40	9325.97	0.392
50	8554.17	0.419
60	7891.55	0.4441
80	6777.73	0.4927
100	6056.2	0.538
150	4795.62	0.6379
170	4474.02	0.6703
190	4221.23	0.7018
200	4088.21	0.7148
250	3560.5	0.7775
300	3074.19	0.8236
400	2443.43	0.881
500	2041.51	0.9149
600	1707.41	0.9365
700	1480.84	0.9511
800	1294.03	0.963
1500	675.735	0.9961
	Command being timed: "./bin/symqg_indexing /home/cc/datasets/agnews-mxbai-1024-euclidean/base.fvecs /home/cc/datasets/agnews-mxbai-1024-euclidean/query.fvecs /home/cc/datasets/agnews-mxbai-1024-euclidean/groundtruth.ivecs 96 192"
	User time (seconds): 2043.18
	System time (seconds): 9.39
	Percent of CPU this job got: 99%
	Elapsed (wall clock) time (h:mm:ss or m:ss): 34:12.63
	Average shared text size (kbytes): 0
	Average unshared data size (kbytes): 0
	Average stack size (kbytes): 0
	Average total size (kbytes): 0
	Maximum resident set size (kbytes): 19350424
	Average resident set size (kbytes): 0
	Major (requiring I/O) page faults: 0
	Minor (reclaiming a frame) page faults: 2247101
	Voluntary context switches: 11
	Involuntary context switches: 2010
	Swaps: 0
	File system inputs: 0
	File system outputs: 16
	Socket messages sent: 0
	Socket messages received: 0
	Signals delivered: 0
	Page size (bytes): 4096
	Exit status: 0
