File /home/cc/datasets/yandex-200-cosine/base.fvecs loaded
Rows 1000000 Cols 200
File /home/cc/datasets/yandex-200-cosine/query.fvecs loaded
Rows 100 Cols 200
File /home/cc/datasets/yandex-200-cosine/groundtruth.ivecs loaded
Rows 100 Cols 100
FhtKacRotator is selected
Setting entry_point to 130673
	Vectors Copied
Supplementing edges...
Supplementing finished...
Indexing time 337.78 secs
EF	QPS	Recall
10	35083	0.176
20	29064.3	0.2304
40	22756.1	0.3094
50	20496.7	0.3461
60	18821	0.3792
80	15490.5	0.4304
100	13463	0.479
150	9480.4	0.585
170	8590.28	0.616
190	7692.94	0.6523
200	7386.71	0.6681
250	6128.56	0.7214
300	5040.89	0.7595
400	3810.79	0.8176
500	3025.96	0.8543
600	2447.8	0.8824
700	2085.1	0.8981
800	1797.58	0.9137
1500	843.843	0.9605
	Command being timed: "./bin/symqg_indexing /home/cc/datasets/yandex-200-cosine/base.fvecs /home/cc/datasets/yandex-200-cosine/query.fvecs /home/cc/datasets/yandex-200-cosine/groundtruth.ivecs 32 64"
	User time (seconds): 337.51
	System time (seconds): 2.37
	Percent of CPU this job got: 99%
	Elapsed (wall clock) time (h:mm:ss or m:ss): 5:40.02
	Average shared text size (kbytes): 0
	Average unshared data size (kbytes): 0
	Average stack size (kbytes): 0
	Average total size (kbytes): 0
	Maximum resident set size (kbytes): 5950320
	Average resident set size (kbytes): 0
	Major (requiring I/O) page faults: 0
	Minor (reclaiming a frame) page faults: 1100681
	Voluntary context switches: 563
	Involuntary context switches: 316
	Swaps: 0
	File system inputs: 39152
	File system outputs: 16
	Socket messages sent: 0
	Socket messages received: 0
	Signals delivered: 0
	Page size (bytes): 4096
	Exit status: 0
