File /home/cc/datasets/nytimes/base.fvecs loaded
Rows 290000 Cols 256
File /home/cc/datasets/nytimes/query.fvecs loaded
Rows 100 Cols 256
File /home/cc/datasets/nytimes/groundtruth.ivecs loaded
Rows 100 Cols 100
FhtKacRotator is selected
Setting entry_point to 938
	Vectors Copied
Supplementing edges...
Supplementing finished...
Indexing time 792.064 secs
EF	QPS	Recall
10	1657.49	0.52
20	1458.13	0.52
40	1156.68	0.52
50	1162.19	0.52
60	1066.49	0.52
80	942.146	0.52
100	850.797	0.52
150	779.081	0.52
170	755.43	0.52
190	745.777	0.52
200	741.212	0.52
250	691.201	0.52
300	590.407	0.52
400	566.737	0.52
500	500.978	0.52
600	437.558	0.52
700	404.995	0.52
800	383.689	0.52
1500	239.807	0.52
	Command being timed: "./bin/symqg_indexing /home/cc/datasets/nytimes/base.fvecs /home/cc/datasets/nytimes/query.fvecs /home/cc/datasets/nytimes/groundtruth.ivecs 128 256"
	User time (seconds): 799.82
	System time (seconds): 1.52
	Percent of CPU this job got: 99%
	Elapsed (wall clock) time (h:mm:ss or m:ss): 13:21.36
	Average shared text size (kbytes): 0
	Average unshared data size (kbytes): 0
	Average stack size (kbytes): 0
	Average total size (kbytes): 0
	Maximum resident set size (kbytes): 3488964
	Average resident set size (kbytes): 0
	Major (requiring I/O) page faults: 0
	Minor (reclaiming a frame) page faults: 571300
	Voluntary context switches: 1
	Involuntary context switches: 538
	Swaps: 0
	File system inputs: 0
	File system outputs: 16
	Socket messages sent: 0
	Socket messages received: 0
	Signals delivered: 0
	Page size (bytes): 4096
	Exit status: 0
