File /home/cc/datasets/landmark-dino-768-cosine/base.fvecs loaded
Rows 760757 Cols 768
File /home/cc/datasets/landmark-dino-768-cosine/query.fvecs loaded
Rows 100 Cols 768
File /home/cc/datasets/landmark-dino-768-cosine/groundtruth.ivecs loaded
Rows 100 Cols 100
FhtKacRotator is selected
Setting entry_point to 576192
	Vectors Copied
Supplementing edges...
Supplementing finished...
Indexing time 532.329 secs
EF	QPS	Recall
10	17574.4	0.2986
20	15902.3	0.3362
40	13337.5	0.4221
50	12581.2	0.4585
60	11790.7	0.4999
80	10478.2	0.5666
100	9477.99	0.6313
150	7411.41	0.7534
170	6792.32	0.7914
190	6278.15	0.8258
200	6030.6	0.839
250	5032.53	0.8916
300	4254.89	0.922
400	3285.06	0.9589
500	2682.98	0.9754
600	2230.5	0.9817
700	1923.1	0.9856
800	1684.84	0.988
1500	861.906	0.9958
	Command being timed: "./bin/symqg_indexing /home/cc/datasets/landmark-dino-768-cosine/base.fvecs /home/cc/datasets/landmark-dino-768-cosine/query.fvecs /home/cc/datasets/landmark-dino-768-cosine/groundtruth.ivecs 32 64"
	User time (seconds): 525.78
	System time (seconds): 10.13
	Percent of CPU this job got: 99%
	Elapsed (wall clock) time (h:mm:ss or m:ss): 8:58.72
	Average shared text size (kbytes): 0
	Average unshared data size (kbytes): 0
	Average stack size (kbytes): 0
	Average total size (kbytes): 0
	Maximum resident set size (kbytes): 9426856
	Average resident set size (kbytes): 0
	Major (requiring I/O) page faults: 0
	Minor (reclaiming a frame) page faults: 2480391
	Voluntary context switches: 13455
	Involuntary context switches: 787
	Swaps: 0
	File system inputs: 768528
	File system outputs: 16
	Socket messages sent: 0
	Socket messages received: 0
	Signals delivered: 0
	Page size (bytes): 4096
	Exit status: 0
