File /home/cc/datasets/cifar/base.fvecs loaded
Rows 50000 Cols 512
File /home/cc/datasets/cifar/query.fvecs loaded
Rows 200 Cols 512
File /home/cc/datasets/cifar/groundtruth.ivecs loaded
Rows 200 Cols 20
FhtKacRotator is selected
Setting entry_point to 9905
	Vectors Copied
Supplementing edges...
Supplementing finished...
Indexing time 22.8259 secs
EF	QPS	Recall
10	53730.6	0.52175
20	52137.6	0.69025
40	33470.4	0.87125
50	28773.8	0.91
60	24997	0.94025
80	19353	0.96275
100	16208.2	0.9735
150	11271.5	0.991
170	10122.7	0.9925
190	9161.11	0.9935
200	8820.81	0.9935
250	7225.11	0.99525
300	5990.5	0.9965
400	4589.04	0.99825
500	3694.25	0.99875
600	3029.2	0.999
700	2601.12	0.999
800	2262.15	0.99925
1500	1123.45	1
	Command being timed: "./bin/symqg_indexing /home/cc/datasets/cifar/base.fvecs /home/cc/datasets/cifar/query.fvecs /home/cc/datasets/cifar/groundtruth.ivecs 32 64"
	User time (seconds): 24.84
	System time (seconds): 0.17
	Percent of CPU this job got: 99%
	Elapsed (wall clock) time (h:mm:ss or m:ss): 0:25.04
	Average shared text size (kbytes): 0
	Average unshared data size (kbytes): 0
	Average stack size (kbytes): 0
	Average total size (kbytes): 0
	Maximum resident set size (kbytes): 474488
	Average resident set size (kbytes): 0
	Major (requiring I/O) page faults: 0
	Minor (reclaiming a frame) page faults: 65906
	Voluntary context switches: 186
	Involuntary context switches: 43
	Swaps: 0
	File system inputs: 3120
	File system outputs: 16
	Socket messages sent: 0
	Socket messages received: 0
	Signals delivered: 0
	Page size (bytes): 4096
	Exit status: 0
