File /home/cc/datasets/gooaq-distilroberta-768-normalized/base.fvecs loaded
Rows 1000000 Cols 768
File /home/cc/datasets/gooaq-distilroberta-768-normalized/query.fvecs loaded
Rows 100 Cols 768
File /home/cc/datasets/gooaq-distilroberta-768-normalized/groundtruth.ivecs loaded
Rows 100 Cols 100
FhtKacRotator is selected
Setting entry_point to 330056
	Vectors Copied
Supplementing edges...
Supplementing finished...
Indexing time 1479.25 secs
EF	QPS	Recall
10	15136.6	0.3414
20	13583	0.3601
40	11695.9	0.397
50	11020.8	0.4175
60	10493.8	0.4359
80	9288.86	0.481
100	8538.81	0.5213
150	6977.08	0.6127
170	6517.67	0.6468
190	6120.62	0.6792
200	5911.69	0.6946
250	5099.43	0.7759
300	4394.44	0.8389
400	3447.06	0.9247
500	2825.27	0.967
600	2130.67	0.985
700	1996.27	0.9924
800	1734.1	0.9953
1500	837.167	0.9989
	Command being timed: "./bin/symqg_indexing /home/cc/datasets/gooaq-distilroberta-768-normalized/base.fvecs /home/cc/datasets/gooaq-distilroberta-768-normalized/query.fvecs /home/cc/datasets/gooaq-distilroberta-768-normalized/groundtruth.ivecs 64 128"
	User time (seconds): 1472.90
	System time (seconds): 11.00
	Percent of CPU this job got: 99%
	Elapsed (wall clock) time (h:mm:ss or m:ss): 24:52.50
	Average shared text size (kbytes): 0
	Average unshared data size (kbytes): 0
	Average stack size (kbytes): 0
	Average total size (kbytes): 0
	Maximum resident set size (kbytes): 16259272
	Average resident set size (kbytes): 0
	Major (requiring I/O) page faults: 0
	Minor (reclaiming a frame) page faults: 3137466
	Voluntary context switches: 28169
	Involuntary context switches: 1476
	Swaps: 0
	File system inputs: 1155968
	File system outputs: 16
	Socket messages sent: 0
	Socket messages received: 0
	Signals delivered: 0
	Page size (bytes): 4096
	Exit status: 0
