File /home/cc/datasets/geofon/base.fvecs loaded
Rows 275174 Cols 128
File /home/cc/datasets/geofon/query.fvecs loaded
Rows 100 Cols 128
File /home/cc/datasets/geofon/groundtruth.ivecs loaded
Rows 100 Cols 100
FhtKacRotator is selected
Setting entry_point to 12081
	Vectors Copied
Supplementing edges...
Supplementing finished...
Indexing time 119.114 secs
EF	QPS	Recall
10	32113.7	0.3369
20	26589.6	0.3626
40	21584.3	0.4092
50	20005	0.4325
60	18661	0.4529
80	15968.7	0.4916
100	14754.7	0.5311
150	11752.6	0.6359
170	10804.4	0.6746
190	9990.15	0.712
200	9933.4	0.7285
250	8543.87	0.8092
300	7131.8	0.8697
400	5724.17	0.9467
500	4752.39	0.979
600	3829.57	0.9937
700	3334.89	0.9968
800	2839.27	0.9984
1500	1370.52	0.9996
	Command being timed: "./bin/symqg_indexing /home/cc/datasets/geofon/base.fvecs /home/cc/datasets/geofon/query.fvecs /home/cc/datasets/geofon/groundtruth.ivecs 64 128"
	User time (seconds): 119.52
	System time (seconds): 0.69
	Percent of CPU this job got: 99%
	Elapsed (wall clock) time (h:mm:ss or m:ss): 2:00.21
	Average shared text size (kbytes): 0
	Average unshared data size (kbytes): 0
	Average stack size (kbytes): 0
	Average total size (kbytes): 0
	Maximum resident set size (kbytes): 1729652
	Average resident set size (kbytes): 0
	Major (requiring I/O) page faults: 0
	Minor (reclaiming a frame) page faults: 319867
	Voluntary context switches: 1
	Involuntary context switches: 297
	Swaps: 0
	File system inputs: 0
	File system outputs: 16
	Socket messages sent: 0
	Socket messages received: 0
	Signals delivered: 0
	Page size (bytes): 4096
	Exit status: 0
