File /home/cc/datasets/Iquique/base.fvecs loaded
Rows 578853 Cols 256
File /home/cc/datasets/Iquique/query.fvecs loaded
Rows 300 Cols 256
File /home/cc/datasets/Iquique/groundtruth.ivecs loaded
Rows 300 Cols 100
FhtKacRotator is selected
Setting entry_point to 420768
	Vectors Copied
Supplementing edges...
Supplementing finished...
Indexing time 309.545 secs
EF	QPS	Recall
10	30440.6	0.180267
20	25853.7	0.231267
40	21338.4	0.307567
50	19721.3	0.3391
60	18539.9	0.3709
80	15554.4	0.425767
100	13636.8	0.474033
150	9999	0.5717
170	9026.69	0.601367
190	8234.72	0.628033
200	7831.31	0.642633
250	6489	0.690733
300	5370.91	0.723333
400	4025.27	0.765033
500	3215.18	0.791567
600	2600.24	0.810233
700	2206.02	0.823533
800	1901.65	0.8337
1500	898.223	0.875333
	Command being timed: "./bin/symqg_indexing /home/cc/datasets/Iquique/base.fvecs /home/cc/datasets/Iquique/query.fvecs /home/cc/datasets/Iquique/groundtruth.ivecs 32 128"
	User time (seconds): 312.31
	System time (seconds): 1.65
	Percent of CPU this job got: 99%
	Elapsed (wall clock) time (h:mm:ss or m:ss): 5:13.97
	Average shared text size (kbytes): 0
	Average unshared data size (kbytes): 0
	Average stack size (kbytes): 0
	Average total size (kbytes): 0
	Maximum resident set size (kbytes): 3733032
	Average resident set size (kbytes): 0
	Major (requiring I/O) page faults: 0
	Minor (reclaiming a frame) page faults: 668812
	Voluntary context switches: 1
	Involuntary context switches: 257
	Swaps: 0
	File system inputs: 0
	File system outputs: 16
	Socket messages sent: 0
	Socket messages received: 0
	Signals delivered: 0
	Page size (bytes): 4096
	Exit status: 0
