File /home/cc/datasets/yahoomusic/base.fvecs loaded
Rows 136736 Cols 300
File /home/cc/datasets/yahoomusic/query.fvecs loaded
Rows 100 Cols 300
File /home/cc/datasets/yahoomusic/groundtruth.ivecs loaded
Rows 100 Cols 100
FhtKacRotator is selected
Setting entry_point to 49796
	Vectors Copied
Supplementing edges...
Supplementing finished...
Indexing time 65.4435 secs
EF	QPS	Recall
10	32594	0.3459
20	30866.2	0.3767
40	26044.4	0.4387
50	24617.9	0.4644
60	23128.9	0.4906
80	19927.5	0.5398
100	17592	0.595
150	13579.7	0.7129
170	12536.2	0.7527
190	11652	0.7895
200	11219.3	0.8101
250	9487.38	0.8837
300	8030.82	0.932
400	6162.54	0.974
500	5006.98	0.9865
600	4108.13	0.9919
700	3521.46	0.9927
800	3063.75	0.9936
1500	1468.69	0.9989
	Command being timed: "./bin/symqg_indexing /home/cc/datasets/yahoomusic/base.fvecs /home/cc/datasets/yahoomusic/query.fvecs /home/cc/datasets/yahoomusic/groundtruth.ivecs 32 128"
	User time (seconds): 66.11
	System time (seconds): 0.43
	Percent of CPU this job got: 98%
	Elapsed (wall clock) time (h:mm:ss or m:ss): 1:07.22
	Average shared text size (kbytes): 0
	Average unshared data size (kbytes): 0
	Average stack size (kbytes): 0
	Average total size (kbytes): 0
	Maximum resident set size (kbytes): 959764
	Average resident set size (kbytes): 0
	Major (requiring I/O) page faults: 0
	Minor (reclaiming a frame) page faults: 150746
	Voluntary context switches: 1276
	Involuntary context switches: 89
	Swaps: 0
	File system inputs: 47064
	File system outputs: 16
	Socket messages sent: 0
	Socket messages received: 0
	Signals delivered: 0
	Page size (bytes): 4096
	Exit status: 0
