File /home/cc/datasets/audio/base.fvecs loaded
Rows 53387 Cols 192
File /home/cc/datasets/audio/query.fvecs loaded
Rows 200 Cols 192
File /home/cc/datasets/audio/groundtruth.ivecs loaded
Rows 200 Cols 20
FhtKacRotator is selected
Setting entry_point to 17485
	Vectors Copied
Supplementing edges...
Supplementing finished...
Indexing time 12.4827 secs
EF	QPS	Recall
10	82529.8	0.593
20	73678.6	0.7105
40	48404.4	0.90025
50	42930.3	0.93525
60	37624.8	0.95775
80	29475.9	0.9715
100	24859.6	0.98125
150	17278.1	0.989
170	15624.5	0.99025
190	14240.3	0.99325
200	13525	0.99325
250	11169.5	0.9965
300	9200.52	0.99725
400	6868.09	0.998
500	5556.61	0.9985
600	4514.52	0.999
700	3852.87	0.999
800	3328.51	0.999
1500	1678.83	0.99925
	Command being timed: "./bin/symqg_indexing /home/cc/datasets/audio/base.fvecs /home/cc/datasets/audio/query.fvecs /home/cc/datasets/audio/groundtruth.ivecs 32 64"
	User time (seconds): 13.82
	System time (seconds): 0.11
	Percent of CPU this job got: 99%
	Elapsed (wall clock) time (h:mm:ss or m:ss): 0:14.04
	Average shared text size (kbytes): 0
	Average unshared data size (kbytes): 0
	Average stack size (kbytes): 0
	Average total size (kbytes): 0
	Maximum resident set size (kbytes): 305736
	Average resident set size (kbytes): 0
	Major (requiring I/O) page faults: 0
	Minor (reclaiming a frame) page faults: 51708
	Voluntary context switches: 404
	Involuntary context switches: 31
	Swaps: 0
	File system inputs: 26856
	File system outputs: 16
	Socket messages sent: 0
	Socket messages received: 0
	Signals delivered: 0
	Page size (bytes): 4096
	Exit status: 0
