File /home/cc/datasets/landmark-dino-768-cosine/base.fvecs loaded
Rows 760757 Cols 768
File /home/cc/datasets/landmark-dino-768-cosine/query.fvecs loaded
Rows 100 Cols 768
File /home/cc/datasets/landmark-dino-768-cosine/groundtruth.ivecs loaded
Rows 100 Cols 100
FhtKacRotator is selected
Setting entry_point to 576192
	Vectors Copied
Supplementing edges...
Supplementing finished...
Indexing time 2144.96 secs
EF	QPS	Recall
10	11382.3	0.254
20	9650.47	0.3005
40	7349.01	0.3918
50	6615.77	0.4352
60	6011.84	0.4776
80	5060.64	0.5543
100	4442.47	0.6175
150	3611.11	0.7303
170	3343.86	0.7661
190	3123.46	0.795
200	3011.05	0.8101
250	2587.75	0.8619
300	2210.75	0.9004
400	1748.46	0.9434
500	1454.32	0.9651
600	1226.16	0.9778
700	1063.87	0.9843
800	942.135	0.9882
1500	500.517	0.9969
	Command being timed: "./bin/symqg_indexing /home/cc/datasets/landmark-dino-768-cosine/base.fvecs /home/cc/datasets/landmark-dino-768-cosine/query.fvecs /home/cc/datasets/landmark-dino-768-cosine/groundtruth.ivecs 128 256"
	User time (seconds): 2138.46
	System time (seconds): 11.16
	Percent of CPU this job got: 99%
	Elapsed (wall clock) time (h:mm:ss or m:ss): 35:49.70
	Average shared text size (kbytes): 0
	Average unshared data size (kbytes): 0
	Average stack size (kbytes): 0
	Average total size (kbytes): 0
	Maximum resident set size (kbytes): 18281628
	Average resident set size (kbytes): 0
	Major (requiring I/O) page faults: 0
	Minor (reclaiming a frame) page faults: 2154559
	Voluntary context switches: 20
	Involuntary context switches: 2140
	Swaps: 0
	File system inputs: 0
	File system outputs: 16
	Socket messages sent: 0
	Socket messages received: 0
	Signals delivered: 0
	Page size (bytes): 4096
	Exit status: 0
