File /home/cc/datasets/notre/base.fvecs loaded
Rows 332668 Cols 128
File /home/cc/datasets/notre/query.fvecs loaded
Rows 200 Cols 128
File /home/cc/datasets/notre/groundtruth.ivecs loaded
Rows 200 Cols 20
FhtKacRotator is selected
Setting entry_point to 65892
	Vectors Copied
Supplementing edges...
Supplementing finished...
Indexing time 125.331 secs
EF	QPS	Recall
10	86035.7	0.554
20	68942.1	0.65375
40	45447.8	0.84825
50	39230.8	0.90375
60	34231.4	0.93825
80	26380.7	0.97075
100	22479.6	0.97975
150	15757.7	0.98875
170	13806.6	0.99075
190	12700.9	0.99225
200	12317.4	0.99425
250	10073.7	0.99475
300	8289.01	0.9965
400	6303.81	0.99775
500	5036.95	0.999
600	4103.31	0.9995
700	3496.73	0.99975
800	3006.14	0.99975
1500	1393.1	1
	Command being timed: "./bin/symqg_indexing /home/cc/datasets/notre/base.fvecs /home/cc/datasets/notre/query.fvecs /home/cc/datasets/notre/groundtruth.ivecs 32 128"
	User time (seconds): 126.37
	System time (seconds): 0.76
	Percent of CPU this job got: 99%
	Elapsed (wall clock) time (h:mm:ss or m:ss): 2:07.35
	Average shared text size (kbytes): 0
	Average unshared data size (kbytes): 0
	Average stack size (kbytes): 0
	Average total size (kbytes): 0
	Maximum resident set size (kbytes): 1630044
	Average resident set size (kbytes): 0
	Major (requiring I/O) page faults: 0
	Minor (reclaiming a frame) page faults: 319213
	Voluntary context switches: 1318
	Involuntary context switches: 257
	Swaps: 0
	File system inputs: 335528
	File system outputs: 16
	Socket messages sent: 0
	Socket messages received: 0
	Signals delivered: 0
	Page size (bytes): 4096
	Exit status: 0
