File /home/cc/datasets/netflix/base.fvecs loaded
Rows 17770 Cols 300
File /home/cc/datasets/netflix/query.fvecs loaded
Rows 1000 Cols 300
File /home/cc/datasets/netflix/groundtruth.ivecs loaded
Rows 1000 Cols 100
FhtKacRotator is selected
Setting entry_point to 12892
	Vectors Copied
Supplementing edges...
Supplementing finished...
Indexing time 5.69958 secs
EF	QPS	Recall
10	38601.6	0.39692
20	35536.7	0.41165
40	28981.8	0.44643
50	26968.2	0.4658
60	25058.3	0.48569
80	21677.5	0.52401
100	19516.4	0.56341
150	15154.6	0.66677
170	13896.3	0.70732
190	12834.3	0.74754
200	12462	0.76659
250	10757.1	0.85636
300	9223.16	0.92143
400	7099.58	0.98446
500	5694.38	0.99634
600	4657.32	0.99827
700	3971.28	0.99887
800	3453.5	0.99914
1500	1633.25	0.99978
	Command being timed: "./bin/symqg_indexing /home/cc/datasets/netflix/base.fvecs /home/cc/datasets/netflix/query.fvecs /home/cc/datasets/netflix/groundtruth.ivecs 32 64"
	User time (seconds): 13.26
	System time (seconds): 0.05
	Percent of CPU this job got: 98%
	Elapsed (wall clock) time (h:mm:ss or m:ss): 0:13.47
	Average shared text size (kbytes): 0
	Average unshared data size (kbytes): 0
	Average stack size (kbytes): 0
	Average total size (kbytes): 0
	Maximum resident set size (kbytes): 129348
	Average resident set size (kbytes): 0
	Major (requiring I/O) page faults: 0
	Minor (reclaiming a frame) page faults: 19693
	Voluntary context switches: 184
	Involuntary context switches: 23
	Swaps: 0
	File system inputs: 2504
	File system outputs: 16
	Socket messages sent: 0
	Socket messages received: 0
	Signals delivered: 0
	Page size (bytes): 4096
	Exit status: 0
