File /home/cc/datasets/bigann/base.fvecs loaded
Rows 1000000 Cols 128
File /home/cc/datasets/bigann/query.fvecs loaded
Rows 100 Cols 128
File /home/cc/datasets/bigann/groundtruth.ivecs loaded
Rows 100 Cols 100
FhtKacRotator is selected
Setting entry_point to 89028
	Vectors Copied
Supplementing edges...
Supplementing finished...
Indexing time 427.737 secs
EF	QPS	Recall
10	42164.2	0.2884
20	36644.6	0.3341
40	27723.1	0.4216
50	26415.9	0.4567
60	23360.7	0.497
80	20208.5	0.5641
100	17548.1	0.6241
150	12946.6	0.7494
170	11670.4	0.7896
190	10881.1	0.8238
200	10493.7	0.8362
250	8487.32	0.8908
300	7124.69	0.9253
400	5446.87	0.9586
500	4329.55	0.9752
600	3537.79	0.9845
700	3059.38	0.9895
800	2598.57	0.9919
1500	1236.09	0.9988
	Command being timed: "./bin/symqg_indexing /home/cc/datasets/bigann/base.fvecs /home/cc/datasets/bigann/query.fvecs /home/cc/datasets/bigann/groundtruth.ivecs 32 128"
	User time (seconds): 427.30
	System time (seconds): 2.36
	Percent of CPU this job got: 99%
	Elapsed (wall clock) time (h:mm:ss or m:ss): 7:12.97
	Average shared text size (kbytes): 0
	Average unshared data size (kbytes): 0
	Average stack size (kbytes): 0
	Average total size (kbytes): 0
	Maximum resident set size (kbytes): 4912988
	Average resident set size (kbytes): 0
	Major (requiring I/O) page faults: 0
	Minor (reclaiming a frame) page faults: 1040872
	Voluntary context switches: 5033
	Involuntary context switches: 307
	Swaps: 0
	File system inputs: 147376
	File system outputs: 16
	Socket messages sent: 0
	Socket messages received: 0
	Signals delivered: 0
	Page size (bytes): 4096
	Exit status: 0
