File /home/cc/datasets/arxiv-nomic-768-normalized/base.fvecs loaded
Rows 1000000 Cols 768
File /home/cc/datasets/arxiv-nomic-768-normalized/query.fvecs loaded
Rows 100 Cols 768
File /home/cc/datasets/arxiv-nomic-768-normalized/groundtruth.ivecs loaded
Rows 100 Cols 100
FhtKacRotator is selected
Setting entry_point to 256819
	Vectors Copied
Supplementing edges...
Supplementing finished...
Indexing time 942.014 secs
EF	QPS	Recall
10	18284.2	0.341
20	16712.2	0.3686
40	14030.8	0.4365
50	13271.3	0.4679
60	12635.9	0.4994
80	11206.6	0.5601
100	10199.2	0.6179
150	8214.79	0.7419
170	7527.37	0.7862
190	6984.85	0.818
200	6754.82	0.8332
250	5684.06	0.8966
300	4797.59	0.9378
400	3668	0.9741
500	2977.08	0.9872
600	2464.7	0.9924
700	2111.07	0.9941
800	1837.96	0.995
1500	912.779	0.9987
	Command being timed: "./bin/symqg_indexing /home/cc/datasets/arxiv-nomic-768-normalized/base.fvecs /home/cc/datasets/arxiv-nomic-768-normalized/query.fvecs /home/cc/datasets/arxiv-nomic-768-normalized/groundtruth.ivecs 32 128"
	User time (seconds): 940.42
	System time (seconds): 5.27
	Percent of CPU this job got: 99%
	Elapsed (wall clock) time (h:mm:ss or m:ss): 15:45.72
	Average shared text size (kbytes): 0
	Average unshared data size (kbytes): 0
	Average stack size (kbytes): 0
	Average total size (kbytes): 0
	Maximum resident set size (kbytes): 12408372
	Average resident set size (kbytes): 0
	Major (requiring I/O) page faults: 0
	Minor (reclaiming a frame) page faults: 1725425
	Voluntary context switches: 1
	Involuntary context switches: 819
	Swaps: 0
	File system inputs: 0
	File system outputs: 16
	Socket messages sent: 0
	Socket messages received: 0
	Signals delivered: 0
	Page size (bytes): 4096
	Exit status: 0
