File /home/cc/datasets/lendb/base.fvecs loaded
Rows 1000000 Cols 256
File /home/cc/datasets/lendb/query.fvecs loaded
Rows 100 Cols 256
File /home/cc/datasets/lendb/groundtruth.ivecs loaded
Rows 100 Cols 100
FhtKacRotator is selected
Setting entry_point to 721860
	Vectors Copied
Supplementing edges...
Supplementing finished...
Indexing time 1020.67 secs
EF	QPS	Recall
10	29190.6	0.2315
20	24089.2	0.2754
40	18056.7	0.3591
50	16247.7	0.403
60	14884.5	0.4383
80	12427.1	0.5104
100	10994.5	0.5714
150	8430.64	0.7157
170	7846.24	0.7609
190	7282.23	0.8076
200	7084.79	0.826
250	6126	0.8979
300	5183.35	0.945
400	4000.5	0.9788
500	3251.78	0.9878
600	2661.68	0.9904
700	2274.76	0.9923
800	1977.98	0.9934
1500	930.385	0.995
	Command being timed: "./bin/symqg_indexing /home/cc/datasets/lendb/base.fvecs /home/cc/datasets/lendb/query.fvecs /home/cc/datasets/lendb/groundtruth.ivecs 96 192"
	User time (seconds): 1018.04
	System time (seconds): 4.78
	Percent of CPU this job got: 99%
	Elapsed (wall clock) time (h:mm:ss or m:ss): 17:02.87
	Average shared text size (kbytes): 0
	Average unshared data size (kbytes): 0
	Average stack size (kbytes): 0
	Average total size (kbytes): 0
	Maximum resident set size (kbytes): 10139984
	Average resident set size (kbytes): 0
	Major (requiring I/O) page faults: 0
	Minor (reclaiming a frame) page faults: 1582775
	Voluntary context switches: 2
	Involuntary context switches: 1433
	Swaps: 0
	File system inputs: 0
	File system outputs: 16
	Socket messages sent: 0
	Socket messages received: 0
	Signals delivered: 0
	Page size (bytes): 4096
	Exit status: 0
