File /home/cc/datasets/Music/base.fvecs loaded
Rows 1000000 Cols 100
File /home/cc/datasets/Music/query.fvecs loaded
Rows 100 Cols 100
File /home/cc/datasets/Music/groundtruth.ivecs loaded
Rows 100 Cols 100
FhtKacRotator is selected
Setting entry_point to 384911
	Vectors Copied
Supplementing edges...
Supplementing finished...
Indexing time 775.568 secs
EF	QPS	Recall
10	34544	0.0529
20	24443.8	0.105
40	16810.3	0.1706
50	14559.5	0.197
60	13063.1	0.2287
80	10401.6	0.2749
100	9329.28	0.3104
150	6562.3	0.3923
170	5850.4	0.4209
190	5340.7	0.4423
200	5022.01	0.4535
250	4146.74	0.5105
300	3439.2	0.5496
400	2635.86	0.6197
500	2111.61	0.6689
600	1698.98	0.7043
700	1449.06	0.7336
800	1250.69	0.7549
1500	566.894	0.853
	Command being timed: "./bin/symqg_indexing /home/cc/datasets/Music/base.fvecs /home/cc/datasets/Music/query.fvecs /home/cc/datasets/Music/groundtruth.ivecs 96 192"
	User time (seconds): 774.53
	System time (seconds): 3.55
	Percent of CPU this job got: 99%
	Elapsed (wall clock) time (h:mm:ss or m:ss): 12:58.09
	Average shared text size (kbytes): 0
	Average unshared data size (kbytes): 0
	Average stack size (kbytes): 0
	Average total size (kbytes): 0
	Maximum resident set size (kbytes): 7421544
	Average resident set size (kbytes): 0
	Major (requiring I/O) page faults: 0
	Minor (reclaiming a frame) page faults: 1525370
	Voluntary context switches: 9
	Involuntary context switches: 461
	Swaps: 0
	File system inputs: 8
	File system outputs: 16
	Socket messages sent: 0
	Socket messages received: 0
	Signals delivered: 0
	Page size (bytes): 4096
	Exit status: 0
