File /home/cc/datasets/crawl/base.fvecs loaded
Rows 1989995 Cols 300
File /home/cc/datasets/crawl/query.fvecs loaded
Rows 10000 Cols 300
File /home/cc/datasets/crawl/groundtruth.ivecs loaded
Rows 10000 Cols 100
FhtKacRotator is selected
Setting entry_point to 1643220
	Vectors Copied
Supplementing edges...
Supplementing finished...
Indexing time 1193.82 secs
EF	QPS	Recall
10	32622.2	0.231328
20	26555.2	0.311413
40	20741	0.403058
50	19040.3	0.437564
60	17512.7	0.470915
80	14890.6	0.530297
100	13260.8	0.584536
150	9940.62	0.694739
170	9109.55	0.729926
190	8380.18	0.760114
200	7988.72	0.774219
250	6657.74	0.829717
300	5575.39	0.866841
400	4243.98	0.909755
500	3431.91	0.931313
600	2778.57	0.943131
700	2384.64	0.950581
800	2077.46	0.955671
1500	988.895	0.971607
	Command being timed: "./bin/symqg_indexing /home/cc/datasets/crawl/base.fvecs /home/cc/datasets/crawl/query.fvecs /home/cc/datasets/crawl/groundtruth.ivecs 32 128"
	User time (seconds): 1310.57
	System time (seconds): 6.99
	Percent of CPU this job got: 99%
	Elapsed (wall clock) time (h:mm:ss or m:ss): 22:03.62
	Average shared text size (kbytes): 0
	Average unshared data size (kbytes): 0
	Average stack size (kbytes): 0
	Average total size (kbytes): 0
	Maximum resident set size (kbytes): 13905680
	Average resident set size (kbytes): 0
	Major (requiring I/O) page faults: 0
	Minor (reclaiming a frame) page faults: 2463651
	Voluntary context switches: 24180
	Involuntary context switches: 868
	Swaps: 0
	File system inputs: 1432024
	File system outputs: 16
	Socket messages sent: 0
	Socket messages received: 0
	Signals delivered: 0
	Page size (bytes): 4096
	Exit status: 0
