File /home/cc/datasets/yahoomusic/base.fvecs loaded
Rows 136736 Cols 300
File /home/cc/datasets/yahoomusic/query.fvecs loaded
Rows 100 Cols 300
File /home/cc/datasets/yahoomusic/groundtruth.ivecs loaded
Rows 100 Cols 100
FhtKacRotator is selected
Setting entry_point to 49796
	Vectors Copied
Supplementing edges...
Supplementing finished...
Indexing time 46.0881 secs
EF	QPS	Recall
10	32426.8	0.3351
20	30599.7	0.373
40	26392.9	0.4276
50	24694.3	0.4621
60	22964.9	0.4914
80	19700.9	0.5392
100	17672.2	0.5898
150	13600.1	0.7045
170	12368.2	0.7449
190	11624.3	0.7871
200	11224.8	0.8036
250	9496.14	0.8771
300	8014.42	0.9207
400	6161.51	0.9689
500	5001.15	0.9852
600	4114.05	0.9899
700	3515.7	0.9924
800	3052.52	0.9927
1500	1456.29	0.999
	Command being timed: "./bin/symqg_indexing /home/cc/datasets/yahoomusic/base.fvecs /home/cc/datasets/yahoomusic/query.fvecs /home/cc/datasets/yahoomusic/groundtruth.ivecs 32 64"
	User time (seconds): 46.74
	System time (seconds): 0.45
	Percent of CPU this job got: 98%
	Elapsed (wall clock) time (h:mm:ss or m:ss): 0:47.86
	Average shared text size (kbytes): 0
	Average unshared data size (kbytes): 0
	Average stack size (kbytes): 0
	Average total size (kbytes): 0
	Maximum resident set size (kbytes): 957480
	Average resident set size (kbytes): 0
	Major (requiring I/O) page faults: 0
	Minor (reclaiming a frame) page faults: 147179
	Voluntary context switches: 1248
	Involuntary context switches: 80
	Swaps: 0
	File system inputs: 22960
	File system outputs: 16
	Socket messages sent: 0
	Socket messages received: 0
	Signals delivered: 0
	Page size (bytes): 4096
	Exit status: 0
