File /home/cc/datasets/movielens/base.fvecs loaded
Rows 10677 Cols 150
File /home/cc/datasets/movielens/query.fvecs loaded
Rows 1000 Cols 150
File /home/cc/datasets/movielens/groundtruth.ivecs loaded
Rows 1000 Cols 100
FhtKacRotator is selected
Setting entry_point to 6772
	Vectors Copied
Supplementing edges...
Supplementing finished...
Indexing time 3.4432 secs
EF	QPS	Recall
10	51366.9	0.37442
20	43981.4	0.39425
40	34165	0.4476
50	31189.3	0.47389
60	28643	0.50073
80	24178.9	0.55549
100	21453.5	0.60621
150	16156.9	0.73031
170	14868.7	0.77347
190	13751.9	0.81402
200	13262.1	0.83259
250	11274.4	0.90775
300	9393.92	0.95323
400	7171.29	0.98938
500	5766.75	0.99639
600	4710.54	0.99815
700	4008.74	0.99881
800	3476.55	0.99914
1500	1659.05	0.99971
	Command being timed: "./bin/symqg_indexing /home/cc/datasets/movielens/base.fvecs /home/cc/datasets/movielens/query.fvecs /home/cc/datasets/movielens/groundtruth.ivecs 32 128"
	User time (seconds): 10.76
	System time (seconds): 0.02
	Percent of CPU this job got: 99%
	Elapsed (wall clock) time (h:mm:ss or m:ss): 0:10.79
	Average shared text size (kbytes): 0
	Average unshared data size (kbytes): 0
	Average stack size (kbytes): 0
	Average total size (kbytes): 0
	Maximum resident set size (kbytes): 61788
	Average resident set size (kbytes): 0
	Major (requiring I/O) page faults: 0
	Minor (reclaiming a frame) page faults: 10379
	Voluntary context switches: 1
	Involuntary context switches: 16
	Swaps: 0
	File system inputs: 0
	File system outputs: 16
	Socket messages sent: 0
	Socket messages received: 0
	Signals delivered: 0
	Page size (bytes): 4096
	Exit status: 0
