File /home/cc/datasets/deep/base.fvecs loaded
Rows 1000000 Cols 256
File /home/cc/datasets/deep/query.fvecs loaded
Rows 200 Cols 256
File /home/cc/datasets/deep/groundtruth.ivecs loaded
Rows 200 Cols 20
FhtKacRotator is selected
Setting entry_point to 742847
	Vectors Copied
Supplementing edges...
Supplementing finished...
Indexing time 564.436 secs
EF	QPS	Recall
10	64141.3	0.39725
20	50865.2	0.56375
40	31413.2	0.7345
50	26253.2	0.78575
60	23335.5	0.822
80	17995	0.8695
100	14937.7	0.89975
150	10437.9	0.9405
170	9480.37	0.95125
190	8555.93	0.958
200	8164.1	0.9625
250	6771.83	0.974
300	5592.16	0.98
400	3988.45	0.98575
500	3371.56	0.991
600	2737.36	0.9925
700	2330.57	0.99325
800	2014.12	0.9945
1500	973.61	0.9985
	Command being timed: "./bin/symqg_indexing /home/cc/datasets/deep/base.fvecs /home/cc/datasets/deep/query.fvecs /home/cc/datasets/deep/groundtruth.ivecs 32 128"
	User time (seconds): 564.97
	System time (seconds): 2.80
	Percent of CPU this job got: 99%
	Elapsed (wall clock) time (h:mm:ss or m:ss): 9:27.78
	Average shared text size (kbytes): 0
	Average unshared data size (kbytes): 0
	Average stack size (kbytes): 0
	Average total size (kbytes): 0
	Maximum resident set size (kbytes): 6422880
	Average resident set size (kbytes): 0
	Major (requiring I/O) page faults: 0
	Minor (reclaiming a frame) page faults: 1165720
	Voluntary context switches: 1
	Involuntary context switches: 363
	Swaps: 0
	File system inputs: 0
	File system outputs: 16
	Socket messages sent: 0
	Socket messages received: 0
	Signals delivered: 0
	Page size (bytes): 4096
	Exit status: 0
