File /home/cc/datasets/netflix/base.fvecs loaded
Rows 17770 Cols 300
File /home/cc/datasets/netflix/query.fvecs loaded
Rows 1000 Cols 300
File /home/cc/datasets/netflix/groundtruth.ivecs loaded
Rows 1000 Cols 100
FhtKacRotator is selected
Setting entry_point to 12892
	Vectors Copied
Supplementing edges...
Supplementing finished...
Indexing time 25.5084 secs
EF	QPS	Recall
10	34642.9	0.51792
20	30236.6	0.5065
40	23401.8	0.51017
50	21185.8	0.51744
60	19341.5	0.52428
80	16066.5	0.54136
100	14206.2	0.55965
150	10872.8	0.60735
170	10124	0.62522
190	9446.23	0.64307
200	9092.7	0.65181
250	7882.95	0.69491
300	6737.54	0.73494
400	5364.54	0.80768
500	4478.77	0.86761
600	3734.98	0.91287
700	3254.69	0.94527
800	2856.36	0.96713
1500	1458.12	0.99958
	Command being timed: "./bin/symqg_indexing /home/cc/datasets/netflix/base.fvecs /home/cc/datasets/netflix/query.fvecs /home/cc/datasets/netflix/groundtruth.ivecs 96 192"
	User time (seconds): 34.74
	System time (seconds): 0.15
	Percent of CPU this job got: 99%
	Elapsed (wall clock) time (h:mm:ss or m:ss): 0:35.06
	Average shared text size (kbytes): 0
	Average unshared data size (kbytes): 0
	Average stack size (kbytes): 0
	Average total size (kbytes): 0
	Maximum resident set size (kbytes): 204148
	Average resident set size (kbytes): 0
	Major (requiring I/O) page faults: 0
	Minor (reclaiming a frame) page faults: 33187
	Voluntary context switches: 195
	Involuntary context switches: 390
	Swaps: 0
	File system inputs: 9200
	File system outputs: 16
	Socket messages sent: 0
	Socket messages received: 0
	Signals delivered: 0
	Page size (bytes): 4096
	Exit status: 0
