File /home/cc/datasets/enron/base.fvecs loaded
Rows 94987 Cols 1369
File /home/cc/datasets/enron/query.fvecs loaded
Rows 200 Cols 1369
File /home/cc/datasets/enron/groundtruth.ivecs loaded
Rows 200 Cols 20
FhtKacRotator is selected
Setting entry_point to 89082
	Vectors Copied
Supplementing edges...
Supplementing finished...
Indexing time 110.231 secs
EF	QPS	Recall
10	24480.4	0.54175
20	23931.5	0.68275
40	17861.9	0.841
50	15912.5	0.87625
60	14268.4	0.90425
80	11580.1	0.93975
100	9886.12	0.9595
150	7187.38	0.977
170	6527.74	0.98075
190	5964.55	0.9835
200	5691.74	0.984
250	4794.48	0.98725
300	4068.12	0.99
400	3163.44	0.991
500	2590.77	0.99225
600	2165.15	0.9935
700	1876.09	0.99375
800	1651.84	0.99375
1500	867.804	0.99575
	Command being timed: "./bin/symqg_indexing /home/cc/datasets/enron/base.fvecs /home/cc/datasets/enron/query.fvecs /home/cc/datasets/enron/groundtruth.ivecs 32 64"
	User time (seconds): 112.94
	System time (seconds): 0.65
	Percent of CPU this job got: 99%
	Elapsed (wall clock) time (h:mm:ss or m:ss): 1:53.60
	Average shared text size (kbytes): 0
	Average unshared data size (kbytes): 0
	Average stack size (kbytes): 0
	Average total size (kbytes): 0
	Maximum resident set size (kbytes): 1865884
	Average resident set size (kbytes): 0
	Major (requiring I/O) page faults: 0
	Minor (reclaiming a frame) page faults: 209841
	Voluntary context switches: 1
	Involuntary context switches: 217
	Swaps: 0
	File system inputs: 0
	File system outputs: 16
	Socket messages sent: 0
	Socket messages received: 0
	Signals delivered: 0
	Page size (bytes): 4096
	Exit status: 0
