File /home/cc/datasets/notre/base.fvecs loaded
Rows 332668 Cols 128
File /home/cc/datasets/notre/query.fvecs loaded
Rows 200 Cols 128
File /home/cc/datasets/notre/groundtruth.ivecs loaded
Rows 200 Cols 20
FhtKacRotator is selected
Setting entry_point to 65892
	Vectors Copied
Supplementing edges...
Supplementing finished...
Indexing time 79.9935 secs
EF	QPS	Recall
10	89830.8	0.5335
20	68983.4	0.66075
40	46706.9	0.824
50	40623.7	0.87825
60	35067.6	0.91425
80	27402.1	0.95
100	22945.8	0.96575
150	16094.7	0.981
170	14220.2	0.985
190	13150.9	0.9865
200	12629.6	0.98725
250	10264	0.99075
300	8413.61	0.99275
400	6324.6	0.99425
500	5019.18	0.99775
600	4111.47	0.9985
700	3483.51	0.999
800	3020.37	0.9995
1500	1403.38	1
	Command being timed: "./bin/symqg_indexing /home/cc/datasets/notre/base.fvecs /home/cc/datasets/notre/query.fvecs /home/cc/datasets/notre/groundtruth.ivecs 32 64"
	User time (seconds): 81.10
	System time (seconds): 0.67
	Percent of CPU this job got: 99%
	Elapsed (wall clock) time (h:mm:ss or m:ss): 1:21.78
	Average shared text size (kbytes): 0
	Average unshared data size (kbytes): 0
	Average stack size (kbytes): 0
	Average total size (kbytes): 0
	Maximum resident set size (kbytes): 1629508
	Average resident set size (kbytes): 0
	Major (requiring I/O) page faults: 0
	Minor (reclaiming a frame) page faults: 317903
	Voluntary context switches: 1
	Involuntary context switches: 114
	Swaps: 0
	File system inputs: 0
	File system outputs: 16
	Socket messages sent: 0
	Socket messages received: 0
	Signals delivered: 0
	Page size (bytes): 4096
	Exit status: 0
