File /home/cc/datasets/deep/base.fvecs loaded
Rows 1000000 Cols 256
File /home/cc/datasets/deep/query.fvecs loaded
Rows 200 Cols 256
File /home/cc/datasets/deep/groundtruth.ivecs loaded
Rows 200 Cols 20
FhtKacRotator is selected
Setting entry_point to 742847
	Vectors Copied
Supplementing edges...
Supplementing finished...
Indexing time 1149.5 secs
EF	QPS	Recall
10	35471.1	0.43875
20	35152.8	0.59875
40	21198.7	0.7905
50	17916.7	0.834
60	15657.2	0.869
80	12128.6	0.9115
100	10091.3	0.93675
150	7005.27	0.96775
170	6318.42	0.97275
190	5755.59	0.98
200	5496.17	0.983
250	4511.46	0.98875
300	3741.42	0.99175
400	2837.24	0.99475
500	2282.51	0.99725
600	1865.99	0.9975
700	1610.99	0.998
800	1402.6	0.9985
1500	668.101	0.99975
	Command being timed: "./bin/symqg_indexing /home/cc/datasets/deep/base.fvecs /home/cc/datasets/deep/query.fvecs /home/cc/datasets/deep/groundtruth.ivecs 96 192"
	User time (seconds): 1149.67
	System time (seconds): 4.21
	Percent of CPU this job got: 99%
	Elapsed (wall clock) time (h:mm:ss or m:ss): 19:13.93
	Average shared text size (kbytes): 0
	Average unshared data size (kbytes): 0
	Average stack size (kbytes): 0
	Average total size (kbytes): 0
	Maximum resident set size (kbytes): 10139932
	Average resident set size (kbytes): 0
	Major (requiring I/O) page faults: 0
	Minor (reclaiming a frame) page faults: 1618831
	Voluntary context switches: 1
	Involuntary context switches: 1145
	Swaps: 0
	File system inputs: 0
	File system outputs: 16
	Socket messages sent: 0
	Socket messages received: 0
	Signals delivered: 0
	Page size (bytes): 4096
	Exit status: 0
