File /home/cc/datasets/notre/base.fvecs loaded
Rows 332668 Cols 128
File /home/cc/datasets/notre/query.fvecs loaded
Rows 200 Cols 128
File /home/cc/datasets/notre/groundtruth.ivecs loaded
Rows 200 Cols 20
FhtKacRotator is selected
Setting entry_point to 65892
	Vectors Copied
Supplementing edges...
Supplementing finished...
Indexing time 345.542 secs
EF	QPS	Recall
10	45532.6	0.6495
20	40117.9	0.73025
40	28554.3	0.8395
50	24986.8	0.877
60	21744.4	0.9085
80	16749.1	0.94525
100	13960.6	0.968
150	9685.83	0.9865
170	8742.48	0.989
190	8004.31	0.9905
200	7629.25	0.991
250	6304.92	0.995
300	5227.76	0.99525
400	4000.76	0.9965
500	3239.57	0.99825
600	2657.94	0.99875
700	2245.6	0.999
800	1956.37	0.99925
1500	924.618	1
	Command being timed: "./bin/symqg_indexing /home/cc/datasets/notre/base.fvecs /home/cc/datasets/notre/query.fvecs /home/cc/datasets/notre/groundtruth.ivecs 128 256"
	User time (seconds): 346.72
	System time (seconds): 1.50
	Percent of CPU this job got: 99%
	Elapsed (wall clock) time (h:mm:ss or m:ss): 5:48.24
	Average shared text size (kbytes): 0
	Average unshared data size (kbytes): 0
	Average stack size (kbytes): 0
	Average total size (kbytes): 0
	Maximum resident set size (kbytes): 3012728
	Average resident set size (kbytes): 0
	Major (requiring I/O) page faults: 0
	Minor (reclaiming a frame) page faults: 603162
	Voluntary context switches: 1
	Involuntary context switches: 540
	Swaps: 0
	File system inputs: 0
	File system outputs: 16
	Socket messages sent: 0
	Socket messages received: 0
	Signals delivered: 0
	Page size (bytes): 4096
	Exit status: 0
