File /home/cc/datasets/instancegm/base.fvecs loaded
Rows 1000000 Cols 128
File /home/cc/datasets/instancegm/query.fvecs loaded
Rows 100 Cols 128
File /home/cc/datasets/instancegm/groundtruth.ivecs loaded
Rows 100 Cols 100
FhtKacRotator is selected
Setting entry_point to 897649
	Vectors Copied
Supplementing edges...
Supplementing finished...
Indexing time 491.681 secs
EF	QPS	Recall
10	31153.3	0.3279
20	26863.7	0.3386
40	22865	0.347
50	21139.8	0.3613
60	18820.7	0.4005
80	15131.5	0.4452
100	13500.6	0.4669
150	10125.3	0.5188
170	9237.72	0.5355
190	8670.86	0.553
200	8423.19	0.5582
250	7231.02	0.5942
300	6037.52	0.6342
400	4822.83	0.6997
500	4019.23	0.7532
600	3339.34	0.8017
700	2909.88	0.839
800	2498.07	0.8668
1500	1262.35	0.9487
	Command being timed: "./bin/symqg_indexing /home/cc/datasets/instancegm/base.fvecs /home/cc/datasets/instancegm/query.fvecs /home/cc/datasets/instancegm/groundtruth.ivecs 64 128"
	User time (seconds): 490.84
	System time (seconds): 2.91
	Percent of CPU this job got: 99%
	Elapsed (wall clock) time (h:mm:ss or m:ss): 8:17.06
	Average shared text size (kbytes): 0
	Average unshared data size (kbytes): 0
	Average stack size (kbytes): 0
	Average total size (kbytes): 0
	Maximum resident set size (kbytes): 6261748
	Average resident set size (kbytes): 0
	Major (requiring I/O) page faults: 0
	Minor (reclaiming a frame) page faults: 1243350
	Voluntary context switches: 4221
	Involuntary context switches: 346
	Swaps: 0
	File system inputs: 209584
	File system outputs: 16
	Socket messages sent: 0
	Socket messages received: 0
	Signals delivered: 0
	Page size (bytes): 4096
	Exit status: 0
