File /home/cc/datasets/word2vec/base.fvecs loaded
Rows 1000000 Cols 300
File /home/cc/datasets/word2vec/query.fvecs loaded
Rows 1000 Cols 300
File /home/cc/datasets/word2vec/groundtruth.ivecs loaded
Rows 1000 Cols 100
FhtKacRotator is selected
Setting entry_point to 249878
	Vectors Copied
Supplementing edges...
Supplementing finished...
Indexing time 1983.43 secs
EF	QPS	Recall
10	19984.3	0.16873
20	15669.8	0.23658
40	11347.8	0.33856
50	10042.7	0.37978
60	9049.54	0.41569
80	7514.92	0.47857
100	6678.02	0.52698
150	5146.36	0.61517
170	4662.52	0.64328
190	4266.15	0.669
200	4073.85	0.68141
250	3395.5	0.72848
300	2835.7	0.76348
400	2184.19	0.81015
500	1782	0.84102
600	1473.92	0.86387
700	1269.75	0.88025
800	1112.32	0.89293
1500	546.129	0.9385
	Command being timed: "./bin/symqg_indexing /home/cc/datasets/word2vec/base.fvecs /home/cc/datasets/word2vec/query.fvecs /home/cc/datasets/word2vec/groundtruth.ivecs 128 256"
	User time (seconds): 2001.65
	System time (seconds): 5.39
	Percent of CPU this job got: 99%
	Elapsed (wall clock) time (h:mm:ss or m:ss): 33:27.06
	Average shared text size (kbytes): 0
	Average unshared data size (kbytes): 0
	Average stack size (kbytes): 0
	Average total size (kbytes): 0
	Maximum resident set size (kbytes): 13363864
	Average resident set size (kbytes): 0
	Major (requiring I/O) page faults: 0
	Minor (reclaiming a frame) page faults: 2104316
	Voluntary context switches: 1
	Involuntary context switches: 993
	Swaps: 0
	File system inputs: 0
	File system outputs: 16
	Socket messages sent: 0
	Socket messages received: 0
	Signals delivered: 0
	Page size (bytes): 4096
	Exit status: 0
