File /home/cc/datasets/imageNet/base.fvecs loaded
Rows 2340373 Cols 150
File /home/cc/datasets/imageNet/query.fvecs loaded
Rows 200 Cols 150
File /home/cc/datasets/imageNet/groundtruth.ivecs loaded
Rows 200 Cols 20
FhtKacRotator is selected
Setting entry_point to 942654
	Vectors Copied
Supplementing edges...
Supplementing finished...
Indexing time 2331.41 secs
EF	QPS	Recall
10	39168.5	0.43225
20	36477.8	0.571
40	22216.5	0.747
50	18811.5	0.79525
60	16351	0.83225
80	12661.8	0.88025
100	10645.3	0.91
150	7525.11	0.94775
170	6758.14	0.95825
190	6107.56	0.96375
200	5867.71	0.96575
250	4861.95	0.9765
300	4014.54	0.9815
400	3052.66	0.989
500	2476.32	0.9935
600	2008.5	0.99425
700	1726.27	0.99525
800	1504.62	0.99625
1500	733.129	0.998
	Command being timed: "./bin/symqg_indexing /home/cc/datasets/imageNet/base.fvecs /home/cc/datasets/imageNet/query.fvecs /home/cc/datasets/imageNet/groundtruth.ivecs 96 192"
	User time (seconds): 2327.14
	System time (seconds): 8.99
	Percent of CPU this job got: 99%
	Elapsed (wall clock) time (h:mm:ss or m:ss): 38:56.17
	Average shared text size (kbytes): 0
	Average unshared data size (kbytes): 0
	Average stack size (kbytes): 0
	Average total size (kbytes): 0
	Maximum resident set size (kbytes): 20017224
	Average resident set size (kbytes): 0
	Major (requiring I/O) page faults: 0
	Minor (reclaiming a frame) page faults: 3725224
	Voluntary context switches: 11
	Involuntary context switches: 1938
	Swaps: 0
	File system inputs: 8
	File system outputs: 16
	Socket messages sent: 0
	Socket messages received: 0
	Signals delivered: 0
	Page size (bytes): 4096
	Exit status: 0
