File /home/cc/datasets/glove/base.fvecs loaded
Rows 1192514 Cols 100
File /home/cc/datasets/glove/query.fvecs loaded
Rows 200 Cols 100
File /home/cc/datasets/glove/groundtruth.ivecs loaded
Rows 200 Cols 20
FhtKacRotator is selected
Setting entry_point to 1124124
	Vectors Copied
Supplementing edges...
Supplementing finished...
Indexing time 1459.3 secs
EF	QPS	Recall
10	42625.5	0.304
20	38881.2	0.4415
40	22880	0.6065
50	18891.9	0.65925
60	16196.9	0.6935
80	12179	0.74075
100	10298.5	0.774
150	6997.93	0.828
170	6254.68	0.84175
190	5675.81	0.85175
200	5433.27	0.8565
250	4411.36	0.87775
300	3632.01	0.89225
400	2762.79	0.9145
500	2199.08	0.927
600	1782.35	0.93625
700	1523.36	0.9435
800	1325.85	0.9485
1500	611.328	0.97
	Command being timed: "./bin/symqg_indexing /home/cc/datasets/glove/base.fvecs /home/cc/datasets/glove/query.fvecs /home/cc/datasets/glove/groundtruth.ivecs 128 256"
	User time (seconds): 1457.06
	System time (seconds): 6.50
	Percent of CPU this job got: 99%
	Elapsed (wall clock) time (h:mm:ss or m:ss): 24:23.58
	Average shared text size (kbytes): 0
	Average unshared data size (kbytes): 0
	Average stack size (kbytes): 0
	Average total size (kbytes): 0
	Maximum resident set size (kbytes): 10486936
	Average resident set size (kbytes): 0
	Major (requiring I/O) page faults: 0
	Minor (reclaiming a frame) page faults: 2207975
	Voluntary context switches: 7
	Involuntary context switches: 697
	Swaps: 0
	File system inputs: 0
	File system outputs: 16
	Socket messages sent: 0
	Socket messages received: 0
	Signals delivered: 0
	Page size (bytes): 4096
	Exit status: 0
