File /home/cc/datasets/lendb/base.fvecs loaded
Rows 1000000 Cols 256
File /home/cc/datasets/lendb/query.fvecs loaded
Rows 100 Cols 256
File /home/cc/datasets/lendb/groundtruth.ivecs loaded
Rows 100 Cols 100
FhtKacRotator is selected
Setting entry_point to 721860
	Vectors Copied
Supplementing edges...
Supplementing finished...
Indexing time 1491.62 secs
EF	QPS	Recall
10	24784	0.2605
20	20651	0.2994
40	15694.4	0.3722
50	14138.6	0.4025
60	13125.9	0.4326
80	10881.8	0.496
100	9600.93	0.554
150	7414.27	0.673
170	6931.44	0.7122
190	6516.04	0.7507
200	6329.52	0.768
250	5407.18	0.8403
300	4665.76	0.8842
400	3697.51	0.9421
500	3049.07	0.9697
600	2504.16	0.9832
700	2163.18	0.9891
800	1852.68	0.9917
1500	904.615	0.9947
	Command being timed: "./bin/symqg_indexing /home/cc/datasets/lendb/base.fvecs /home/cc/datasets/lendb/query.fvecs /home/cc/datasets/lendb/groundtruth.ivecs 128 256"
	User time (seconds): 1489.05
	System time (seconds): 4.81
	Percent of CPU this job got: 99%
	Elapsed (wall clock) time (h:mm:ss or m:ss): 24:53.91
	Average shared text size (kbytes): 0
	Average unshared data size (kbytes): 0
	Average stack size (kbytes): 0
	Average total size (kbytes): 0
	Maximum resident set size (kbytes): 12032556
	Average resident set size (kbytes): 0
	Major (requiring I/O) page faults: 0
	Minor (reclaiming a frame) page faults: 2020199
	Voluntary context switches: 1
	Involuntary context switches: 1463
	Swaps: 0
	File system inputs: 0
	File system outputs: 16
	Socket messages sent: 0
	Socket messages received: 0
	Signals delivered: 0
	Page size (bytes): 4096
	Exit status: 0
