File /home/cc/datasets/MNIST/base.fvecs loaded
Rows 69000 Cols 784
File /home/cc/datasets/MNIST/query.fvecs loaded
Rows 200 Cols 784
File /home/cc/datasets/MNIST/groundtruth.ivecs loaded
Rows 200 Cols 20
FhtKacRotator is selected
Setting entry_point to 33205
	Vectors Copied
Supplementing edges...
Supplementing finished...
Indexing time 40.122 secs
EF	QPS	Recall
10	39310.2	0.582
20	36234.7	0.72775
40	29604.4	0.92475
50	26170.8	0.95875
60	23045.6	0.977
80	18575.4	0.9915
100	16022.9	0.994
150	11684.7	0.9965
170	10563.5	0.9975
190	9653.63	0.9975
200	9240.83	0.99775
250	7728.29	0.998
300	6491.19	0.998
400	5017.5	0.99825
500	4060.11	0.999
600	3369.06	0.999
700	2891.36	0.999
800	2533.57	0.999
1500	1265.67	0.9995
	Command being timed: "./bin/symqg_indexing /home/cc/datasets/MNIST/base.fvecs /home/cc/datasets/MNIST/query.fvecs /home/cc/datasets/MNIST/groundtruth.ivecs 32 64"
	User time (seconds): 41.85
	System time (seconds): 0.43
	Percent of CPU this job got: 99%
	Elapsed (wall clock) time (h:mm:ss or m:ss): 0:42.65
	Average shared text size (kbytes): 0
	Average unshared data size (kbytes): 0
	Average stack size (kbytes): 0
	Average total size (kbytes): 0
	Maximum resident set size (kbytes): 885464
	Average resident set size (kbytes): 0
	Major (requiring I/O) page faults: 0
	Minor (reclaiming a frame) page faults: 107888
	Voluntary context switches: 1773
	Involuntary context switches: 59
	Swaps: 0
	File system inputs: 422704
	File system outputs: 16
	Socket messages sent: 0
	Socket messages received: 0
	Signals delivered: 0
	Page size (bytes): 4096
	Exit status: 0
