File /home/cc/datasets/audio/base.fvecs loaded
Rows 53387 Cols 192
File /home/cc/datasets/audio/query.fvecs loaded
Rows 200 Cols 192
File /home/cc/datasets/audio/groundtruth.ivecs loaded
Rows 200 Cols 20
FhtKacRotator is selected
Setting entry_point to 17485
	Vectors Copied
Supplementing edges...
Supplementing finished...
Indexing time 68.6089 secs
EF	QPS	Recall
10	45038.3	0.74775
20	40194.8	0.819
40	30113.3	0.8815
50	26195.5	0.91175
60	23403.8	0.93825
80	17750.1	0.971
100	14719	0.983
150	10545.3	0.9915
170	9596.06	0.992
190	8850.46	0.99325
200	8497.65	0.994
250	7091.65	0.996
300	5924.44	0.9975
400	4569.47	0.99825
500	3718.32	0.999
600	3051.32	0.999
700	2630.44	0.99925
800	2295.29	0.99925
1500	1148.67	0.9995
	Command being timed: "./bin/symqg_indexing /home/cc/datasets/audio/base.fvecs /home/cc/datasets/audio/query.fvecs /home/cc/datasets/audio/groundtruth.ivecs 128 256"
	User time (seconds): 70.53
	System time (seconds): 0.25
	Percent of CPU this job got: 99%
	Elapsed (wall clock) time (h:mm:ss or m:ss): 1:10.88
	Average shared text size (kbytes): 0
	Average unshared data size (kbytes): 0
	Average stack size (kbytes): 0
	Average total size (kbytes): 0
	Maximum resident set size (kbytes): 572064
	Average resident set size (kbytes): 0
	Major (requiring I/O) page faults: 0
	Minor (reclaiming a frame) page faults: 100752
	Voluntary context switches: 393
	Involuntary context switches: 112
	Swaps: 0
	File system inputs: 23448
	File system outputs: 16
	Socket messages sent: 0
	Socket messages received: 0
	Signals delivered: 0
	Page size (bytes): 4096
	Exit status: 0
