File /home/cc/datasets/agnews-mxbai-1024-euclidean/base.fvecs loaded
Rows 769382 Cols 1024
File /home/cc/datasets/agnews-mxbai-1024-euclidean/query.fvecs loaded
Rows 100 Cols 1024
File /home/cc/datasets/agnews-mxbai-1024-euclidean/groundtruth.ivecs loaded
Rows 100 Cols 100
FhtKacRotator is selected
Setting entry_point to 740181
	Vectors Copied
Supplementing edges...
Supplementing finished...
Indexing time 685.615 secs
EF	QPS	Recall
10	14892.9	0.3446
20	13847	0.3679
40	12196.1	0.4153
50	11626.6	0.4346
60	11066	0.4556
80	9917.01	0.5039
100	9233.22	0.5487
150	7566.38	0.6613
170	7045.22	0.6988
190	6622.53	0.733
200	6379.49	0.7503
250	5442.3	0.8236
300	4654.32	0.8817
400	3600.99	0.9526
500	2851.4	0.9791
600	2414.88	0.9871
700	2078.56	0.9905
800	1817.61	0.9931
1500	903.511	0.9975
	Command being timed: "./bin/symqg_indexing /home/cc/datasets/agnews-mxbai-1024-euclidean/base.fvecs /home/cc/datasets/agnews-mxbai-1024-euclidean/query.fvecs /home/cc/datasets/agnews-mxbai-1024-euclidean/groundtruth.ivecs 32 64"
	User time (seconds): 683.97
	System time (seconds): 5.18
	Percent of CPU this job got: 99%
	Elapsed (wall clock) time (h:mm:ss or m:ss): 11:29.16
	Average shared text size (kbytes): 0
	Average unshared data size (kbytes): 0
	Average stack size (kbytes): 0
	Average total size (kbytes): 0
	Maximum resident set size (kbytes): 11846160
	Average resident set size (kbytes): 0
	Major (requiring I/O) page faults: 0
	Minor (reclaiming a frame) page faults: 1507964
	Voluntary context switches: 6
	Involuntary context switches: 492
	Swaps: 0
	File system inputs: 0
	File system outputs: 24
	Socket messages sent: 0
	Socket messages received: 0
	Signals delivered: 0
	Page size (bytes): 4096
	Exit status: 0
