File /home/cc/datasets/seismic1m/base.fvecs loaded
Rows 1000000 Cols 256
File /home/cc/datasets/seismic1m/query.fvecs loaded
Rows 100 Cols 256
File /home/cc/datasets/seismic1m/groundtruth.ivecs loaded
Rows 100 Cols 100
FhtKacRotator is selected
Setting entry_point to 661549
	Vectors Copied
Supplementing edges...
Supplementing finished...
Indexing time 400.523 secs
EF	QPS	Recall
10	58048.6	0.1676
20	47521.3	0.1839
40	35210.2	0.2229
50	31456.1	0.237
60	27490	0.2576
80	22847.2	0.2799
100	18992.1	0.3094
150	12491.6	0.3712
170	11063.5	0.3905
190	10051.2	0.4014
200	9498.32	0.4093
250	7442.44	0.4382
300	6041.24	0.4544
400	4325.6	0.4847
500	3361.22	0.5075
600	2686.71	0.5221
700	2223.55	0.5354
800	1895.61	0.5475
1500	847.557	0.5941
	Command being timed: "./bin/symqg_indexing /home/cc/datasets/seismic1m/base.fvecs /home/cc/datasets/seismic1m/query.fvecs /home/cc/datasets/seismic1m/groundtruth.ivecs 32 64"
	User time (seconds): 400.02
	System time (seconds): 2.84
	Percent of CPU this job got: 99%
	Elapsed (wall clock) time (h:mm:ss or m:ss): 6:44.04
	Average shared text size (kbytes): 0
	Average unshared data size (kbytes): 0
	Average stack size (kbytes): 0
	Average total size (kbytes): 0
	Maximum resident set size (kbytes): 6454440
	Average resident set size (kbytes): 0
	Major (requiring I/O) page faults: 0
	Minor (reclaiming a frame) page faults: 1177245
	Voluntary context switches: 7808
	Involuntary context switches: 633
	Swaps: 0
	File system inputs: 2008112
	File system outputs: 16
	Socket messages sent: 0
	Socket messages received: 0
	Signals delivered: 0
	Page size (bytes): 4096
	Exit status: 0
