File /home/cc/datasets/laion-clip-512-normalized/base.fvecs loaded
Rows 1000000 Cols 512
File /home/cc/datasets/laion-clip-512-normalized/query.fvecs loaded
Rows 100 Cols 512
File /home/cc/datasets/laion-clip-512-normalized/groundtruth.ivecs loaded
Rows 100 Cols 100
FhtKacRotator is selected
Setting entry_point to 475915
	Vectors Copied
Supplementing edges...
Supplementing finished...
Indexing time 698.791 secs
EF	QPS	Recall
10	24127.8	0.1609
20	20820.2	0.2217
40	16872.6	0.2965
50	15470.2	0.3348
60	14389.8	0.3599
80	12160.5	0.4144
100	10552.2	0.4645
150	7493.45	0.5651
170	6788.83	0.5976
190	6174.68	0.6248
200	5895.69	0.6385
250	4881.94	0.6909
300	4018.91	0.7298
400	3046.22	0.7843
500	2448	0.8178
600	2000.01	0.843
700	1696.13	0.8623
800	1463.94	0.8779
1500	692.185	0.9293
	Command being timed: "./bin/symqg_indexing /home/cc/datasets/laion-clip-512-normalized/base.fvecs /home/cc/datasets/laion-clip-512-normalized/query.fvecs /home/cc/datasets/laion-clip-512-normalized/groundtruth.ivecs 32 128"
	User time (seconds): 698.06
	System time (seconds): 3.90
	Percent of CPU this job got: 99%
	Elapsed (wall clock) time (h:mm:ss or m:ss): 11:41.99
	Average shared text size (kbytes): 0
	Average unshared data size (kbytes): 0
	Average stack size (kbytes): 0
	Average total size (kbytes): 0
	Maximum resident set size (kbytes): 9393592
	Average resident set size (kbytes): 0
	Major (requiring I/O) page faults: 0
	Minor (reclaiming a frame) page faults: 1436419
	Voluntary context switches: 1
	Involuntary context switches: 555
	Swaps: 0
	File system inputs: 0
	File system outputs: 16
	Socket messages sent: 0
	Socket messages received: 0
	Signals delivered: 0
	Page size (bytes): 4096
	Exit status: 0
