File /home/cc/datasets/sun/base.fvecs loaded
Rows 79106 Cols 512
File /home/cc/datasets/sun/query.fvecs loaded
Rows 200 Cols 512
File /home/cc/datasets/sun/groundtruth.ivecs loaded
Rows 200 Cols 20
FhtKacRotator is selected
Setting entry_point to 39142
	Vectors Copied
Supplementing edges...
Supplementing finished...
Indexing time 71.7202 secs
EF	QPS	Recall
10	32508.3	0.52475
20	34666.2	0.6915
40	22337.5	0.8795
50	18881.8	0.91725
60	16507.3	0.939
80	12873.3	0.965
100	10815.2	0.9785
150	7668.02	0.9905
170	6950.68	0.993
190	6346.73	0.995
200	6052.42	0.996
250	4994.32	0.998
300	4165.77	0.9985
400	3208.29	0.99925
500	2620.43	0.99925
600	2167.73	0.9995
700	1862.14	0.9995
800	1632.46	0.9995
1500	819.608	0.99975
	Command being timed: "./bin/symqg_indexing /home/cc/datasets/sun/base.fvecs /home/cc/datasets/sun/query.fvecs /home/cc/datasets/sun/groundtruth.ivecs 64 128"
	User time (seconds): 74.45
	System time (seconds): 0.38
	Percent of CPU this job got: 99%
	Elapsed (wall clock) time (h:mm:ss or m:ss): 1:14.84
	Average shared text size (kbytes): 0
	Average unshared data size (kbytes): 0
	Average stack size (kbytes): 0
	Average total size (kbytes): 0
	Maximum resident set size (kbytes): 975828
	Average resident set size (kbytes): 0
	Major (requiring I/O) page faults: 1
	Minor (reclaiming a frame) page faults: 114036
	Voluntary context switches: 1
	Involuntary context switches: 100
	Swaps: 0
	File system inputs: 0
	File system outputs: 16
	Socket messages sent: 0
	Socket messages received: 0
	Signals delivered: 0
	Page size (bytes): 4096
	Exit status: 0
