File /home/cc/datasets/txed/base.fvecs loaded
Rows 519589 Cols 256
File /home/cc/datasets/txed/query.fvecs loaded
Rows 100 Cols 256
File /home/cc/datasets/txed/groundtruth.ivecs loaded
Rows 100 Cols 100
FhtKacRotator is selected
Setting entry_point to 29486
	Vectors Copied
Supplementing edges...
Supplementing finished...
Indexing time 546.382 secs
EF	QPS	Recall
10	27627.4	0.1092
20	20582.4	0.1646
40	14581.5	0.237
50	12679.2	0.2759
60	11520.8	0.3008
80	9521.25	0.3455
100	8323.01	0.3814
150	6077.51	0.4507
170	5462.27	0.4775
190	5005	0.4944
200	4791.9	0.5031
250	3957.46	0.5435
300	3288.57	0.5765
400	2507.35	0.6211
500	2033.32	0.6547
600	1677.52	0.6806
700	1452.68	0.7015
800	1245.87	0.7183
1500	589.484	0.7921
	Command being timed: "./bin/symqg_indexing /home/cc/datasets/txed/base.fvecs /home/cc/datasets/txed/query.fvecs /home/cc/datasets/txed/groundtruth.ivecs 96 192"
	User time (seconds): 546.86
	System time (seconds): 2.41
	Percent of CPU this job got: 99%
	Elapsed (wall clock) time (h:mm:ss or m:ss): 9:12.63
	Average shared text size (kbytes): 0
	Average unshared data size (kbytes): 0
	Average stack size (kbytes): 0
	Average total size (kbytes): 0
	Maximum resident set size (kbytes): 5272944
	Average resident set size (kbytes): 0
	Major (requiring I/O) page faults: 0
	Minor (reclaiming a frame) page faults: 729255
	Voluntary context switches: 4386
	Involuntary context switches: 389
	Swaps: 0
	File system inputs: 226768
	File system outputs: 16
	Socket messages sent: 0
	Socket messages received: 0
	Signals delivered: 0
	Page size (bytes): 4096
	Exit status: 0
