File /home/cc/datasets/arxiv-nomic-768-normalized/base.fvecs loaded
Rows 1000000 Cols 768
File /home/cc/datasets/arxiv-nomic-768-normalized/query.fvecs loaded
Rows 100 Cols 768
File /home/cc/datasets/arxiv-nomic-768-normalized/groundtruth.ivecs loaded
Rows 100 Cols 100
FhtKacRotator is selected
Setting entry_point to 256819
	Vectors Copied
Supplementing edges...
Supplementing finished...
Indexing time 695.12 secs
EF	QPS	Recall
10	17626.9	0.3401
20	16036.7	0.3726
40	13543.4	0.4351
50	12899.2	0.4663
60	12132.2	0.4956
80	10974.5	0.5495
100	9949.18	0.6097
150	8009.79	0.7323
170	7376.4	0.7727
190	6848.56	0.8068
200	6611.1	0.8217
250	5562.15	0.8867
300	4677.75	0.9298
400	3589.65	0.9692
500	2897.61	0.9858
600	2401.29	0.9891
700	2064.34	0.9919
800	1792.97	0.9941
1500	887.182	0.9978
	Command being timed: "./bin/symqg_indexing /home/cc/datasets/arxiv-nomic-768-normalized/base.fvecs /home/cc/datasets/arxiv-nomic-768-normalized/query.fvecs /home/cc/datasets/arxiv-nomic-768-normalized/groundtruth.ivecs 32 64"
	User time (seconds): 693.37
	System time (seconds): 5.36
	Percent of CPU this job got: 99%
	Elapsed (wall clock) time (h:mm:ss or m:ss): 11:38.77
	Average shared text size (kbytes): 0
	Average unshared data size (kbytes): 0
	Average stack size (kbytes): 0
	Average total size (kbytes): 0
	Maximum resident set size (kbytes): 12399156
	Average resident set size (kbytes): 0
	Major (requiring I/O) page faults: 0
	Minor (reclaiming a frame) page faults: 1702827
	Voluntary context switches: 109
	Involuntary context switches: 462
	Swaps: 0
	File system inputs: 0
	File system outputs: 16
	Socket messages sent: 0
	Socket messages received: 0
	Signals delivered: 0
	Page size (bytes): 4096
	Exit status: 0
