File /home/cc/datasets/gist/base.fvecs loaded
Rows 1000000 Cols 960
File /home/cc/datasets/gist/query.fvecs loaded
Rows 1000 Cols 960
File /home/cc/datasets/gist/groundtruth.ivecs loaded
Rows 1000 Cols 100
FhtKacRotator is selected
Setting entry_point to 356422
	Vectors Copied
Supplementing edges...
Supplementing finished...
Indexing time 3230.08 secs
EF	QPS	Recall
10	11313.5	0.17759
20	9083.96	0.25121
40	6685.47	0.3724
50	5955.12	0.42491
60	5299.37	0.47277
80	4488.93	0.55635
100	3957.36	0.62432
150	3258.94	0.74444
170	2965.98	0.78198
190	2679.58	0.81173
200	2608.99	0.82461
250	2166.38	0.87498
300	1827.71	0.90704
400	1422.75	0.94356
500	1166.09	0.9621
600	970.371	0.97357
700	846.716	0.98043
800	745.179	0.98509
1500	393.505	0.99565
	Command being timed: "./bin/symqg_indexing /home/cc/datasets/gist/base.fvecs /home/cc/datasets/gist/query.fvecs /home/cc/datasets/gist/groundtruth.ivecs 128 256"
	User time (seconds): 3255.40
	System time (seconds): 11.25
	Percent of CPU this job got: 99%
	Elapsed (wall clock) time (h:mm:ss or m:ss): 54:26.88
	Average shared text size (kbytes): 0
	Average unshared data size (kbytes): 0
	Average stack size (kbytes): 0
	Average total size (kbytes): 0
	Maximum resident set size (kbytes): 28523476
	Average resident set size (kbytes): 0
	Major (requiring I/O) page faults: 0
	Minor (reclaiming a frame) page faults: 3196472
	Voluntary context switches: 1
	Involuntary context switches: 5596
	Swaps: 0
	File system inputs: 0
	File system outputs: 16
	Socket messages sent: 0
	Socket messages received: 0
	Signals delivered: 0
	Page size (bytes): 4096
	Exit status: 0
