File /home/cc/datasets/stead/base.fvecs loaded
Rows 1000000 Cols 256
File /home/cc/datasets/stead/query.fvecs loaded
Rows 100 Cols 256
File /home/cc/datasets/stead/groundtruth.ivecs loaded
Rows 100 Cols 100
FhtKacRotator is selected
Setting entry_point to 43644
	Vectors Copied
Supplementing edges...
Supplementing finished...
Indexing time 642.853 secs
EF	QPS	Recall
10	27292.6	0.1345
20	22942.3	0.1866
40	18480.9	0.2605
50	16698.5	0.2883
60	15137.5	0.3133
80	12431.7	0.3593
100	10808.4	0.4011
150	7774.28	0.4935
170	6982.83	0.521
190	6412.73	0.54
200	6102.55	0.5501
250	5103.31	0.5833
300	4245.55	0.6058
400	3174.57	0.6392
500	2583.62	0.6553
600	2081.45	0.667
700	1798.15	0.6763
800	1573.17	0.6858
1500	739.164	0.7323
	Command being timed: "./bin/symqg_indexing /home/cc/datasets/stead/base.fvecs /home/cc/datasets/stead/query.fvecs /home/cc/datasets/stead/groundtruth.ivecs 64 128"
	User time (seconds): 638.28
	System time (seconds): 7.26
	Percent of CPU this job got: 99%
	Elapsed (wall clock) time (h:mm:ss or m:ss): 10:46.55
	Average shared text size (kbytes): 0
	Average unshared data size (kbytes): 0
	Average stack size (kbytes): 0
	Average total size (kbytes): 0
	Maximum resident set size (kbytes): 8262300
	Average resident set size (kbytes): 0
	Major (requiring I/O) page faults: 0
	Minor (reclaiming a frame) page faults: 1323280
	Voluntary context switches: 4951
	Involuntary context switches: 409
	Swaps: 0
	File system inputs: 301392
	File system outputs: 16
	Socket messages sent: 0
	Socket messages received: 0
	Signals delivered: 0
	Page size (bytes): 4096
	Exit status: 0
