File /home/cc/datasets/word2vec/base.fvecs loaded
Rows 1000000 Cols 300
File /home/cc/datasets/word2vec/query.fvecs loaded
Rows 1000 Cols 300
File /home/cc/datasets/word2vec/groundtruth.ivecs loaded
Rows 1000 Cols 100
FhtKacRotator is selected
Setting entry_point to 249878
	Vectors Copied
Supplementing edges...
Supplementing finished...
Indexing time 516.788 secs
EF	QPS	Recall
10	33000.8	0.15654
20	27480.5	0.22156
40	21878.4	0.30751
50	20093.9	0.34167
60	18489.9	0.3716
80	15521.8	0.42612
100	13757.3	0.47529
150	9961.54	0.56351
170	8868.29	0.591
190	8140.53	0.61419
200	7690.24	0.62473
250	6425.82	0.6665
300	5302.44	0.69864
400	4007.85	0.74055
500	3213.83	0.769
600	2611.41	0.78863
700	2215.67	0.80355
800	1915.46	0.81507
1500	893.807	0.85925
	Command being timed: "./bin/symqg_indexing /home/cc/datasets/word2vec/base.fvecs /home/cc/datasets/word2vec/query.fvecs /home/cc/datasets/word2vec/groundtruth.ivecs 32 128"
	User time (seconds): 527.94
	System time (seconds): 2.69
	Percent of CPU this job got: 99%
	Elapsed (wall clock) time (h:mm:ss or m:ss): 8:50.65
	Average shared text size (kbytes): 0
	Average unshared data size (kbytes): 0
	Average stack size (kbytes): 0
	Average total size (kbytes): 0
	Maximum resident set size (kbytes): 6981656
	Average resident set size (kbytes): 0
	Major (requiring I/O) page faults: 0
	Minor (reclaiming a frame) page faults: 1136808
	Voluntary context switches: 1
	Involuntary context switches: 565
	Swaps: 0
	File system inputs: 0
	File system outputs: 16
	Socket messages sent: 0
	Socket messages received: 0
	Signals delivered: 0
	Page size (bytes): 4096
	Exit status: 0
