File /home/cc/datasets/Meier2019JGR/base.fvecs loaded
Rows 1000000 Cols 256
File /home/cc/datasets/Meier2019JGR/query.fvecs loaded
Rows 300 Cols 256
File /home/cc/datasets/Meier2019JGR/groundtruth.ivecs loaded
Rows 300 Cols 100
FhtKacRotator is selected
Setting entry_point to 591855
	Vectors Copied
Supplementing edges...
Supplementing finished...
Indexing time 614.511 secs
EF	QPS	Recall
10	26581.4	0.285667
20	23189.4	0.314767
40	19000.2	0.351233
50	17395.9	0.3648
60	16242.8	0.377567
80	13681.6	0.400933
100	12144.7	0.4212
150	9364.83	0.474033
170	8587.38	0.500133
190	7964.59	0.523033
200	7623.42	0.533833
250	6447.37	0.582367
300	5451.03	0.623233
400	4227.85	0.694633
500	3463.41	0.7464
600	2818.94	0.785633
700	2402.79	0.8144
800	2107.33	0.833233
1500	1014.34	0.903733
	Command being timed: "./bin/symqg_indexing /home/cc/datasets/Meier2019JGR/base.fvecs /home/cc/datasets/Meier2019JGR/query.fvecs /home/cc/datasets/Meier2019JGR/groundtruth.ivecs 64 128"
	User time (seconds): 615.62
	System time (seconds): 3.43
	Percent of CPU this job got: 99%
	Elapsed (wall clock) time (h:mm:ss or m:ss): 10:19.07
	Average shared text size (kbytes): 0
	Average unshared data size (kbytes): 0
	Average stack size (kbytes): 0
	Average total size (kbytes): 0
	Maximum resident set size (kbytes): 8262852
	Average resident set size (kbytes): 0
	Major (requiring I/O) page faults: 0
	Minor (reclaiming a frame) page faults: 1393121
	Voluntary context switches: 1
	Involuntary context switches: 463
	Swaps: 0
	File system inputs: 0
	File system outputs: 24
	Socket messages sent: 0
	Socket messages received: 0
	Signals delivered: 0
	Page size (bytes): 4096
	Exit status: 0
