File /home/cc/datasets/space1V/base.fvecs loaded
Rows 1000000 Cols 100
File /home/cc/datasets/space1V/query.fvecs loaded
Rows 100 Cols 100
File /home/cc/datasets/space1V/groundtruth.ivecs loaded
Rows 100 Cols 100
FhtKacRotator is selected
Setting entry_point to 877910
	Vectors Copied
Supplementing edges...
Supplementing finished...
Indexing time 330.577 secs
EF	QPS	Recall
10	43134.5	0.0735
20	34882.8	0.1207
40	25560.9	0.19
50	23396.4	0.2119
60	21963.9	0.2302
80	17698.3	0.2719
100	15088.9	0.301
150	10338.9	0.373
170	9216.37	0.3915
190	8527.43	0.4094
200	7955.82	0.4239
250	6657.23	0.4652
300	5527.23	0.5031
400	4106.06	0.5562
500	3335.52	0.5956
600	2663.66	0.6319
700	2245.77	0.6604
800	1912.15	0.6865
1500	848.672	0.7925
	Command being timed: "./bin/symqg_indexing /home/cc/datasets/space1V/base.fvecs /home/cc/datasets/space1V/query.fvecs /home/cc/datasets/space1V/groundtruth.ivecs 32 64"
	User time (seconds): 330.34
	System time (seconds): 2.05
	Percent of CPU this job got: 99%
	Elapsed (wall clock) time (h:mm:ss or m:ss): 5:32.39
	Average shared text size (kbytes): 0
	Average unshared data size (kbytes): 0
	Average stack size (kbytes): 0
	Average total size (kbytes): 0
	Maximum resident set size (kbytes): 4795372
	Average resident set size (kbytes): 0
	Major (requiring I/O) page faults: 0
	Minor (reclaiming a frame) page faults: 1031689
	Voluntary context switches: 1
	Involuntary context switches: 308
	Swaps: 0
	File system inputs: 0
	File system outputs: 16
	Socket messages sent: 0
	Socket messages received: 0
	Signals delivered: 0
	Page size (bytes): 4096
	Exit status: 0
