File /home/cc/datasets/imagenet-clip-512-normalized/base.fvecs loaded
Rows 1000000 Cols 512
File /home/cc/datasets/imagenet-clip-512-normalized/query.fvecs loaded
Rows 100 Cols 512
File /home/cc/datasets/imagenet-clip-512-normalized/groundtruth.ivecs loaded
Rows 100 Cols 100
FhtKacRotator is selected
Setting entry_point to 367595
	Vectors Copied
Supplementing edges...
Supplementing finished...
Indexing time 1436.53 secs
EF	QPS	Recall
10	20556.6	0.2793
20	17462.4	0.3222
40	13239.4	0.4067
50	12093.3	0.4428
60	11064.9	0.4758
80	9276.62	0.5371
100	8159.71	0.5974
150	6321.96	0.7097
170	5865.04	0.7442
190	5492.29	0.7739
200	5287.95	0.7894
250	4502.78	0.842
300	3764.07	0.8794
400	2989.77	0.9224
500	2468.19	0.9517
600	2056.24	0.9662
700	1773.58	0.9747
800	1551.82	0.9814
1500	779.179	0.9966
	Command being timed: "./bin/symqg_indexing /home/cc/datasets/imagenet-clip-512-normalized/base.fvecs /home/cc/datasets/imagenet-clip-512-normalized/query.fvecs /home/cc/datasets/imagenet-clip-512-normalized/groundtruth.ivecs 96 192"
	User time (seconds): 1434.05
	System time (seconds): 5.61
	Percent of CPU this job got: 99%
	Elapsed (wall clock) time (h:mm:ss or m:ss): 23:59.68
	Average shared text size (kbytes): 0
	Average unshared data size (kbytes): 0
	Average stack size (kbytes): 0
	Average total size (kbytes): 0
	Maximum resident set size (kbytes): 15151148
	Average resident set size (kbytes): 0
	Major (requiring I/O) page faults: 0
	Minor (reclaiming a frame) page faults: 1949854
	Voluntary context switches: 1
	Involuntary context switches: 808
	Swaps: 0
	File system inputs: 0
	File system outputs: 16
	Socket messages sent: 0
	Socket messages received: 0
	Signals delivered: 0
	Page size (bytes): 4096
	Exit status: 0
