File /home/cc/datasets/landmark-nomic-768-normalized/base.fvecs loaded
Rows 760757 Cols 768
File /home/cc/datasets/landmark-nomic-768-normalized/query.fvecs loaded
Rows 100 Cols 768
File /home/cc/datasets/landmark-nomic-768-normalized/groundtruth.ivecs loaded
Rows 100 Cols 100
FhtKacRotator is selected
Setting entry_point to 243818
	Vectors Copied
Supplementing edges...
Supplementing finished...
Indexing time 640.1 secs
EF	QPS	Recall
10	18037.4	0.3772
20	16595.1	0.3977
40	14361.4	0.4445
50	13675.5	0.4699
60	12945.3	0.4961
80	11631.9	0.548
100	10770.7	0.5986
150	8886.16	0.7244
170	8377.65	0.7675
190	7857.17	0.8061
200	7641.74	0.8251
250	6658.01	0.8954
300	5709.71	0.9408
400	4482.8	0.9795
500	3673.31	0.9918
600	3054.53	0.9959
700	2631.85	0.9975
800	2299.04	0.9983
1500	1163.14	0.9989
	Command being timed: "./bin/symqg_indexing /home/cc/datasets/landmark-nomic-768-normalized/base.fvecs /home/cc/datasets/landmark-nomic-768-normalized/query.fvecs /home/cc/datasets/landmark-nomic-768-normalized/groundtruth.ivecs 32 128"
	User time (seconds): 639.03
	System time (seconds): 3.96
	Percent of CPU this job got: 99%
	Elapsed (wall clock) time (h:mm:ss or m:ss): 10:43.00
	Average shared text size (kbytes): 0
	Average unshared data size (kbytes): 0
	Average stack size (kbytes): 0
	Average total size (kbytes): 0
	Maximum resident set size (kbytes): 9426176
	Average resident set size (kbytes): 0
	Major (requiring I/O) page faults: 0
	Minor (reclaiming a frame) page faults: 1279660
	Voluntary context switches: 7
	Involuntary context switches: 406
	Swaps: 0
	File system inputs: 0
	File system outputs: 16
	Socket messages sent: 0
	Socket messages received: 0
	Signals delivered: 0
	Page size (bytes): 4096
	Exit status: 0
