File /home/cc/datasets/nuswide/base.fvecs loaded
Rows 268643 Cols 500
File /home/cc/datasets/nuswide/query.fvecs loaded
Rows 200 Cols 500
File /home/cc/datasets/nuswide/groundtruth.ivecs loaded
Rows 200 Cols 20
FhtKacRotator is selected
Setting entry_point to 218754
	Vectors Copied
Supplementing edges...
Supplementing finished...
Indexing time 122.491 secs
EF	QPS	Recall
10	50213.2	0.2275
20	43290.7	0.3415
40	26059	0.472
50	22089.6	0.512
60	19128.2	0.546
80	14640.1	0.59225
100	12183.4	0.621
150	8377.96	0.67625
170	7478.86	0.6925
190	6786.36	0.70875
200	6457.45	0.7195
250	5275.93	0.745
300	4348.86	0.76525
400	3237.4	0.80075
500	2579.2	0.825
600	2106.37	0.839
700	1782.37	0.853
800	1537.89	0.86725
1500	729.66	0.9075
	Command being timed: "./bin/symqg_indexing /home/cc/datasets/nuswide/base.fvecs /home/cc/datasets/nuswide/query.fvecs /home/cc/datasets/nuswide/groundtruth.ivecs 32 64"
	User time (seconds): 124.95
	System time (seconds): 1.16
	Percent of CPU this job got: 99%
	Elapsed (wall clock) time (h:mm:ss or m:ss): 2:06.71
	Average shared text size (kbytes): 0
	Average unshared data size (kbytes): 0
	Average stack size (kbytes): 0
	Average total size (kbytes): 0
	Maximum resident set size (kbytes): 2500920
	Average resident set size (kbytes): 0
	Major (requiring I/O) page faults: 0
	Minor (reclaiming a frame) page faults: 353258
	Voluntary context switches: 3999
	Involuntary context switches: 167
	Swaps: 0
	File system inputs: 1052168
	File system outputs: 16
	Socket messages sent: 0
	Socket messages received: 0
	Signals delivered: 0
	Page size (bytes): 4096
	Exit status: 0
