File /home/cc/datasets/imagenet-align-640-normalized/base.fvecs loaded
Rows 1000000 Cols 640
File /home/cc/datasets/imagenet-align-640-normalized/query.fvecs loaded
Rows 100 Cols 640
File /home/cc/datasets/imagenet-align-640-normalized/groundtruth.ivecs loaded
Rows 100 Cols 100
FhtKacRotator is selected
Setting entry_point to 65280
	Vectors Copied
Supplementing edges...
Supplementing finished...
Indexing time 767.758 secs
EF	QPS	Recall
10	19844.9	0.1686
20	17112.2	0.2287
40	14068.5	0.3027
50	13217.2	0.339
60	12194.5	0.3789
80	10351.8	0.4323
100	9166.67	0.4792
150	6469.8	0.5996
170	5877.25	0.6338
190	5401.21	0.6593
200	5169.98	0.669
250	4258.37	0.7263
300	3548.04	0.767
400	2715.02	0.8221
500	2215.65	0.8534
600	1819.88	0.8774
700	1565.53	0.895
800	1357.48	0.9101
1500	678.041	0.9547
	Command being timed: "./bin/symqg_indexing /home/cc/datasets/imagenet-align-640-normalized/base.fvecs /home/cc/datasets/imagenet-align-640-normalized/query.fvecs /home/cc/datasets/imagenet-align-640-normalized/groundtruth.ivecs 32 128"
	User time (seconds): 767.06
	System time (seconds): 4.46
	Percent of CPU this job got: 99%
	Elapsed (wall clock) time (h:mm:ss or m:ss): 12:51.55
	Average shared text size (kbytes): 0
	Average unshared data size (kbytes): 0
	Average stack size (kbytes): 0
	Average total size (kbytes): 0
	Maximum resident set size (kbytes): 10889452
	Average resident set size (kbytes): 0
	Major (requiring I/O) page faults: 0
	Minor (reclaiming a frame) page faults: 1576737
	Voluntary context switches: 1
	Involuntary context switches: 584
	Swaps: 0
	File system inputs: 0
	File system outputs: 16
	Socket messages sent: 0
	Socket messages received: 0
	Signals delivered: 0
	Page size (bytes): 4096
	Exit status: 0
