File /home/cc/datasets/sald1m/base.fvecs loaded
Rows 1000000 Cols 128
File /home/cc/datasets/sald1m/query.fvecs loaded
Rows 100 Cols 128
File /home/cc/datasets/sald1m/groundtruth.ivecs loaded
Rows 100 Cols 100
FhtKacRotator is selected
Setting entry_point to 101708
	Vectors Copied
Supplementing edges...
Supplementing finished...
Indexing time 1048.29 secs
EF	QPS	Recall
10	28059.5	0.2905
20	22640.1	0.3331
40	16305	0.3897
50	14782.7	0.418
60	13564.1	0.4462
80	11269.2	0.4977
100	10010.1	0.5395
150	7559.7	0.6301
170	7097.75	0.6563
190	6736.44	0.6787
200	6461.02	0.6961
250	5534.57	0.759
300	4638.96	0.8056
400	3652.07	0.8689
500	3027.53	0.909
600	2506.35	0.9302
700	2167.32	0.9453
800	1886.73	0.9524
1500	959.416	0.9756
	Command being timed: "./bin/symqg_indexing /home/cc/datasets/sald1m/base.fvecs /home/cc/datasets/sald1m/query.fvecs /home/cc/datasets/sald1m/groundtruth.ivecs 128 256"
	User time (seconds): 1039.41
	System time (seconds): 11.52
	Percent of CPU this job got: 99%
	Elapsed (wall clock) time (h:mm:ss or m:ss): 17:32.20
	Average shared text size (kbytes): 0
	Average unshared data size (kbytes): 0
	Average stack size (kbytes): 0
	Average total size (kbytes): 0
	Maximum resident set size (kbytes): 9018072
	Average resident set size (kbytes): 0
	Major (requiring I/O) page faults: 0
	Minor (reclaiming a frame) page faults: 3768736
	Voluntary context switches: 4103
	Involuntary context switches: 1851
	Swaps: 0
	File system inputs: 302296
	File system outputs: 16
	Socket messages sent: 0
	Socket messages received: 0
	Signals delivered: 0
	Page size (bytes): 4096
	Exit status: 0
