File /home/cc/datasets/coco-nomic-768-normalized/base.fvecs loaded
Rows 282360 Cols 768
File /home/cc/datasets/coco-nomic-768-normalized/query.fvecs loaded
Rows 100 Cols 768
File /home/cc/datasets/coco-nomic-768-normalized/groundtruth.ivecs loaded
Rows 100 Cols 100
FhtKacRotator is selected
Setting entry_point to 57958
	Vectors Copied
Supplementing edges...
Supplementing finished...
Indexing time 581.871 secs
EF	QPS	Recall
10	13923.2	0.1538
20	10546.5	0.2136
40	7361.26	0.2765
50	6483.05	0.3039
60	5767.34	0.3313
80	4832.65	0.366
100	4398.96	0.377
150	3145.16	0.4589
170	2840.6	0.4871
190	2592.28	0.5153
200	2495.9	0.5257
250	2022.89	0.5765
300	1725.75	0.6185
400	1319.48	0.6846
500	1062.23	0.7261
600	882.369	0.7621
700	758.595	0.7894
800	664.217	0.8098
1500	336.806	0.8915
	Command being timed: "./bin/symqg_indexing /home/cc/datasets/coco-nomic-768-normalized/base.fvecs /home/cc/datasets/coco-nomic-768-normalized/query.fvecs /home/cc/datasets/coco-nomic-768-normalized/groundtruth.ivecs 96 192"
	User time (seconds): 584.26
	System time (seconds): 1.97
	Percent of CPU this job got: 99%
	Elapsed (wall clock) time (h:mm:ss or m:ss): 9:46.25
	Average shared text size (kbytes): 0
	Average unshared data size (kbytes): 0
	Average stack size (kbytes): 0
	Average total size (kbytes): 0
	Maximum resident set size (kbytes): 5709704
	Average resident set size (kbytes): 0
	Major (requiring I/O) page faults: 0
	Minor (reclaiming a frame) page faults: 556513
	Voluntary context switches: 1
	Involuntary context switches: 469
	Swaps: 0
	File system inputs: 0
	File system outputs: 24
	Socket messages sent: 0
	Socket messages received: 0
	Signals delivered: 0
	Page size (bytes): 4096
	Exit status: 0
