File /home/cc/datasets/MNIST/base.fvecs loaded
Rows 69000 Cols 784
File /home/cc/datasets/MNIST/query.fvecs loaded
Rows 200 Cols 784
File /home/cc/datasets/MNIST/groundtruth.ivecs loaded
Rows 200 Cols 20
FhtKacRotator is selected
Setting entry_point to 33205
	Vectors Copied
Supplementing edges...
Supplementing finished...
Indexing time 155.603 secs
EF	QPS	Recall
10	18596.6	0.7515
20	16320.6	0.8135
40	15305.5	0.89
50	15340.2	0.914
60	14473.7	0.9395
80	11976	0.97675
100	10456.7	0.989
150	7942.65	0.99725
170	7331.74	0.99775
190	6752.02	0.998
200	6570.23	0.998
250	5640.36	0.998
300	4805.71	0.99925
400	3799.57	0.9995
500	3138.32	0.9995
600	2633.41	0.9995
700	2300.18	0.9995
800	2030.33	0.9995
1500	1069.68	0.9995
	Command being timed: "./bin/symqg_indexing /home/cc/datasets/MNIST/base.fvecs /home/cc/datasets/MNIST/query.fvecs /home/cc/datasets/MNIST/groundtruth.ivecs 96 192"
	User time (seconds): 157.80
	System time (seconds): 0.53
	Percent of CPU this job got: 99%
	Elapsed (wall clock) time (h:mm:ss or m:ss): 2:38.34
	Average shared text size (kbytes): 0
	Average unshared data size (kbytes): 0
	Average stack size (kbytes): 0
	Average total size (kbytes): 0
	Maximum resident set size (kbytes): 1461828
	Average resident set size (kbytes): 0
	Major (requiring I/O) page faults: 0
	Minor (reclaiming a frame) page faults: 156493
	Voluntary context switches: 2
	Involuntary context switches: 182
	Swaps: 0
	File system inputs: 0
	File system outputs: 16
	Socket messages sent: 0
	Socket messages received: 0
	Signals delivered: 0
	Page size (bytes): 4096
	Exit status: 0
