File /home/cc/datasets/enron/base.fvecs loaded
Rows 94987 Cols 1369
File /home/cc/datasets/enron/query.fvecs loaded
Rows 200 Cols 1369
File /home/cc/datasets/enron/groundtruth.ivecs loaded
Rows 200 Cols 20
FhtKacRotator is selected
Setting entry_point to 89082
	Vectors Copied
Supplementing edges...
Supplementing finished...
Indexing time 585.28 secs
EF	QPS	Recall
10	8428.21	0.67175
20	8864.35	0.78175
40	7599.16	0.891
50	7019.19	0.91125
60	6419.97	0.92775
80	5409.01	0.948
100	4704.28	0.9635
150	3520.63	0.98575
170	3219.76	0.98975
190	2969.72	0.992
200	2865.9	0.992
250	2442.76	0.99425
300	2094.98	0.996
400	1656.7	0.99675
500	1384.8	0.99725
600	1177.29	0.9975
700	1034.25	0.9975
800	922.177	0.9975
1500	510.663	0.998
	Command being timed: "./bin/symqg_indexing /home/cc/datasets/enron/base.fvecs /home/cc/datasets/enron/query.fvecs /home/cc/datasets/enron/groundtruth.ivecs 128 256"
	User time (seconds): 590.05
	System time (seconds): 1.37
	Percent of CPU this job got: 99%
	Elapsed (wall clock) time (h:mm:ss or m:ss): 9:52.03
	Average shared text size (kbytes): 0
	Average unshared data size (kbytes): 0
	Average stack size (kbytes): 0
	Average total size (kbytes): 0
	Maximum resident set size (kbytes): 3689692
	Average resident set size (kbytes): 0
	Major (requiring I/O) page faults: 0
	Minor (reclaiming a frame) page faults: 310380
	Voluntary context switches: 3989
	Involuntary context switches: 374
	Swaps: 0
	File system inputs: 1018856
	File system outputs: 16
	Socket messages sent: 0
	Socket messages received: 0
	Signals delivered: 0
	Page size (bytes): 4096
	Exit status: 0
