File /home/cc/datasets/sun/base.fvecs loaded
Rows 79106 Cols 512
File /home/cc/datasets/sun/query.fvecs loaded
Rows 200 Cols 512
File /home/cc/datasets/sun/groundtruth.ivecs loaded
Rows 200 Cols 20
FhtKacRotator is selected
Setting entry_point to 39142
	Vectors Copied
Supplementing edges...
Supplementing finished...
Indexing time 52.12 secs
EF	QPS	Recall
10	47596.4	0.50575
20	45488.7	0.679
40	28502	0.86025
50	24208.6	0.9005
60	21071.9	0.92325
80	16421.2	0.9565
100	13701.8	0.9695
150	9692.32	0.98775
170	8719.63	0.98975
190	7927.23	0.99175
200	7580.66	0.992
250	6240.19	0.99425
300	5216.97	0.99625
400	4007.24	0.99825
500	3246.15	0.9985
600	2678.68	0.99875
700	2316.86	0.999
800	2024.97	0.99925
1500	1019.1	0.9995
	Command being timed: "./bin/symqg_indexing /home/cc/datasets/sun/base.fvecs /home/cc/datasets/sun/query.fvecs /home/cc/datasets/sun/groundtruth.ivecs 32 128"
	User time (seconds): 54.34
	System time (seconds): 0.36
	Percent of CPU this job got: 99%
	Elapsed (wall clock) time (h:mm:ss or m:ss): 0:55.19
	Average shared text size (kbytes): 0
	Average unshared data size (kbytes): 0
	Average stack size (kbytes): 0
	Average total size (kbytes): 0
	Maximum resident set size (kbytes): 748852
	Average resident set size (kbytes): 0
	Major (requiring I/O) page faults: 0
	Minor (reclaiming a frame) page faults: 105388
	Voluntary context switches: 1219
	Involuntary context switches: 75
	Swaps: 0
	File system inputs: 317672
	File system outputs: 16
	Socket messages sent: 0
	Socket messages received: 0
	Signals delivered: 0
	Page size (bytes): 4096
	Exit status: 0
