File /home/cc/datasets/imageNet/base.fvecs loaded
Rows 2340373 Cols 150
File /home/cc/datasets/imageNet/query.fvecs loaded
Rows 200 Cols 150
File /home/cc/datasets/imageNet/groundtruth.ivecs loaded
Rows 200 Cols 20
FhtKacRotator is selected
Setting entry_point to 942654
	Vectors Copied
Supplementing edges...
Supplementing finished...
Indexing time 1514.5 secs
EF	QPS	Recall
10	48027.8	0.4155
20	43353.1	0.571
40	26310.5	0.75425
50	22494.2	0.79775
60	19048.9	0.83
80	15166.3	0.875
100	12679.6	0.90375
150	8905.57	0.93625
170	8017.04	0.9425
190	7319.44	0.95125
200	7008.69	0.953
250	5761.74	0.96425
300	4756.8	0.969
400	3591.75	0.98075
500	2877.38	0.986
600	2345.71	0.9895
700	1990.91	0.99275
800	1746.59	0.99425
1500	860.552	0.99825
	Command being timed: "./bin/symqg_indexing /home/cc/datasets/imageNet/base.fvecs /home/cc/datasets/imageNet/query.fvecs /home/cc/datasets/imageNet/groundtruth.ivecs 64 128"
	User time (seconds): 1503.63
	System time (seconds): 15.12
	Percent of CPU this job got: 99%
	Elapsed (wall clock) time (h:mm:ss or m:ss): 25:18.87
	Average shared text size (kbytes): 0
	Average unshared data size (kbytes): 0
	Average stack size (kbytes): 0
	Average total size (kbytes): 0
	Maximum resident set size (kbytes): 16214836
	Average resident set size (kbytes): 0
	Major (requiring I/O) page faults: 0
	Minor (reclaiming a frame) page faults: 7000378
	Voluntary context switches: 54
	Involuntary context switches: 3117
	Swaps: 0
	File system inputs: 8
	File system outputs: 16
	Socket messages sent: 0
	Socket messages received: 0
	Signals delivered: 0
	Page size (bytes): 4096
	Exit status: 0
