File /home/cc/datasets/stead/base.fvecs loaded
Rows 1000000 Cols 256
File /home/cc/datasets/stead/query.fvecs loaded
Rows 100 Cols 256
File /home/cc/datasets/stead/groundtruth.ivecs loaded
Rows 100 Cols 100
FhtKacRotator is selected
Setting entry_point to 43644
	Vectors Copied
Supplementing edges...
Supplementing finished...
Indexing time 296.732 secs
EF	QPS	Recall
10	36079.2	0.1326
20	29883.3	0.1751
40	23045.8	0.2409
50	20726.8	0.2702
60	18828.7	0.2973
80	15332.6	0.3408
100	13116.8	0.3839
150	9393.7	0.4582
170	8356.96	0.4876
190	7683.03	0.5066
200	7386.42	0.5159
250	6127.42	0.5488
300	5080.93	0.5698
400	3869.85	0.595
500	3156.53	0.6082
600	2579.01	0.6179
700	2204.22	0.6253
800	1913.45	0.6325
1500	928.957	0.6598
	Command being timed: "./bin/symqg_indexing /home/cc/datasets/stead/base.fvecs /home/cc/datasets/stead/query.fvecs /home/cc/datasets/stead/groundtruth.ivecs 32 64"
	User time (seconds): 296.29
	System time (seconds): 2.80
	Percent of CPU this job got: 99%
	Elapsed (wall clock) time (h:mm:ss or m:ss): 5:00.33
	Average shared text size (kbytes): 0
	Average unshared data size (kbytes): 0
	Average stack size (kbytes): 0
	Average total size (kbytes): 0
	Maximum resident set size (kbytes): 6385772
	Average resident set size (kbytes): 0
	Major (requiring I/O) page faults: 0
	Minor (reclaiming a frame) page faults: 1094802
	Voluntary context switches: 5287
	Involuntary context switches: 466
	Swaps: 0
	File system inputs: 674400
	File system outputs: 16
	Socket messages sent: 0
	Socket messages received: 0
	Signals delivered: 0
	Page size (bytes): 4096
	Exit status: 0
