File /home/cc/datasets/sun/base.fvecs loaded
Rows 79106 Cols 512
File /home/cc/datasets/sun/query.fvecs loaded
Rows 200 Cols 512
File /home/cc/datasets/sun/groundtruth.ivecs loaded
Rows 200 Cols 20
FhtKacRotator is selected
Setting entry_point to 39142
	Vectors Copied
Supplementing edges...
Supplementing finished...
Indexing time 161.981 secs
EF	QPS	Recall
10	19759.1	0.556
20	22578.6	0.705
40	15299	0.882
50	12983.6	0.9195
60	11269.9	0.944
80	8920.61	0.972
100	7459.79	0.98225
150	5365.54	0.99275
170	4843.18	0.99475
190	4410.93	0.99625
200	4226.36	0.9965
250	3520.28	0.999
300	2992.25	0.99925
400	2310.95	1
500	1908.67	1
600	1585.85	1
700	1368.8	1
800	1206.38	1
1500	623.704	1
	Command being timed: "./bin/symqg_indexing /home/cc/datasets/sun/base.fvecs /home/cc/datasets/sun/query.fvecs /home/cc/datasets/sun/groundtruth.ivecs 128 256"
	User time (seconds): 165.65
	System time (seconds): 0.54
	Percent of CPU this job got: 99%
	Elapsed (wall clock) time (h:mm:ss or m:ss): 2:46.20
	Average shared text size (kbytes): 0
	Average unshared data size (kbytes): 0
	Average stack size (kbytes): 0
	Average total size (kbytes): 0
	Maximum resident set size (kbytes): 1433572
	Average resident set size (kbytes): 0
	Major (requiring I/O) page faults: 0
	Minor (reclaiming a frame) page faults: 176174
	Voluntary context switches: 1
	Involuntary context switches: 260
	Swaps: 0
	File system inputs: 0
	File system outputs: 16
	Socket messages sent: 0
	Socket messages received: 0
	Signals delivered: 0
	Page size (bytes): 4096
	Exit status: 0
