File /home/cc/datasets/sald1m/base.fvecs loaded
Rows 1000000 Cols 128
File /home/cc/datasets/sald1m/query.fvecs loaded
Rows 100 Cols 128
File /home/cc/datasets/sald1m/groundtruth.ivecs loaded
Rows 100 Cols 100
FhtKacRotator is selected
Setting entry_point to 101708
	Vectors Copied
Supplementing edges...
Supplementing finished...
Indexing time 261.978 secs
EF	QPS	Recall
10	38240.2	0.2686
20	33085.7	0.3141
40	25392.1	0.3899
50	23752.4	0.421
60	22119.6	0.4423
80	18497.9	0.5018
100	16369.4	0.5556
150	12279.6	0.6707
170	11763.7	0.7087
190	10781.9	0.7443
200	10128.5	0.7597
250	8678.25	0.8253
300	7332.91	0.8734
400	5822.45	0.9242
500	4717.59	0.9452
600	3864.94	0.9508
700	3346.96	0.9604
800	2953.03	0.9646
1500	1427.15	0.9753
	Command being timed: "./bin/symqg_indexing /home/cc/datasets/sald1m/base.fvecs /home/cc/datasets/sald1m/query.fvecs /home/cc/datasets/sald1m/groundtruth.ivecs 32 64"
	User time (seconds): 259.60
	System time (seconds): 3.93
	Percent of CPU this job got: 99%
	Elapsed (wall clock) time (h:mm:ss or m:ss): 4:23.55
	Average shared text size (kbytes): 0
	Average unshared data size (kbytes): 0
	Average stack size (kbytes): 0
	Average total size (kbytes): 0
	Maximum resident set size (kbytes): 4885876
	Average resident set size (kbytes): 0
	Major (requiring I/O) page faults: 0
	Minor (reclaiming a frame) page faults: 1059615
	Voluntary context switches: 2
	Involuntary context switches: 499
	Swaps: 0
	File system inputs: 8
	File system outputs: 16
	Socket messages sent: 0
	Socket messages received: 0
	Signals delivered: 0
	Page size (bytes): 4096
	Exit status: 0
