File /home/cc/datasets/sald1m/base.fvecs loaded
Rows 1000000 Cols 128
File /home/cc/datasets/sald1m/query.fvecs loaded
Rows 100 Cols 128
File /home/cc/datasets/sald1m/groundtruth.ivecs loaded
Rows 100 Cols 100
FhtKacRotator is selected
Setting entry_point to 101708
	Vectors Copied
Supplementing edges...
Supplementing finished...
Indexing time 760.238 secs
EF	QPS	Recall
10	35057.6	0.2344
20	27129.5	0.2818
40	19673.9	0.3651
50	17936.5	0.4011
60	16590	0.4292
80	13822.9	0.4844
100	11834.7	0.539
150	8718.47	0.648
170	8495.76	0.6803
190	7942.94	0.7076
200	7628.76	0.7203
250	6482.69	0.7846
300	5475.15	0.8339
400	4195.42	0.8932
500	3439.63	0.9272
600	2877.47	0.946
700	2462.8	0.958
800	2151.5	0.9649
1500	1033.5	0.9768
	Command being timed: "./bin/symqg_indexing /home/cc/datasets/sald1m/base.fvecs /home/cc/datasets/sald1m/query.fvecs /home/cc/datasets/sald1m/groundtruth.ivecs 96 192"
	User time (seconds): 753.82
	System time (seconds): 8.21
	Percent of CPU this job got: 99%
	Elapsed (wall clock) time (h:mm:ss or m:ss): 12:42.11
	Average shared text size (kbytes): 0
	Average unshared data size (kbytes): 0
	Average stack size (kbytes): 0
	Average total size (kbytes): 0
	Maximum resident set size (kbytes): 7640264
	Average resident set size (kbytes): 0
	Major (requiring I/O) page faults: 0
	Minor (reclaiming a frame) page faults: 1793681
	Voluntary context switches: 20
	Involuntary context switches: 1692
	Swaps: 0
	File system inputs: 8
	File system outputs: 16
	Socket messages sent: 0
	Socket messages received: 0
	Signals delivered: 0
	Page size (bytes): 4096
	Exit status: 0
