File /home/cc/datasets/audio/base.fvecs loaded
Rows 53387 Cols 192
File /home/cc/datasets/audio/query.fvecs loaded
Rows 200 Cols 192
File /home/cc/datasets/audio/groundtruth.ivecs loaded
Rows 200 Cols 20
FhtKacRotator is selected
Setting entry_point to 17485
	Vectors Copied
Supplementing edges...
Supplementing finished...
Indexing time 42.625 secs
EF	QPS	Recall
10	55283.2	0.69425
20	48091.6	0.77625
40	34439	0.87825
50	30121.8	0.91175
60	26548.6	0.93375
80	20194.5	0.96625
100	17072.2	0.97975
150	12266.8	0.98825
170	11057.5	0.98975
190	10232.4	0.9925
200	9838.5	0.99275
250	8162.03	0.994
300	6742.74	0.99475
400	5136.16	0.99625
500	4156.92	0.99675
600	3402.43	0.9975
700	2914.04	0.99775
800	2532.9	0.998
1500	1243.76	1
	Command being timed: "./bin/symqg_indexing /home/cc/datasets/audio/base.fvecs /home/cc/datasets/audio/query.fvecs /home/cc/datasets/audio/groundtruth.ivecs 96 192"
	User time (seconds): 44.38
	System time (seconds): 0.19
	Percent of CPU this job got: 99%
	Elapsed (wall clock) time (h:mm:ss or m:ss): 0:44.68
	Average shared text size (kbytes): 0
	Average unshared data size (kbytes): 0
	Average stack size (kbytes): 0
	Average total size (kbytes): 0
	Maximum resident set size (kbytes): 483860
	Average resident set size (kbytes): 0
	Major (requiring I/O) page faults: 0
	Minor (reclaiming a frame) page faults: 84487
	Voluntary context switches: 396
	Involuntary context switches: 64
	Swaps: 0
	File system inputs: 3640
	File system outputs: 16
	Socket messages sent: 0
	Socket messages received: 0
	Signals delivered: 0
	Page size (bytes): 4096
	Exit status: 0
