File /home/cc/datasets/geofon/base.fvecs loaded
Rows 275174 Cols 128
File /home/cc/datasets/geofon/query.fvecs loaded
Rows 100 Cols 128
File /home/cc/datasets/geofon/groundtruth.ivecs loaded
Rows 100 Cols 100
FhtKacRotator is selected
Setting entry_point to 12081
	Vectors Copied
Supplementing edges...
Supplementing finished...
Indexing time 60.9418 secs
EF	QPS	Recall
10	41268.8	0.3861
20	35672.4	0.407
40	28243.6	0.445
50	26383	0.463
60	25075.6	0.484
80	21696.2	0.5237
100	19754.2	0.5663
150	14990.6	0.6727
170	13915	0.7107
190	13074.8	0.746
200	12255.3	0.765
250	10958.5	0.8425
300	8934.58	0.9031
400	7266.45	0.9728
500	5858.35	0.9937
600	4909.55	0.997
700	4249.18	0.9977
800	3634.13	0.9982
1500	1784.46	0.9995
	Command being timed: "./bin/symqg_indexing /home/cc/datasets/geofon/base.fvecs /home/cc/datasets/geofon/query.fvecs /home/cc/datasets/geofon/groundtruth.ivecs 32 64"
	User time (seconds): 61.28
	System time (seconds): 0.59
	Percent of CPU this job got: 99%
	Elapsed (wall clock) time (h:mm:ss or m:ss): 1:02.10
	Average shared text size (kbytes): 0
	Average unshared data size (kbytes): 0
	Average stack size (kbytes): 0
	Average total size (kbytes): 0
	Maximum resident set size (kbytes): 1346760
	Average resident set size (kbytes): 0
	Major (requiring I/O) page faults: 0
	Minor (reclaiming a frame) page faults: 272628
	Voluntary context switches: 1093
	Involuntary context switches: 128
	Swaps: 0
	File system inputs: 276344
	File system outputs: 16
	Socket messages sent: 0
	Socket messages received: 0
	Signals delivered: 0
	Page size (bytes): 4096
	Exit status: 0
