File /home/cc/datasets/landmark-nomic-768-normalized/base.fvecs loaded
Rows 760757 Cols 768
File /home/cc/datasets/landmark-nomic-768-normalized/query.fvecs loaded
Rows 100 Cols 768
File /home/cc/datasets/landmark-nomic-768-normalized/groundtruth.ivecs loaded
Rows 100 Cols 100
FhtKacRotator is selected
Setting entry_point to 243818
	Vectors Copied
Supplementing edges...
Supplementing finished...
Indexing time 905.36 secs
EF	QPS	Recall
10	14914.5	0.3217
20	13068.4	0.3567
40	11034.9	0.4111
50	10517.8	0.4365
60	10069.2	0.4608
80	9089.62	0.5083
100	8377.71	0.56
150	6810.54	0.6756
170	6353.02	0.7158
190	5930.13	0.7535
200	5792.68	0.7665
250	5053.39	0.8415
300	4414.87	0.8899
400	3483.72	0.9427
500	2910.57	0.9659
600	2423.99	0.9788
700	2091.49	0.9855
800	1840.3	0.9899
1500	921.651	0.9989
	Command being timed: "./bin/symqg_indexing /home/cc/datasets/landmark-nomic-768-normalized/base.fvecs /home/cc/datasets/landmark-nomic-768-normalized/query.fvecs /home/cc/datasets/landmark-nomic-768-normalized/groundtruth.ivecs 64 128"
	User time (seconds): 904.13
	System time (seconds): 4.43
	Percent of CPU this job got: 99%
	Elapsed (wall clock) time (h:mm:ss or m:ss): 15:08.58
	Average shared text size (kbytes): 0
	Average unshared data size (kbytes): 0
	Average stack size (kbytes): 0
	Average total size (kbytes): 0
	Maximum resident set size (kbytes): 12374656
	Average resident set size (kbytes): 0
	Major (requiring I/O) page faults: 0
	Minor (reclaiming a frame) page faults: 1473331
	Voluntary context switches: 1
	Involuntary context switches: 590
	Swaps: 0
	File system inputs: 0
	File system outputs: 16
	Socket messages sent: 0
	Socket messages received: 0
	Signals delivered: 0
	Page size (bytes): 4096
	Exit status: 0
