File /home/cc/datasets/trevi/base.fvecs loaded
Rows 99900 Cols 4096
File /home/cc/datasets/trevi/query.fvecs loaded
Rows 200 Cols 4096
File /home/cc/datasets/trevi/groundtruth.ivecs loaded
Rows 200 Cols 20
FhtKacRotator is selected
dimension of vector is too big
Command exited with non-zero status 1
	Command being timed: "./bin/symqg_indexing /home/cc/datasets/trevi/base.fvecs /home/cc/datasets/trevi/query.fvecs /home/cc/datasets/trevi/groundtruth.ivecs 96 192"
	User time (seconds): 0.10
	System time (seconds): 1.23
	Percent of CPU this job got: 25%
	Elapsed (wall clock) time (h:mm:ss or m:ss): 0:05.23
	Average shared text size (kbytes): 0
	Average unshared data size (kbytes): 0
	Average stack size (kbytes): 0
	Average total size (kbytes): 0
	Maximum resident set size (kbytes): 1605120
	Average resident set size (kbytes): 0
	Major (requiring I/O) page faults: 0
	Minor (reclaiming a frame) page faults: 400574
	Voluntary context switches: 17203
	Involuntary context switches: 2
	Swaps: 0
	File system inputs: 504384
	File system outputs: 8
	Socket messages sent: 0
	Socket messages received: 0
	Signals delivered: 0
	Page size (bytes): 4096
	Exit status: 1
