File /home/cc/datasets/lendb/base.fvecs loaded
Rows 1000000 Cols 256
File /home/cc/datasets/lendb/query.fvecs loaded
Rows 100 Cols 256
File /home/cc/datasets/lendb/groundtruth.ivecs loaded
Rows 100 Cols 100
FhtKacRotator is selected
Setting entry_point to 721860
	Vectors Copied
Supplementing edges...
Supplementing finished...
Indexing time 634.219 secs
EF	QPS	Recall
10	25714.8	0.314
20	22077.7	0.3506
40	17968.1	0.4161
50	17119.2	0.444
60	16190.9	0.4719
80	14422.6	0.5238
100	12971.6	0.5815
150	9959.3	0.7265
170	9188.15	0.7714
190	8557.97	0.8163
200	8264.45	0.8354
250	7095.94	0.9131
300	5945.54	0.9544
400	4570.92	0.9837
500	3710.29	0.9912
600	3039.73	0.993
700	2607.44	0.9935
800	2258.91	0.9939
1500	1097.19	0.995
	Command being timed: "./bin/symqg_indexing /home/cc/datasets/lendb/base.fvecs /home/cc/datasets/lendb/query.fvecs /home/cc/datasets/lendb/groundtruth.ivecs 64 128"
	User time (seconds): 633.08
	System time (seconds): 3.15
	Percent of CPU this job got: 99%
	Elapsed (wall clock) time (h:mm:ss or m:ss): 10:36.24
	Average shared text size (kbytes): 0
	Average unshared data size (kbytes): 0
	Average stack size (kbytes): 0
	Average total size (kbytes): 0
	Maximum resident set size (kbytes): 8263524
	Average resident set size (kbytes): 0
	Major (requiring I/O) page faults: 0
	Minor (reclaiming a frame) page faults: 1251490
	Voluntary context switches: 1
	Involuntary context switches: 395
	Swaps: 0
	File system inputs: 0
	File system outputs: 16
	Socket messages sent: 0
	Socket messages received: 0
	Signals delivered: 0
	Page size (bytes): 4096
	Exit status: 0
