File /home/cc/datasets/Meier2019JGR/base.fvecs loaded
Rows 1000000 Cols 256
File /home/cc/datasets/Meier2019JGR/query.fvecs loaded
Rows 300 Cols 256
File /home/cc/datasets/Meier2019JGR/groundtruth.ivecs loaded
Rows 300 Cols 100
FhtKacRotator is selected
Setting entry_point to 591855
	Vectors Copied
Supplementing edges...
Supplementing finished...
Indexing time 447.316 secs
EF	QPS	Recall
10	37019.6	0.2826
20	33425.9	0.3136
40	27001.3	0.352367
50	25036.1	0.368267
60	23256.2	0.3856
80	19738.4	0.419533
100	17559.9	0.447267
150	13365.3	0.520867
170	12092.1	0.554
190	11333.1	0.581767
200	10901.3	0.5978
250	9264.9	0.655133
300	7753.04	0.7117
400	5958.79	0.7913
500	4828.54	0.842433
600	3927.54	0.873767
700	3318.15	0.8926
800	2861.44	0.905267
1500	1309.28	0.941033
	Command being timed: "./bin/symqg_indexing /home/cc/datasets/Meier2019JGR/base.fvecs /home/cc/datasets/Meier2019JGR/query.fvecs /home/cc/datasets/Meier2019JGR/groundtruth.ivecs 32 128"
	User time (seconds): 448.35
	System time (seconds): 2.53
	Percent of CPU this job got: 99%
	Elapsed (wall clock) time (h:mm:ss or m:ss): 7:30.89
	Average shared text size (kbytes): 0
	Average unshared data size (kbytes): 0
	Average stack size (kbytes): 0
	Average total size (kbytes): 0
	Maximum resident set size (kbytes): 6387676
	Average resident set size (kbytes): 0
	Major (requiring I/O) page faults: 0
	Minor (reclaiming a frame) page faults: 1148431
	Voluntary context switches: 1
	Involuntary context switches: 292
	Swaps: 0
	File system inputs: 0
	File system outputs: 16
	Socket messages sent: 0
	Socket messages received: 0
	Signals delivered: 0
	Page size (bytes): 4096
	Exit status: 0
