File /home/cc/datasets/stead/base.fvecs loaded
Rows 1000000 Cols 256
File /home/cc/datasets/stead/query.fvecs loaded
Rows 100 Cols 256
File /home/cc/datasets/stead/groundtruth.ivecs loaded
Rows 100 Cols 100
FhtKacRotator is selected
Setting entry_point to 43644
	Vectors Copied
Supplementing edges...
Supplementing finished...
Indexing time 1525.15 secs
EF	QPS	Recall
10	21803.6	0.1635
20	17716.3	0.2007
40	12482	0.2776
50	11076.3	0.3048
60	10128.5	0.3237
80	8565.11	0.365
100	7627.51	0.3999
150	5542.6	0.4723
170	5068.1	0.4917
190	4676.47	0.5128
200	4480.75	0.5212
250	3733.19	0.5574
300	3157.22	0.5837
400	2373.35	0.63
500	1939.93	0.6575
600	1608.28	0.6748
700	1393.57	0.6876
800	1208.59	0.6988
1500	584.548	0.754
	Command being timed: "./bin/symqg_indexing /home/cc/datasets/stead/base.fvecs /home/cc/datasets/stead/query.fvecs /home/cc/datasets/stead/groundtruth.ivecs 128 256"
	User time (seconds): 1515.69
	System time (seconds): 12.70
	Percent of CPU this job got: 99%
	Elapsed (wall clock) time (h:mm:ss or m:ss): 25:29.41
	Average shared text size (kbytes): 0
	Average unshared data size (kbytes): 0
	Average stack size (kbytes): 0
	Average total size (kbytes): 0
	Maximum resident set size (kbytes): 12019740
	Average resident set size (kbytes): 0
	Major (requiring I/O) page faults: 0
	Minor (reclaiming a frame) page faults: 2389925
	Voluntary context switches: 4928
	Involuntary context switches: 830
	Swaps: 0
	File system inputs: 295472
	File system outputs: 16
	Socket messages sent: 0
	Socket messages received: 0
	Signals delivered: 0
	Page size (bytes): 4096
	Exit status: 0
