File /home/cc/datasets/seismic1m/base.fvecs loaded
Rows 1000000 Cols 256
File /home/cc/datasets/seismic1m/query.fvecs loaded
Rows 100 Cols 256
File /home/cc/datasets/seismic1m/groundtruth.ivecs loaded
Rows 100 Cols 100
FhtKacRotator is selected
Setting entry_point to 661549
	Vectors Copied
Supplementing edges...
Supplementing finished...
Indexing time 878.239 secs
EF	QPS	Recall
10	45332.5	0.123
20	36350.7	0.1554
40	27638.4	0.2073
50	24225.7	0.2259
60	21320.1	0.2445
80	16702.9	0.294
100	13846.1	0.332
150	9171.58	0.4004
170	8077.65	0.4243
190	7468.97	0.4462
200	7122.86	0.4533
250	5667.67	0.4926
300	4459.93	0.519
400	3297.43	0.5543
500	2568.06	0.5699
600	2080.81	0.5918
700	1751.13	0.6031
800	1523.23	0.61
1500	677.904	0.6613
	Command being timed: "./bin/symqg_indexing /home/cc/datasets/seismic1m/base.fvecs /home/cc/datasets/seismic1m/query.fvecs /home/cc/datasets/seismic1m/groundtruth.ivecs 64 128"
	User time (seconds): 877.08
	System time (seconds): 3.60
	Percent of CPU this job got: 99%
	Elapsed (wall clock) time (h:mm:ss or m:ss): 14:40.71
	Average shared text size (kbytes): 0
	Average unshared data size (kbytes): 0
	Average stack size (kbytes): 0
	Average total size (kbytes): 0
	Maximum resident set size (kbytes): 8377208
	Average resident set size (kbytes): 0
	Major (requiring I/O) page faults: 0
	Minor (reclaiming a frame) page faults: 1451576
	Voluntary context switches: 1
	Involuntary context switches: 642
	Swaps: 0
	File system inputs: 0
	File system outputs: 16
	Socket messages sent: 0
	Socket messages received: 0
	Signals delivered: 0
	Page size (bytes): 4096
	Exit status: 0
