File /home/cc/datasets/deep/base.fvecs loaded
Rows 1000000 Cols 256
File /home/cc/datasets/deep/query.fvecs loaded
Rows 200 Cols 256
File /home/cc/datasets/deep/groundtruth.ivecs loaded
Rows 200 Cols 20
FhtKacRotator is selected
Setting entry_point to 742847
	Vectors Copied
Supplementing edges...
Supplementing finished...
Indexing time 1578.58 secs
EF	QPS	Recall
10	28709.6	0.4595
20	29984	0.5895
40	18505	0.771
50	15559.1	0.82275
60	13320.9	0.86425
80	10401.3	0.9085
100	8679.66	0.93425
150	6089.62	0.9685
170	5456.26	0.97325
190	4974.44	0.97825
200	4771.28	0.98075
250	3912.95	0.987
300	3243.67	0.992
400	2462.77	0.99475
500	1989.45	0.9965
600	1653.31	0.99725
700	1431.96	0.998
800	1254.39	0.99825
1500	599.993	1
	Command being timed: "./bin/symqg_indexing /home/cc/datasets/deep/base.fvecs /home/cc/datasets/deep/query.fvecs /home/cc/datasets/deep/groundtruth.ivecs 128 256"
	User time (seconds): 1578.45
	System time (seconds): 4.98
	Percent of CPU this job got: 99%
	Elapsed (wall clock) time (h:mm:ss or m:ss): 26:23.45
	Average shared text size (kbytes): 0
	Average unshared data size (kbytes): 0
	Average stack size (kbytes): 0
	Average total size (kbytes): 0
	Maximum resident set size (kbytes): 12016336
	Average resident set size (kbytes): 0
	Major (requiring I/O) page faults: 0
	Minor (reclaiming a frame) page faults: 2013889
	Voluntary context switches: 2
	Involuntary context switches: 814
	Swaps: 0
	File system inputs: 0
	File system outputs: 16
	Socket messages sent: 0
	Socket messages received: 0
	Signals delivered: 0
	Page size (bytes): 4096
	Exit status: 0
