File /home/cc/datasets/netflix/base.fvecs loaded
Rows 17770 Cols 300
File /home/cc/datasets/netflix/query.fvecs loaded
Rows 1000 Cols 300
File /home/cc/datasets/netflix/groundtruth.ivecs loaded
Rows 1000 Cols 100
FhtKacRotator is selected
Setting entry_point to 12892
	Vectors Copied
Supplementing edges...
Supplementing finished...
Indexing time 41.4204 secs
EF	QPS	Recall
10	31657.5	0.53443
20	25790.4	0.54513
40	19078.4	0.56392
50	17449.3	0.57334
60	15835.2	0.5819
80	13122.5	0.59908
100	11564.4	0.61481
150	9023.75	0.65262
170	8390.28	0.6674
190	7893.51	0.68161
200	7678.39	0.68881
250	6655.23	0.72198
300	5738.56	0.75208
400	4611.75	0.808
500	3864.91	0.85518
600	3257.88	0.89427
700	2856.27	0.92455
800	2525.89	0.94888
1500	1311.35	0.9985
	Command being timed: "./bin/symqg_indexing /home/cc/datasets/netflix/base.fvecs /home/cc/datasets/netflix/query.fvecs /home/cc/datasets/netflix/groundtruth.ivecs 128 256"
	User time (seconds): 52.12
	System time (seconds): 0.10
	Percent of CPU this job got: 99%
	Elapsed (wall clock) time (h:mm:ss or m:ss): 0:52.38
	Average shared text size (kbytes): 0
	Average unshared data size (kbytes): 0
	Average stack size (kbytes): 0
	Average total size (kbytes): 0
	Maximum resident set size (kbytes): 246648
	Average resident set size (kbytes): 0
	Major (requiring I/O) page faults: 0
	Minor (reclaiming a frame) page faults: 36072
	Voluntary context switches: 176
	Involuntary context switches: 60
	Swaps: 0
	File system inputs: 3368
	File system outputs: 16
	Socket messages sent: 0
	Socket messages received: 0
	Signals delivered: 0
	Page size (bytes): 4096
	Exit status: 0
