File /home/cc/datasets/OBST2024/base.fvecs loaded
Rows 1000000 Cols 256
File /home/cc/datasets/OBST2024/query.fvecs loaded
Rows 300 Cols 256
File /home/cc/datasets/OBST2024/groundtruth.ivecs loaded
Rows 300 Cols 100
FhtKacRotator is selected
Setting entry_point to 654050
	Vectors Copied
Supplementing edges...
Supplementing finished...
Indexing time 304.381 secs
EF	QPS	Recall
10	56548.7	0.0652333
20	46418.3	0.108133
40	31609.6	0.195233
50	27707.1	0.2271
60	25101.8	0.2587
80	20029.2	0.307167
100	17340.8	0.3464
150	12652.6	0.420733
170	11140.9	0.442067
190	10667.7	0.459567
200	10239.1	0.469
250	8504.6	0.508733
300	7094	0.5278
400	5442.86	0.553867
500	4334.67	0.5819
600	3424.86	0.6104
700	2779.08	0.651333
800	2325.7	0.6742
1500	980.661	0.742633
	Command being timed: "./bin/symqg_indexing /home/cc/datasets/OBST2024/base.fvecs /home/cc/datasets/OBST2024/query.fvecs /home/cc/datasets/OBST2024/groundtruth.ivecs 32 64"
	User time (seconds): 305.94
	System time (seconds): 2.96
	Percent of CPU this job got: 98%
	Elapsed (wall clock) time (h:mm:ss or m:ss): 5:14.45
	Average shared text size (kbytes): 0
	Average unshared data size (kbytes): 0
	Average stack size (kbytes): 0
	Average total size (kbytes): 0
	Maximum resident set size (kbytes): 6389032
	Average resident set size (kbytes): 0
	Major (requiring I/O) page faults: 0
	Minor (reclaiming a frame) page faults: 1111918
	Voluntary context switches: 8979
	Involuntary context switches: 384
	Swaps: 0
	File system inputs: 400616
	File system outputs: 16
	Socket messages sent: 0
	Socket messages received: 0
	Signals delivered: 0
	Page size (bytes): 4096
	Exit status: 0
