File /home/cc/datasets/sift/base.fvecs loaded
Rows 1000000 Cols 128
File /home/cc/datasets/sift/query.fvecs loaded
Rows 10000 Cols 128
File /home/cc/datasets/sift/groundtruth.ivecs loaded
Rows 10000 Cols 100
FhtKacRotator is selected
Setting entry_point to 123742
	Vectors Copied
Supplementing edges...
Supplementing finished...
Indexing time 407.806 secs
EF	QPS	Recall
10	41930.5	0.275282
20	35200	0.326193
40	26893.9	0.413598
50	24762.4	0.451471
60	22378.3	0.489591
80	18836.9	0.558197
100	16808	0.619312
150	12232.7	0.742145
170	11109.2	0.781332
190	10118.4	0.81487
200	9684.25	0.829712
250	7978.61	0.887052
300	6630.28	0.923848
400	5012.23	0.962829
500	4037.29	0.979625
600	3293.36	0.987518
700	2822.65	0.991784
800	2442.73	0.994328
1500	1190.96	0.998978
	Command being timed: "./bin/symqg_indexing /home/cc/datasets/sift/base.fvecs /home/cc/datasets/sift/query.fvecs /home/cc/datasets/sift/groundtruth.ivecs 32 128"
	User time (seconds): 507.42
	System time (seconds): 2.20
	Percent of CPU this job got: 99%
	Elapsed (wall clock) time (h:mm:ss or m:ss): 8:29.63
	Average shared text size (kbytes): 0
	Average unshared data size (kbytes): 0
	Average stack size (kbytes): 0
	Average total size (kbytes): 0
	Maximum resident set size (kbytes): 4907768
	Average resident set size (kbytes): 0
	Major (requiring I/O) page faults: 0
	Minor (reclaiming a frame) page faults: 1036927
	Voluntary context switches: 1
	Involuntary context switches: 375
	Swaps: 0
	File system inputs: 0
	File system outputs: 16
	Socket messages sent: 0
	Socket messages received: 0
	Signals delivered: 0
	Page size (bytes): 4096
	Exit status: 0
