File /home/cc/datasets/notre/base.fvecs loaded
Rows 332668 Cols 128
File /home/cc/datasets/notre/query.fvecs loaded
Rows 200 Cols 128
File /home/cc/datasets/notre/groundtruth.ivecs loaded
Rows 200 Cols 20
FhtKacRotator is selected
Setting entry_point to 65892
	Vectors Copied
Supplementing edges...
Supplementing finished...
Indexing time 161.05 secs
EF	QPS	Recall
10	66229.3	0.56925
20	53170.4	0.685
40	36474.6	0.83925
50	31978.8	0.89025
60	27625	0.9225
80	21545.8	0.961
100	18335.4	0.97575
150	12660.8	0.99075
170	11551	0.99225
190	10524.7	0.9935
200	9968.84	0.99425
250	8216.77	0.99575
300	6845.92	0.9965
400	5175.5	0.998
500	4152.72	0.999
600	3355.35	0.999
700	2836.34	0.99925
800	2461.26	0.9995
1500	1131.24	1
	Command being timed: "./bin/symqg_indexing /home/cc/datasets/notre/base.fvecs /home/cc/datasets/notre/query.fvecs /home/cc/datasets/notre/groundtruth.ivecs 64 128"
	User time (seconds): 162.40
	System time (seconds): 0.79
	Percent of CPU this job got: 99%
	Elapsed (wall clock) time (h:mm:ss or m:ss): 2:43.20
	Average shared text size (kbytes): 0
	Average unshared data size (kbytes): 0
	Average stack size (kbytes): 0
	Average total size (kbytes): 0
	Maximum resident set size (kbytes): 2087060
	Average resident set size (kbytes): 0
	Major (requiring I/O) page faults: 0
	Minor (reclaiming a frame) page faults: 354827
	Voluntary context switches: 3
	Involuntary context switches: 208
	Swaps: 0
	File system inputs: 0
	File system outputs: 16
	Socket messages sent: 0
	Socket messages received: 0
	Signals delivered: 0
	Page size (bytes): 4096
	Exit status: 0
