File /home/cc/datasets/millionSong/base.fvecs loaded
Rows 992272 Cols 420
File /home/cc/datasets/millionSong/query.fvecs loaded
Rows 200 Cols 420
File /home/cc/datasets/millionSong/groundtruth.ivecs loaded
Rows 200 Cols 20
FhtKacRotator is selected
Setting entry_point to 650206
	Vectors Copied
Supplementing edges...
Supplementing finished...
Indexing time 887.815 secs
EF	QPS	Recall
10	33205.2	0.52725
20	32863.6	0.69875
40	21420.4	0.886
50	18419.3	0.92475
60	16126.3	0.9475
80	12843.9	0.96825
100	10877.2	0.9785
150	7855.33	0.98925
170	7104.9	0.99175
190	6522.12	0.99275
200	6231.26	0.99375
250	5202.33	0.99625
300	4349.45	0.9975
400	3356.5	0.99875
500	2736.73	0.999
600	2267.12	0.99925
700	1948.03	0.9995
800	1701.29	0.9995
1500	846.199	0.99975
	Command being timed: "./bin/symqg_indexing /home/cc/datasets/millionSong/base.fvecs /home/cc/datasets/millionSong/query.fvecs /home/cc/datasets/millionSong/groundtruth.ivecs 64 128"
	User time (seconds): 886.79
	System time (seconds): 5.95
	Percent of CPU this job got: 99%
	Elapsed (wall clock) time (h:mm:ss or m:ss): 14:58.94
	Average shared text size (kbytes): 0
	Average unshared data size (kbytes): 0
	Average stack size (kbytes): 0
	Average total size (kbytes): 0
	Maximum resident set size (kbytes): 10957460
	Average resident set size (kbytes): 0
	Major (requiring I/O) page faults: 0
	Minor (reclaiming a frame) page faults: 1559239
	Voluntary context switches: 11841
	Involuntary context switches: 2032
	Swaps: 0
	File system inputs: 1721728
	File system outputs: 16
	Socket messages sent: 0
	Socket messages received: 0
	Signals delivered: 0
	Page size (bytes): 4096
	Exit status: 0
