File /home/cc/datasets/sun/base.fvecs loaded
Rows 79106 Cols 512
File /home/cc/datasets/sun/query.fvecs loaded
Rows 200 Cols 512
File /home/cc/datasets/sun/groundtruth.ivecs loaded
Rows 200 Cols 20
FhtKacRotator is selected
Setting entry_point to 39142
	Vectors Copied
Supplementing edges...
Supplementing finished...
Indexing time 36.7245 secs
EF	QPS	Recall
10	49617.9	0.49375
20	47322.5	0.66125
40	29709.1	0.8505
50	24703	0.886
60	21982.8	0.91675
80	17060.6	0.949
100	14330.6	0.9625
150	10060.1	0.982
170	9034.8	0.987
190	8262.58	0.98975
200	7903.35	0.99125
250	6495.09	0.99425
300	5431.91	0.996
400	4166.49	0.99725
500	3328.81	0.998
600	2773.86	0.9985
700	2381.69	0.99875
800	2075.7	0.99925
1500	1037.8	0.99975
	Command being timed: "./bin/symqg_indexing /home/cc/datasets/sun/base.fvecs /home/cc/datasets/sun/query.fvecs /home/cc/datasets/sun/groundtruth.ivecs 32 64"
	User time (seconds): 38.87
	System time (seconds): 0.30
	Percent of CPU this job got: 99%
	Elapsed (wall clock) time (h:mm:ss or m:ss): 0:39.18
	Average shared text size (kbytes): 0
	Average unshared data size (kbytes): 0
	Average stack size (kbytes): 0
	Average total size (kbytes): 0
	Maximum resident set size (kbytes): 748232
	Average resident set size (kbytes): 0
	Major (requiring I/O) page faults: 0
	Minor (reclaiming a frame) page faults: 102153
	Voluntary context switches: 1
	Involuntary context switches: 52
	Swaps: 0
	File system inputs: 0
	File system outputs: 16
	Socket messages sent: 0
	Socket messages received: 0
	Signals delivered: 0
	Page size (bytes): 4096
	Exit status: 0
