File /home/cc/datasets/word2vec/base.fvecs loaded
Rows 1000000 Cols 300
File /home/cc/datasets/word2vec/query.fvecs loaded
Rows 1000 Cols 300
File /home/cc/datasets/word2vec/groundtruth.ivecs loaded
Rows 1000 Cols 100
FhtKacRotator is selected
Setting entry_point to 249878
	Vectors Copied
Supplementing edges...
Supplementing finished...
Indexing time 1358.65 secs
EF	QPS	Recall
10	24164.3	0.15819
20	18549.7	0.2292
40	13154.7	0.33281
50	11661.9	0.37213
60	10498.3	0.40856
80	8688.21	0.46948
100	7716.05	0.51825
150	5877.68	0.60745
170	5311.29	0.63659
190	4831.89	0.66175
200	4635.2	0.67316
250	3845.77	0.71976
300	3213.6	0.75468
400	2457.14	0.80205
500	1998.82	0.83281
600	1641.14	0.85473
700	1413.46	0.87106
800	1237.05	0.8846
1500	601.264	0.9307
	Command being timed: "./bin/symqg_indexing /home/cc/datasets/word2vec/base.fvecs /home/cc/datasets/word2vec/query.fvecs /home/cc/datasets/word2vec/groundtruth.ivecs 96 192"
	User time (seconds): 1372.79
	System time (seconds): 6.97
	Percent of CPU this job got: 99%
	Elapsed (wall clock) time (h:mm:ss or m:ss): 23:02.72
	Average shared text size (kbytes): 0
	Average unshared data size (kbytes): 0
	Average stack size (kbytes): 0
	Average total size (kbytes): 0
	Maximum resident set size (kbytes): 11217336
	Average resident set size (kbytes): 0
	Major (requiring I/O) page faults: 0
	Minor (reclaiming a frame) page faults: 1449179
	Voluntary context switches: 12039
	Involuntary context switches: 18875
	Swaps: 0
	File system inputs: 1774064
	File system outputs: 16
	Socket messages sent: 0
	Socket messages received: 0
	Signals delivered: 0
	Page size (bytes): 4096
	Exit status: 0
