File /home/cc/datasets/txed/base.fvecs loaded
Rows 519589 Cols 256
File /home/cc/datasets/txed/query.fvecs loaded
Rows 100 Cols 256
File /home/cc/datasets/txed/groundtruth.ivecs loaded
Rows 100 Cols 100
FhtKacRotator is selected
Setting entry_point to 29486
	Vectors Copied
Supplementing edges...
Supplementing finished...
Indexing time 337.412 secs
EF	QPS	Recall
10	25704.9	0.1215
20	21660.3	0.1727
40	17454.2	0.24
50	15698.6	0.2643
60	14173.4	0.2887
80	11745.7	0.3339
100	10231.6	0.3716
150	7449.02	0.4376
170	6743.12	0.4562
190	6094.07	0.4732
200	5891.56	0.4819
250	4872.54	0.5188
300	4032.48	0.5471
400	3052.47	0.5946
500	2483.7	0.6266
600	2020.62	0.6497
700	1711.51	0.6659
800	1503.71	0.6854
1500	689.938	0.7508
	Command being timed: "./bin/symqg_indexing /home/cc/datasets/txed/base.fvecs /home/cc/datasets/txed/query.fvecs /home/cc/datasets/txed/groundtruth.ivecs 64 128"
	User time (seconds): 337.98
	System time (seconds): 2.01
	Percent of CPU this job got: 99%
	Elapsed (wall clock) time (h:mm:ss or m:ss): 5:43.34
	Average shared text size (kbytes): 0
	Average unshared data size (kbytes): 0
	Average stack size (kbytes): 0
	Average total size (kbytes): 0
	Maximum resident set size (kbytes): 4296260
	Average resident set size (kbytes): 0
	Major (requiring I/O) page faults: 0
	Minor (reclaiming a frame) page faults: 635000
	Voluntary context switches: 4347
	Involuntary context switches: 291
	Swaps: 0
	File system inputs: 156288
	File system outputs: 16
	Socket messages sent: 0
	Socket messages received: 0
	Signals delivered: 0
	Page size (bytes): 4096
	Exit status: 0
