File /home/cc/datasets/instancegm/base.fvecs loaded
Rows 1000000 Cols 128
File /home/cc/datasets/instancegm/query.fvecs loaded
Rows 100 Cols 128
File /home/cc/datasets/instancegm/groundtruth.ivecs loaded
Rows 100 Cols 100
FhtKacRotator is selected
Setting entry_point to 897649
	Vectors Copied
Supplementing edges...
Supplementing finished...
Indexing time 267.717 secs
EF	QPS	Recall
10	33474.2	0.2682
20	26637.1	0.2986
40	21321.6	0.3466
50	18805.7	0.3627
60	18369.5	0.3775
80	15376.2	0.4076
100	14057.5	0.437
150	10684.8	0.5022
170	10060.1	0.5236
190	9585.53	0.5421
200	9073.45	0.551
250	7779.42	0.596
300	6813.2	0.6263
400	5484.55	0.674
500	4207.68	0.7102
600	3821.45	0.7353
700	3359.31	0.7462
800	2977.66	0.7583
1500	1547.58	0.797
	Command being timed: "./bin/symqg_indexing /home/cc/datasets/instancegm/base.fvecs /home/cc/datasets/instancegm/query.fvecs /home/cc/datasets/instancegm/groundtruth.ivecs 32 64"
	User time (seconds): 264.81
	System time (seconds): 5.32
	Percent of CPU this job got: 98%
	Elapsed (wall clock) time (h:mm:ss or m:ss): 4:33.45
	Average shared text size (kbytes): 0
	Average unshared data size (kbytes): 0
	Average stack size (kbytes): 0
	Average total size (kbytes): 0
	Maximum resident set size (kbytes): 4891064
	Average resident set size (kbytes): 0
	Major (requiring I/O) page faults: 0
	Minor (reclaiming a frame) page faults: 2346760
	Voluntary context switches: 4227
	Involuntary context switches: 453
	Swaps: 0
	File system inputs: 176168
	File system outputs: 16
	Socket messages sent: 0
	Socket messages received: 0
	Signals delivered: 0
	Page size (bytes): 4096
	Exit status: 0
