File /home/cc/datasets/space1V/base.fvecs loaded
Rows 1000000 Cols 100
File /home/cc/datasets/space1V/query.fvecs loaded
Rows 100 Cols 100
File /home/cc/datasets/space1V/groundtruth.ivecs loaded
Rows 100 Cols 100
FhtKacRotator is selected
Setting entry_point to 877910
	Vectors Copied
Supplementing edges...
Supplementing finished...
Indexing time 731.318 secs
EF	QPS	Recall
10	30981.2	0.1216
20	25633.6	0.1688
40	20699.3	0.2324
50	18075.8	0.2645
60	15852.9	0.2948
80	12891.5	0.344
100	11716.9	0.3797
150	7934.27	0.465
170	7136.25	0.4943
190	6562.42	0.5174
200	6300.17	0.5282
250	5030.07	0.5812
300	4309.38	0.6206
400	3180.1	0.6881
500	2569.46	0.7334
600	2039.89	0.7655
700	1732.67	0.7944
800	1487.69	0.8192
1500	673.332	0.9071
	Command being timed: "./bin/symqg_indexing /home/cc/datasets/space1V/base.fvecs /home/cc/datasets/space1V/query.fvecs /home/cc/datasets/space1V/groundtruth.ivecs 64 128"
	User time (seconds): 730.58
	System time (seconds): 2.99
	Percent of CPU this job got: 99%
	Elapsed (wall clock) time (h:mm:ss or m:ss): 12:14.44
	Average shared text size (kbytes): 0
	Average unshared data size (kbytes): 0
	Average stack size (kbytes): 0
	Average total size (kbytes): 0
	Maximum resident set size (kbytes): 6132308
	Average resident set size (kbytes): 0
	Major (requiring I/O) page faults: 0
	Minor (reclaiming a frame) page faults: 1280632
	Voluntary context switches: 3084
	Involuntary context switches: 559
	Swaps: 0
	File system inputs: 769888
	File system outputs: 16
	Socket messages sent: 0
	Socket messages received: 0
	Signals delivered: 0
	Page size (bytes): 4096
	Exit status: 0
