File /home/cc/datasets/gooaq-distilroberta-768-normalized/base.fvecs loaded
Rows 1000000 Cols 768
File /home/cc/datasets/gooaq-distilroberta-768-normalized/query.fvecs loaded
Rows 100 Cols 768
File /home/cc/datasets/gooaq-distilroberta-768-normalized/groundtruth.ivecs loaded
Rows 100 Cols 100
FhtKacRotator is selected
Setting entry_point to 330056
	Vectors Copied
Supplementing edges...
Supplementing finished...
Indexing time 779.93 secs
EF	QPS	Recall
10	17335.9	0.3524
20	16105.7	0.368
40	14108.3	0.4106
50	13463.9	0.4334
60	12731.5	0.4585
80	11460.1	0.507
100	10550.1	0.5587
150	8624.15	0.6734
170	8023.99	0.715
190	7464.61	0.7529
200	7285.07	0.7698
250	6206.2	0.8563
300	5288.3	0.9158
400	4072.59	0.9755
500	3295.73	0.9881
600	2708.78	0.9913
700	2312.7	0.9934
800	2010.78	0.9942
1500	985.036	0.9983
	Command being timed: "./bin/symqg_indexing /home/cc/datasets/gooaq-distilroberta-768-normalized/base.fvecs /home/cc/datasets/gooaq-distilroberta-768-normalized/query.fvecs /home/cc/datasets/gooaq-distilroberta-768-normalized/groundtruth.ivecs 32 64"
	User time (seconds): 775.64
	System time (seconds): 8.99
	Percent of CPU this job got: 98%
	Elapsed (wall clock) time (h:mm:ss or m:ss): 13:13.24
	Average shared text size (kbytes): 0
	Average unshared data size (kbytes): 0
	Average stack size (kbytes): 0
	Average total size (kbytes): 0
	Maximum resident set size (kbytes): 12398252
	Average resident set size (kbytes): 0
	Major (requiring I/O) page faults: 0
	Minor (reclaiming a frame) page faults: 3474052
	Voluntary context switches: 28126
	Involuntary context switches: 778
	Swaps: 0
	File system inputs: 1167984
	File system outputs: 16
	Socket messages sent: 0
	Socket messages received: 0
	Signals delivered: 0
	Page size (bytes): 4096
	Exit status: 0
