File /home/cc/datasets/Meier2019JGR/base.fvecs loaded
Rows 1000000 Cols 256
File /home/cc/datasets/Meier2019JGR/query.fvecs loaded
Rows 300 Cols 256
File /home/cc/datasets/Meier2019JGR/groundtruth.ivecs loaded
Rows 300 Cols 100
FhtKacRotator is selected
Setting entry_point to 591855
	Vectors Copied
Supplementing edges...
Supplementing finished...
Indexing time 315.426 secs
EF	QPS	Recall
10	37393.1	0.2614
20	30344.1	0.3176
40	24758.4	0.357633
50	22871.9	0.379033
60	21069.3	0.393667
80	17874.7	0.4231
100	16135.5	0.4487
150	12315.7	0.5201
170	11337.6	0.546
190	10507.7	0.569833
200	10140.6	0.5818
250	8634.1	0.6362
300	7266.85	0.686567
400	5629.5	0.767
500	4572.87	0.816833
600	3759.31	0.841933
700	3215.13	0.858867
800	2782.02	0.870467
1500	1313.64	0.906333
	Command being timed: "./bin/symqg_indexing /home/cc/datasets/Meier2019JGR/base.fvecs /home/cc/datasets/Meier2019JGR/query.fvecs /home/cc/datasets/Meier2019JGR/groundtruth.ivecs 32 64"
	User time (seconds): 316.53
	System time (seconds): 2.64
	Percent of CPU this job got: 99%
	Elapsed (wall clock) time (h:mm:ss or m:ss): 5:19.39
	Average shared text size (kbytes): 0
	Average unshared data size (kbytes): 0
	Average stack size (kbytes): 0
	Average total size (kbytes): 0
	Maximum resident set size (kbytes): 6386948
	Average resident set size (kbytes): 0
	Major (requiring I/O) page faults: 0
	Minor (reclaiming a frame) page faults: 1107897
	Voluntary context switches: 1378
	Involuntary context switches: 274
	Swaps: 0
	File system inputs: 37272
	File system outputs: 16
	Socket messages sent: 0
	Socket messages received: 0
	Signals delivered: 0
	Page size (bytes): 4096
	Exit status: 0
