File /home/cc/datasets/geofon/base.fvecs loaded
Rows 275174 Cols 128
File /home/cc/datasets/geofon/query.fvecs loaded
Rows 100 Cols 128
File /home/cc/datasets/geofon/groundtruth.ivecs loaded
Rows 100 Cols 100
FhtKacRotator is selected
Setting entry_point to 12081
	Vectors Copied
Supplementing edges...
Supplementing finished...
Indexing time 306.989 secs
EF	QPS	Recall
10	31421.1	0.4257
20	25300.1	0.4512
40	18034.3	0.4943
50	16784.3	0.5174
60	15108.9	0.5354
80	12588.3	0.5704
100	10723	0.6026
150	8556.75	0.6735
170	8002.69	0.6985
190	7440.54	0.7168
200	7276.41	0.7274
250	6314.05	0.7754
300	5392.04	0.8066
400	4293.29	0.8558
500	3599.62	0.8928
600	3022.94	0.9168
700	2624.65	0.9398
800	2303.49	0.954
1500	1173.73	0.9979
	Command being timed: "./bin/symqg_indexing /home/cc/datasets/geofon/base.fvecs /home/cc/datasets/geofon/query.fvecs /home/cc/datasets/geofon/groundtruth.ivecs 128 256"
	User time (seconds): 307.14
	System time (seconds): 1.17
	Percent of CPU this job got: 99%
	Elapsed (wall clock) time (h:mm:ss or m:ss): 5:08.33
	Average shared text size (kbytes): 0
	Average unshared data size (kbytes): 0
	Average stack size (kbytes): 0
	Average total size (kbytes): 0
	Maximum resident set size (kbytes): 2507856
	Average resident set size (kbytes): 0
	Major (requiring I/O) page faults: 0
	Minor (reclaiming a frame) page faults: 502376
	Voluntary context switches: 1
	Involuntary context switches: 281
	Swaps: 0
	File system inputs: 0
	File system outputs: 16
	Socket messages sent: 0
	Socket messages received: 0
	Signals delivered: 0
	Page size (bytes): 4096
	Exit status: 0
