File /home/cc/datasets/Iquique/base.fvecs loaded
Rows 578853 Cols 256
File /home/cc/datasets/Iquique/query.fvecs loaded
Rows 300 Cols 256
File /home/cc/datasets/Iquique/groundtruth.ivecs loaded
Rows 300 Cols 100
FhtKacRotator is selected
Setting entry_point to 420768
	Vectors Copied
Supplementing edges...
Supplementing finished...
Indexing time 677.942 secs
EF	QPS	Recall
10	27987.7	0.157233
20	21506.4	0.212267
40	14997.5	0.3014
50	13255.5	0.338933
60	11924.6	0.373633
80	9775.67	0.4332
100	8577.44	0.485233
150	6362.99	0.5818
170	5754.55	0.614833
190	5236.55	0.642
200	5026.14	0.654333
250	4122.85	0.708833
300	3442.61	0.746567
400	2606.05	0.7931
500	2083.17	0.821633
600	1716.1	0.841833
700	1480.03	0.856667
800	1284.17	0.868767
1500	603.163	0.908833
	Command being timed: "./bin/symqg_indexing /home/cc/datasets/Iquique/base.fvecs /home/cc/datasets/Iquique/query.fvecs /home/cc/datasets/Iquique/groundtruth.ivecs 96 192"
	User time (seconds): 681.72
	System time (seconds): 2.57
	Percent of CPU this job got: 99%
	Elapsed (wall clock) time (h:mm:ss or m:ss): 11:24.31
	Average shared text size (kbytes): 0
	Average unshared data size (kbytes): 0
	Average stack size (kbytes): 0
	Average total size (kbytes): 0
	Maximum resident set size (kbytes): 5876216
	Average resident set size (kbytes): 0
	Major (requiring I/O) page faults: 0
	Minor (reclaiming a frame) page faults: 914271
	Voluntary context switches: 1
	Involuntary context switches: 468
	Swaps: 0
	File system inputs: 0
	File system outputs: 16
	Socket messages sent: 0
	Socket messages received: 0
	Signals delivered: 0
	Page size (bytes): 4096
	Exit status: 0
