File /home/cc/datasets/netflix/base.fvecs loaded
Rows 17770 Cols 300
File /home/cc/datasets/netflix/query.fvecs loaded
Rows 1000 Cols 300
File /home/cc/datasets/netflix/groundtruth.ivecs loaded
Rows 1000 Cols 100
FhtKacRotator is selected
Setting entry_point to 12892
	Vectors Copied
Supplementing edges...
Supplementing finished...
Indexing time 13.1447 secs
EF	QPS	Recall
10	38597.5	0.51206
20	32774.6	0.52295
40	25459.9	0.54223
50	23073.7	0.55234
60	21307.2	0.5613
80	18214	0.5793
100	16292.7	0.59637
150	12927.1	0.63755
170	12010.6	0.65375
190	11294.6	0.67059
200	10913.1	0.67953
250	9412.67	0.7215
300	8055.37	0.76338
400	6436.47	0.84031
500	5367.16	0.90135
600	4458.43	0.9441
700	3862.34	0.97253
800	3391.2	0.98717
1500	1691.98	0.9995
	Command being timed: "./bin/symqg_indexing /home/cc/datasets/netflix/base.fvecs /home/cc/datasets/netflix/query.fvecs /home/cc/datasets/netflix/groundtruth.ivecs 64 128"
	User time (seconds): 21.10
	System time (seconds): 0.07
	Percent of CPU this job got: 99%
	Elapsed (wall clock) time (h:mm:ss or m:ss): 0:21.32
	Average shared text size (kbytes): 0
	Average unshared data size (kbytes): 0
	Average stack size (kbytes): 0
	Average total size (kbytes): 0
	Maximum resident set size (kbytes): 169276
	Average resident set size (kbytes): 0
	Major (requiring I/O) page faults: 0
	Minor (reclaiming a frame) page faults: 24444
	Voluntary context switches: 187
	Involuntary context switches: 37
	Swaps: 0
	File system inputs: 8432
	File system outputs: 16
	Socket messages sent: 0
	Socket messages received: 0
	Signals delivered: 0
	Page size (bytes): 4096
	Exit status: 0
