File /home/cc/datasets/imagenet-align-640-normalized/base.fvecs loaded
Rows 1000000 Cols 640
File /home/cc/datasets/imagenet-align-640-normalized/query.fvecs loaded
Rows 100 Cols 640
File /home/cc/datasets/imagenet-align-640-normalized/groundtruth.ivecs loaded
Rows 100 Cols 100
FhtKacRotator is selected
Setting entry_point to 65280
	Vectors Copied
Supplementing edges...
Supplementing finished...
Indexing time 589.955 secs
EF	QPS	Recall
10	19185.8	0.1657
20	16435	0.2314
40	13463.4	0.307
50	12517.6	0.3444
60	11615.4	0.3756
80	9917.39	0.4264
100	8845.02	0.4734
150	6397.07	0.5667
170	5778.14	0.6013
190	5262.21	0.6294
200	5051.9	0.6418
250	4163.86	0.6949
300	3455.52	0.7393
400	2660.2	0.796
500	2155.35	0.8343
600	1784.89	0.8582
700	1528.82	0.8749
800	1333.29	0.8895
1500	667.814	0.939
	Command being timed: "./bin/symqg_indexing /home/cc/datasets/imagenet-align-640-normalized/base.fvecs /home/cc/datasets/imagenet-align-640-normalized/query.fvecs /home/cc/datasets/imagenet-align-640-normalized/groundtruth.ivecs 32 64"
	User time (seconds): 589.37
	System time (seconds): 5.06
	Percent of CPU this job got: 99%
	Elapsed (wall clock) time (h:mm:ss or m:ss): 9:59.26
	Average shared text size (kbytes): 0
	Average unshared data size (kbytes): 0
	Average stack size (kbytes): 0
	Average total size (kbytes): 0
	Maximum resident set size (kbytes): 10888216
	Average resident set size (kbytes): 0
	Major (requiring I/O) page faults: 0
	Minor (reclaiming a frame) page faults: 1562044
	Voluntary context switches: 24841
	Involuntary context switches: 476
	Swaps: 0
	File system inputs: 4063888
	File system outputs: 16
	Socket messages sent: 0
	Socket messages received: 0
	Signals delivered: 0
	Page size (bytes): 4096
	Exit status: 0
