File /home/cc/datasets/yahoomusic/base.fvecs loaded
Rows 136736 Cols 300
File /home/cc/datasets/yahoomusic/query.fvecs loaded
Rows 100 Cols 300
File /home/cc/datasets/yahoomusic/groundtruth.ivecs loaded
Rows 100 Cols 100
FhtKacRotator is selected
Setting entry_point to 49796
	Vectors Copied
Supplementing edges...
Supplementing finished...
Indexing time 91.9759 secs
EF	QPS	Recall
10	25017.4	0.3105
20	22133.4	0.3403
40	18008.6	0.4062
50	17044.2	0.4305
60	15964	0.4506
80	14057.9	0.5005
100	12670.8	0.5456
150	9771.3	0.6619
170	9164.05	0.6976
190	8514.66	0.731
200	8254.71	0.7432
250	7078.88	0.8139
300	6028.48	0.8657
400	4723.05	0.9304
500	3890.48	0.9592
600	3199.81	0.9744
700	2747.17	0.9837
800	2409.22	0.9884
1500	1181.6	0.996
	Command being timed: "./bin/symqg_indexing /home/cc/datasets/yahoomusic/base.fvecs /home/cc/datasets/yahoomusic/query.fvecs /home/cc/datasets/yahoomusic/groundtruth.ivecs 64 128"
	User time (seconds): 92.40
	System time (seconds): 0.88
	Percent of CPU this job got: 99%
	Elapsed (wall clock) time (h:mm:ss or m:ss): 1:34.01
	Average shared text size (kbytes): 0
	Average unshared data size (kbytes): 0
	Average stack size (kbytes): 0
	Average total size (kbytes): 0
	Maximum resident set size (kbytes): 1254512
	Average resident set size (kbytes): 0
	Major (requiring I/O) page faults: 0
	Minor (reclaiming a frame) page faults: 285708
	Voluntary context switches: 1391
	Involuntary context switches: 281
	Swaps: 0
	File system inputs: 183224
	File system outputs: 16
	Socket messages sent: 0
	Socket messages received: 0
	Signals delivered: 0
	Page size (bytes): 4096
	Exit status: 0
