File /home/cc/datasets/cifar/base.fvecs loaded
Rows 50000 Cols 512
File /home/cc/datasets/cifar/query.fvecs loaded
Rows 200 Cols 512
File /home/cc/datasets/cifar/groundtruth.ivecs loaded
Rows 200 Cols 20
FhtKacRotator is selected
Setting entry_point to 9905
	Vectors Copied
Supplementing edges...
Supplementing finished...
Indexing time 44.6437 secs
EF	QPS	Recall
10	35330	0.535
20	36676.4	0.7115
40	24894.1	0.88925
50	21222.2	0.93175
60	18449.8	0.9535
80	14419.6	0.97475
100	12078.7	0.98475
150	8470.04	0.9945
170	7623.35	0.99575
190	6960.26	0.99725
200	6693.05	0.99725
250	5495.55	0.999
300	4588.6	0.999
400	3506.84	0.9995
500	2845.46	0.99975
600	2342.89	1
700	2015.08	1
800	1757.93	1
1500	878.956	1
	Command being timed: "./bin/symqg_indexing /home/cc/datasets/cifar/base.fvecs /home/cc/datasets/cifar/query.fvecs /home/cc/datasets/cifar/groundtruth.ivecs 64 128"
	User time (seconds): 47.25
	System time (seconds): 0.21
	Percent of CPU this job got: 99%
	Elapsed (wall clock) time (h:mm:ss or m:ss): 0:47.47
	Average shared text size (kbytes): 0
	Average unshared data size (kbytes): 0
	Average stack size (kbytes): 0
	Average total size (kbytes): 0
	Maximum resident set size (kbytes): 618088
	Average resident set size (kbytes): 0
	Major (requiring I/O) page faults: 0
	Minor (reclaiming a frame) page faults: 71988
	Voluntary context switches: 1
	Involuntary context switches: 68
	Swaps: 0
	File system inputs: 0
	File system outputs: 16
	Socket messages sent: 0
	Socket messages received: 0
	Signals delivered: 0
	Page size (bytes): 4096
	Exit status: 0
