File /home/cc/datasets/space1V/base.fvecs loaded
Rows 1000000 Cols 100
File /home/cc/datasets/space1V/query.fvecs loaded
Rows 100 Cols 100
File /home/cc/datasets/space1V/groundtruth.ivecs loaded
Rows 100 Cols 100
FhtKacRotator is selected
Setting entry_point to 877910
	Vectors Copied
Supplementing edges...
Supplementing finished...
Indexing time 1153.51 secs
EF	QPS	Recall
10	33677.7	0.1136
20	25367.9	0.1653
40	17375.7	0.2521
50	15056.3	0.2855
60	13627	0.3124
80	10994.3	0.3642
100	9664.12	0.4052
150	6923.49	0.4939
170	6195.54	0.5207
190	5694.01	0.5458
200	5377.39	0.5588
250	4468.79	0.614
300	3543.74	0.6568
400	2737.03	0.7177
500	2143.55	0.7678
600	1741.45	0.803
700	1483.91	0.8324
800	1280.26	0.8545
1500	586.023	0.9339
	Command being timed: "./bin/symqg_indexing /home/cc/datasets/space1V/base.fvecs /home/cc/datasets/space1V/query.fvecs /home/cc/datasets/space1V/groundtruth.ivecs 96 192"
	User time (seconds): 1152.33
	System time (seconds): 3.57
	Percent of CPU this job got: 99%
	Elapsed (wall clock) time (h:mm:ss or m:ss): 19:15.92
	Average shared text size (kbytes): 0
	Average unshared data size (kbytes): 0
	Average stack size (kbytes): 0
	Average total size (kbytes): 0
	Maximum resident set size (kbytes): 7460820
	Average resident set size (kbytes): 0
	Major (requiring I/O) page faults: 0
	Minor (reclaiming a frame) page faults: 1538679
	Voluntary context switches: 37
	Involuntary context switches: 659
	Swaps: 0
	File system inputs: 0
	File system outputs: 16
	Socket messages sent: 0
	Socket messages received: 0
	Signals delivered: 0
	Page size (bytes): 4096
	Exit status: 0
