File /home/cc/datasets/sift/base.fvecs loaded
Rows 1000000 Cols 128
File /home/cc/datasets/sift/query.fvecs loaded
Rows 10000 Cols 128
File /home/cc/datasets/sift/groundtruth.ivecs loaded
Rows 10000 Cols 100
FhtKacRotator is selected
Setting entry_point to 123742
	Vectors Copied
Supplementing edges...
Supplementing finished...
Indexing time 1055.79 secs
EF	QPS	Recall
10	31016.8	0.215858
20	24615.4	0.277571
40	17718.8	0.383158
50	15781.1	0.430058
60	14065	0.473961
80	11235.5	0.552167
100	9909.55	0.617409
150	7705.78	0.733593
170	6935.45	0.771117
190	6390.37	0.804086
200	6140.36	0.818472
250	5026.45	0.875219
300	4251.67	0.912838
400	3232.17	0.954702
500	2627.47	0.974326
600	2115.38	0.984492
700	1815.42	0.990122
800	1582.09	0.993262
1500	759.451	0.999154
	Command being timed: "./bin/symqg_indexing /home/cc/datasets/sift/base.fvecs /home/cc/datasets/sift/query.fvecs /home/cc/datasets/sift/groundtruth.ivecs 128 256"
	User time (seconds): 1209.06
	System time (seconds): 4.14
	Percent of CPU this job got: 99%
	Elapsed (wall clock) time (h:mm:ss or m:ss): 20:13.21
	Average shared text size (kbytes): 0
	Average unshared data size (kbytes): 0
	Average stack size (kbytes): 0
	Average total size (kbytes): 0
	Maximum resident set size (kbytes): 9026020
	Average resident set size (kbytes): 0
	Major (requiring I/O) page faults: 0
	Minor (reclaiming a frame) page faults: 1844885
	Voluntary context switches: 1
	Involuntary context switches: 604
	Swaps: 0
	File system inputs: 0
	File system outputs: 16
	Socket messages sent: 0
	Socket messages received: 0
	Signals delivered: 0
	Page size (bytes): 4096
	Exit status: 0
