File /home/cc/datasets/coco-nomic-768-normalized/base.fvecs loaded
Rows 282360 Cols 768
File /home/cc/datasets/coco-nomic-768-normalized/query.fvecs loaded
Rows 100 Cols 768
File /home/cc/datasets/coco-nomic-768-normalized/groundtruth.ivecs loaded
Rows 100 Cols 100
FhtKacRotator is selected
Setting entry_point to 57958
	Vectors Copied
Supplementing edges...
Supplementing finished...
Indexing time 918.532 secs
EF	QPS	Recall
10	10846.7	0.22
20	8132.06	0.2777
40	5766.51	0.3463
50	5025.03	0.3727
60	4524.52	0.3926
80	3868.77	0.4099
100	3550.5	0.3941
150	2546.89	0.4841
170	2296.85	0.5156
190	2080.67	0.5462
200	1998.8	0.5572
250	1640.22	0.615
300	1376.77	0.6613
400	1054.95	0.7244
500	858.509	0.7706
600	713.202	0.8029
700	615.534	0.8314
800	540.248	0.8516
1500	282.346	0.9221
	Command being timed: "./bin/symqg_indexing /home/cc/datasets/coco-nomic-768-normalized/base.fvecs /home/cc/datasets/coco-nomic-768-normalized/query.fvecs /home/cc/datasets/coco-nomic-768-normalized/groundtruth.ivecs 128 256"
	User time (seconds): 921.18
	System time (seconds): 2.56
	Percent of CPU this job got: 99%
	Elapsed (wall clock) time (h:mm:ss or m:ss): 15:23.75
	Average shared text size (kbytes): 0
	Average unshared data size (kbytes): 0
	Average stack size (kbytes): 0
	Average total size (kbytes): 0
	Maximum resident set size (kbytes): 6834800
	Average resident set size (kbytes): 0
	Major (requiring I/O) page faults: 0
	Minor (reclaiming a frame) page faults: 741139
	Voluntary context switches: 4
	Involuntary context switches: 500
	Swaps: 0
	File system inputs: 0
	File system outputs: 16
	Socket messages sent: 0
	Socket messages received: 0
	Signals delivered: 0
	Page size (bytes): 4096
	Exit status: 0
